INFO - 2024-12-05 09:22:43 --> Session: Class initialized using 'CodeIgniter\Session\Handlers\FileHandler' driver.
ERROR - 2024-12-05 09:23:00 --> Error connecting to the database: ErrorException: pg_connect(): Unable to connect to PostgreSQL server: could not translate host name &quot;woody.iut.univ-lehavre.fr&quot; to address: Name or service not known in /mnt/c/Users/utilisateur/Documents/GitHub/S501-Saiyans-Coaching/system/Database/Postgre/Connection.php:77
Stack trace:
#0 [internal function]: CodeIgniter\Debug\Exceptions->errorHandler()
#1 /mnt/c/Users/utilisateur/Documents/GitHub/S501-Saiyans-Coaching/system/Database/Postgre/Connection.php(77): pg_connect()
#2 /mnt/c/Users/utilisateur/Documents/GitHub/S501-Saiyans-Coaching/system/Database/BaseConnection.php(421): CodeIgniter\Database\Postgre\Connection->connect()
#3 /mnt/c/Users/utilisateur/Documents/GitHub/S501-Saiyans-Coaching/system/Database/BaseConnection.php(616): CodeIgniter\Database\BaseConnection->initialize()
#4 /mnt/c/Users/utilisateur/Documents/GitHub/S501-Saiyans-Coaching/system/Database/BaseBuilder.php(1644): CodeIgniter\Database\BaseConnection->query()
#5 /mnt/c/Users/utilisateur/Documents/GitHub/S501-Saiyans-Coaching/system/Model.php(330): CodeIgniter\Database\BaseBuilder->get()
#6 /mnt/c/Users/utilisateur/Documents/GitHub/S501-Saiyans-Coaching/system/BaseModel.php(714): CodeIgniter\Model->doFirst()
#7 /mnt/c/Users/utilisateur/Documents/GitHub/S501-Saiyans-Coaching/app/Controllers/AuthentificationController.php(34): CodeIgniter\BaseModel->first()
#8 /mnt/c/Users/utilisateur/Documents/GitHub/S501-Saiyans-Coaching/system/CodeIgniter.php(933): App\Controllers\AuthentificationController->connexion()
#9 /mnt/c/Users/utilisateur/Documents/GitHub/S501-Saiyans-Coaching/system/CodeIgniter.php(509): CodeIgniter\CodeIgniter->runController()
#10 /mnt/c/Users/utilisateur/Documents/GitHub/S501-Saiyans-Coaching/system/CodeIgniter.php(355): CodeIgniter\CodeIgniter->handleRequest()
#11 /mnt/c/Users/utilisateur/Documents/GitHub/S501-Saiyans-Coaching/system/Boot.php(325): CodeIgniter\CodeIgniter->run()
#12 /mnt/c/Users/utilisateur/Documents/GitHub/S501-Saiyans-Coaching/system/Boot.php(67): CodeIgniter\Boot::runCodeIgniter()
#13 /mnt/c/Users/utilisateur/Documents/GitHub/S501-Saiyans-Coaching/public/index.php(56): CodeIgniter\Boot::bootWeb()
#14 /mnt/c/Users/utilisateur/Documents/GitHub/S501-Saiyans-Coaching/system/rewrite.php(44): require_once('...')
#15 {main}
CRITICAL - 2024-12-05 09:23:01 --> CodeIgniter\Database\Exceptions\DatabaseException: Unable to connect to the database.
Main connection [Postgre]: pg_connect(): Unable to connect to PostgreSQL server: could not translate host name &quot;woody.iut.univ-lehavre.fr&quot; to address: Name or service not known
[Method: POST, Route: authentification/connexion]
in SYSTEMPATH/Database/BaseConnection.php on line 467.
 1 SYSTEMPATH/Database/BaseConnection.php(616): CodeIgniter\Database\BaseConnection->initialize()
 2 SYSTEMPATH/Database/BaseBuilder.php(1644): CodeIgniter\Database\BaseConnection->query()
 3 SYSTEMPATH/Model.php(330): CodeIgniter\Database\BaseBuilder->get()
 4 SYSTEMPATH/BaseModel.php(714): CodeIgniter\Model->doFirst()
 5 APPPATH/Controllers/AuthentificationController.php(34): CodeIgniter\BaseModel->first()
 6 SYSTEMPATH/CodeIgniter.php(933): App\Controllers\AuthentificationController->connexion()
 7 SYSTEMPATH/CodeIgniter.php(509): CodeIgniter\CodeIgniter->runController()
 8 SYSTEMPATH/CodeIgniter.php(355): CodeIgniter\CodeIgniter->handleRequest()
 9 SYSTEMPATH/Boot.php(325): CodeIgniter\CodeIgniter->run()
10 SYSTEMPATH/Boot.php(67): CodeIgniter\Boot::runCodeIgniter()
11 FCPATH/index.php(56): CodeIgniter\Boot::bootWeb()
12 SYSTEMPATH/rewrite.php(44): require_once('/mnt/c/Users/utilisateur/Documents/GitHub/S501-Saiyans-Coaching/public/index.php')
INFO - 2024-12-05 09:24:30 --> Session: Class initialized using 'CodeIgniter\Session\Handlers\FileHandler' driver.
INFO - 2024-12-05 09:24:37 --> Session: Class initialized using 'CodeIgniter\Session\Handlers\FileHandler' driver.
INFO - 2024-12-05 09:25:49 --> Session: Class initialized using 'CodeIgniter\Session\Handlers\FileHandler' driver.
INFO - 2024-12-05 09:25:52 --> Session: Class initialized using 'CodeIgniter\Session\Handlers\FileHandler' driver.
INFO - 2024-12-05 09:26:28 --> Session: Class initialized using 'CodeIgniter\Session\Handlers\FileHandler' driver.
INFO - 2024-12-05 09:26:44 --> Session: Class initialized using 'CodeIgniter\Session\Handlers\FileHandler' driver.
INFO - 2024-12-05 09:27:33 --> Session: Class initialized using 'CodeIgniter\Session\Handlers\FileHandler' driver.
INFO - 2024-12-05 09:28:03 --> Session: Class initialized using 'CodeIgniter\Session\Handlers\FileHandler' driver.
INFO - 2024-12-05 09:28:12 --> Session: Class initialized using 'CodeIgniter\Session\Handlers\FileHandler' driver.
INFO - 2024-12-05 09:31:25 --> Session: Class initialized using 'CodeIgniter\Session\Handlers\FileHandler' driver.
INFO - 2024-12-05 09:31:37 --> Session: Class initialized using 'CodeIgniter\Session\Handlers\FileHandler' driver.
INFO - 2024-12-05 09:32:34 --> Session: Class initialized using 'CodeIgniter\Session\Handlers\FileHandler' driver.
INFO - 2024-12-05 09:32:48 --> Session: Class initialized using 'CodeIgniter\Session\Handlers\FileHandler' driver.
INFO - 2024-12-05 09:38:59 --> Session: Class initialized using 'CodeIgniter\Session\Handlers\FileHandler' driver.
CRITICAL - 2024-12-05 09:38:59 --> ErrorException: Undefined variable $message
[Method: GET, Route: avis/modifier/3]
in APPPATH/Views/errors/html/error_404.php on line 77.
 1 APPPATH/Views/errors/html/error_404.php(77): CodeIgniter\Debug\Exceptions->errorHandler()
 2 SYSTEMPATH/View/View.php(234): include('/mnt/c/Users/utilisateur/Documents/GitHub/S501-Saiyans-Coaching/app/Views/errors/html/error_404.php')
 3 SYSTEMPATH/View/View.php(237): CodeIgniter\View\View->CodeIgniter\View\{closure}()
 4 SYSTEMPATH/Common.php(1169): CodeIgniter\View\View->render()
 5 APPPATH/Controllers/AvisController.php(33): view()
 6 SYSTEMPATH/CodeIgniter.php(933): App\Controllers\AvisController->modifier()
 7 SYSTEMPATH/CodeIgniter.php(509): CodeIgniter\CodeIgniter->runController()
 8 SYSTEMPATH/CodeIgniter.php(355): CodeIgniter\CodeIgniter->handleRequest()
 9 SYSTEMPATH/Boot.php(325): CodeIgniter\CodeIgniter->run()
10 SYSTEMPATH/Boot.php(67): CodeIgniter\Boot::runCodeIgniter()
11 FCPATH/index.php(56): CodeIgniter\Boot::bootWeb()
12 SYSTEMPATH/rewrite.php(44): require_once('/mnt/c/Users/utilisateur/Documents/GitHub/S501-Saiyans-Coaching/public/index.php')
INFO - 2024-12-05 09:39:05 --> Session: Class initialized using 'CodeIgniter\Session\Handlers\FileHandler' driver.
INFO - 2024-12-05 09:39:15 --> Session: Class initialized using 'CodeIgniter\Session\Handlers\FileHandler' driver.
INFO - 2024-12-05 09:46:26 --> Session: Class initialized using 'CodeIgniter\Session\Handlers\FileHandler' driver.
INFO - 2024-12-05 09:47:36 --> Session: Class initialized using 'CodeIgniter\Session\Handlers\FileHandler' driver.
INFO - 2024-12-05 09:54:13 --> Session: Class initialized using 'CodeIgniter\Session\Handlers\FileHandler' driver.
INFO - 2024-12-05 09:54:26 --> Session: Class initialized using 'CodeIgniter\Session\Handlers\FileHandler' driver.
INFO - 2024-12-05 09:56:12 --> Session: Class initialized using 'CodeIgniter\Session\Handlers\FileHandler' driver.
INFO - 2024-12-05 09:56:26 --> Session: Class initialized using 'CodeIgniter\Session\Handlers\FileHandler' driver.
INFO - 2024-12-05 10:03:20 --> Session: Class initialized using 'CodeIgniter\Session\Handlers\FileHandler' driver.
INFO - 2024-12-05 10:03:21 --> Achat existant trouvé pour le client 6 et le produit 2 : {"idclient":"6","idproduit":"2","notetemoignage":null,"datetemoignage":null,"avistemoignage":null,"idpromotion":null}
INFO - 2024-12-05 10:05:45 --> Session: Class initialized using 'CodeIgniter\Session\Handlers\FileHandler' driver.
INFO - 2024-12-05 10:05:45 --> Achat existant trouvé pour le client 6 et le produit 2 : {"idclient":"6","idproduit":"2","notetemoignage":null,"datetemoignage":null,"avistemoignage":null,"idpromotion":null}
INFO - 2024-12-05 12:23:51 --> Session: Class initialized using 'CodeIgniter\Session\Handlers\FileHandler' driver.
INFO - 2024-12-05 12:23:56 --> Session: Class initialized using 'CodeIgniter\Session\Handlers\FileHandler' driver.
INFO - 2024-12-05 12:24:09 --> Session: Class initialized using 'CodeIgniter\Session\Handlers\FileHandler' driver.
INFO - 2024-12-05 12:24:13 --> Session: Class initialized using 'CodeIgniter\Session\Handlers\FileHandler' driver.
INFO - 2024-12-05 12:24:42 --> Session: Class initialized using 'CodeIgniter\Session\Handlers\FileHandler' driver.
INFO - 2024-12-05 12:24:58 --> Session: Class initialized using 'CodeIgniter\Session\Handlers\FileHandler' driver.
INFO - 2024-12-05 12:24:58 --> Achat existant trouvé pour le client 6 et le produit 2 : {"idclient":"6","idproduit":"2","notetemoignage":null,"datetemoignage":null,"avistemoignage":null,"idpromotion":null}
INFO - 2024-12-05 12:25:05 --> Session: Class initialized using 'CodeIgniter\Session\Handlers\FileHandler' driver.
INFO - 2024-12-05 12:25:05 --> Achat existant trouvé pour le client 6 et le produit 2 : {"idclient":"6","idproduit":"2","notetemoignage":null,"datetemoignage":null,"avistemoignage":null,"idpromotion":null}
INFO - 2024-12-05 12:29:54 --> Session: Class initialized using 'CodeIgniter\Session\Handlers\FileHandler' driver.
INFO - 2024-12-05 12:29:54 --> Achat existant trouvé pour le client 6 et le produit 2 : {"idclient":"6","idproduit":"2","notetemoignage":null,"datetemoignage":null,"avistemoignage":null,"idpromotion":null}
INFO - 2024-12-05 12:30:08 --> Session: Class initialized using 'CodeIgniter\Session\Handlers\FileHandler' driver.
INFO - 2024-12-05 12:30:08 --> Achat existant trouvé pour le client 6 et le produit 2 : {"idclient":"6","idproduit":"2","notetemoignage":null,"datetemoignage":null,"avistemoignage":null,"idpromotion":null}
INFO - 2024-12-05 12:59:13 --> Session: Class initialized using 'CodeIgniter\Session\Handlers\FileHandler' driver.
INFO - 2024-12-05 12:59:13 --> Achat existant trouvé pour le client 6 et le produit 2 : {"idclient":"6","idproduit":"2","notetemoignage":null,"datetemoignage":null,"avistemoignage":null,"idpromotion":null}
INFO - 2024-12-05 12:59:22 --> Session: Class initialized using 'CodeIgniter\Session\Handlers\FileHandler' driver.
INFO - 2024-12-05 12:59:22 --> Achat existant trouvé pour le client 6 et le produit 2 : {"idclient":"6","idproduit":"2","notetemoignage":null,"datetemoignage":null,"avistemoignage":null,"idpromotion":null}
INFO - 2024-12-05 12:59:35 --> Session: Class initialized using 'CodeIgniter\Session\Handlers\FileHandler' driver.
INFO - 2024-12-05 12:59:36 --> Achat existant trouvé pour le client 6 et le produit 2 : {"idclient":"6","idproduit":"2","notetemoignage":null,"datetemoignage":null,"avistemoignage":null,"idpromotion":null}
