ERROR - 2024-12-15 17:22:45 --> Error connecting to the database: ErrorException: pg_connect(): Unable to connect to PostgreSQL server: could not translate host name &quot;woody.iut.univ-lehavre.fr&quot; to address: Unknown host in C:\Users\rambo\Documents\Real Documents\IUT\S501-Saiyans-Coaching\system\Database\Postgre\Connection.php:77
Stack trace:
#0 [internal function]: CodeIgniter\Debug\Exceptions->errorHandler()
#1 C:\Users\rambo\Documents\Real Documents\IUT\S501-Saiyans-Coaching\system\Database\Postgre\Connection.php(77): pg_connect()
#2 C:\Users\rambo\Documents\Real Documents\IUT\S501-Saiyans-Coaching\system\Database\BaseConnection.php(421): CodeIgniter\Database\Postgre\Connection->connect()
#3 C:\Users\rambo\Documents\Real Documents\IUT\S501-Saiyans-Coaching\system\Database\BaseConnection.php(616): CodeIgniter\Database\BaseConnection->initialize()
#4 C:\Users\rambo\Documents\Real Documents\IUT\S501-Saiyans-Coaching\system\Database\BaseBuilder.php(1644): CodeIgniter\Database\BaseConnection->query()
#5 C:\Users\rambo\Documents\Real Documents\IUT\S501-Saiyans-Coaching\system\Model.php(330): CodeIgniter\Database\BaseBuilder->get()
#6 C:\Users\rambo\Documents\Real Documents\IUT\S501-Saiyans-Coaching\system\BaseModel.php(714): CodeIgniter\Model->doFirst()
#7 C:\Users\rambo\Documents\Real Documents\IUT\S501-Saiyans-Coaching\app\Models\ClientModel.php(35): CodeIgniter\BaseModel->first()
#8 C:\Users\rambo\Documents\Real Documents\IUT\S501-Saiyans-Coaching\app\Controllers\AccueilController.php(15): App\Models\ClientModel->getAdmin()
#9 C:\Users\rambo\Documents\Real Documents\IUT\S501-Saiyans-Coaching\system\CodeIgniter.php(933): App\Controllers\AccueilController->index()
#10 C:\Users\rambo\Documents\Real Documents\IUT\S501-Saiyans-Coaching\system\CodeIgniter.php(509): CodeIgniter\CodeIgniter->runController()
#11 C:\Users\rambo\Documents\Real Documents\IUT\S501-Saiyans-Coaching\system\CodeIgniter.php(355): CodeIgniter\CodeIgniter->handleRequest()
#12 C:\Users\rambo\Documents\Real Documents\IUT\S501-Saiyans-Coaching\system\Boot.php(325): CodeIgniter\CodeIgniter->run()
#13 C:\Users\rambo\Documents\Real Documents\IUT\S501-Saiyans-Coaching\system\Boot.php(67): CodeIgniter\Boot::runCodeIgniter()
#14 C:\Users\rambo\Documents\Real Documents\IUT\S501-Saiyans-Coaching\public\index.php(56): CodeIgniter\Boot::bootWeb()
#15 C:\Users\rambo\Documents\Real Documents\IUT\S501-Saiyans-Coaching\system\rewrite.php(44): require_once('...')
#16 {main}
CRITICAL - 2024-12-15 17:22:45 --> CodeIgniter\Database\Exceptions\DatabaseException: Unable to connect to the database.
Main connection [Postgre]: pg_connect(): Unable to connect to PostgreSQL server: could not translate host name &quot;woody.iut.univ-lehavre.fr&quot; to address: Unknown host
[Method: GET, Route: /]
in SYSTEMPATH\Database\BaseConnection.php on line 467.
 1 SYSTEMPATH\Database\BaseConnection.php(616): CodeIgniter\Database\BaseConnection->initialize()
 2 SYSTEMPATH\Database\BaseBuilder.php(1644): CodeIgniter\Database\BaseConnection->query()
 3 SYSTEMPATH\Model.php(330): CodeIgniter\Database\BaseBuilder->get()
 4 SYSTEMPATH\BaseModel.php(714): CodeIgniter\Model->doFirst()
 5 APPPATH\Models\ClientModel.php(35): CodeIgniter\BaseModel->first()
 6 APPPATH\Controllers\AccueilController.php(15): App\Models\ClientModel->getAdmin()
 7 SYSTEMPATH\CodeIgniter.php(933): App\Controllers\AccueilController->index()
 8 SYSTEMPATH\CodeIgniter.php(509): CodeIgniter\CodeIgniter->runController()
 9 SYSTEMPATH\CodeIgniter.php(355): CodeIgniter\CodeIgniter->handleRequest()
10 SYSTEMPATH\Boot.php(325): CodeIgniter\CodeIgniter->run()
11 SYSTEMPATH\Boot.php(67): CodeIgniter\Boot::runCodeIgniter()
12 FCPATH\index.php(56): CodeIgniter\Boot::bootWeb()
13 SYSTEMPATH\rewrite.php(44): require_once('C:\\Users\\rambo\\Documents\\Real Documents\\IUT\\S501-Saiyans-Coaching\\public\\index.php')
ERROR - 2024-12-15 19:01:42 --> Error connecting to the database: ErrorException: pg_connect(): Unable to connect to PostgreSQL server: could not translate host name &quot;woody.iut.univ-lehavre.fr&quot; to address: Unknown host in C:\Users\rambo\Documents\Real Documents\IUT\S501-Saiyans-Coaching\system\Database\Postgre\Connection.php:77
Stack trace:
#0 [internal function]: CodeIgniter\Debug\Exceptions->errorHandler()
#1 C:\Users\rambo\Documents\Real Documents\IUT\S501-Saiyans-Coaching\system\Database\Postgre\Connection.php(77): pg_connect()
#2 C:\Users\rambo\Documents\Real Documents\IUT\S501-Saiyans-Coaching\system\Database\BaseConnection.php(421): CodeIgniter\Database\Postgre\Connection->connect()
#3 C:\Users\rambo\Documents\Real Documents\IUT\S501-Saiyans-Coaching\system\Database\BaseConnection.php(616): CodeIgniter\Database\BaseConnection->initialize()
#4 C:\Users\rambo\Documents\Real Documents\IUT\S501-Saiyans-Coaching\system\Database\BaseBuilder.php(1644): CodeIgniter\Database\BaseConnection->query()
#5 C:\Users\rambo\Documents\Real Documents\IUT\S501-Saiyans-Coaching\system\Model.php(210): CodeIgniter\Database\BaseBuilder->get()
#6 C:\Users\rambo\Documents\Real Documents\IUT\S501-Saiyans-Coaching\system\BaseModel.php(610): CodeIgniter\Model->doFind()
#7 C:\Users\rambo\Documents\Real Documents\IUT\S501-Saiyans-Coaching\app\Controllers\ProfileController.php(18): CodeIgniter\BaseModel->find()
#8 C:\Users\rambo\Documents\Real Documents\IUT\S501-Saiyans-Coaching\system\CodeIgniter.php(933): App\Controllers\ProfileController->index()
#9 C:\Users\rambo\Documents\Real Documents\IUT\S501-Saiyans-Coaching\system\CodeIgniter.php(509): CodeIgniter\CodeIgniter->runController()
#10 C:\Users\rambo\Documents\Real Documents\IUT\S501-Saiyans-Coaching\system\CodeIgniter.php(355): CodeIgniter\CodeIgniter->handleRequest()
#11 C:\Users\rambo\Documents\Real Documents\IUT\S501-Saiyans-Coaching\system\Boot.php(325): CodeIgniter\CodeIgniter->run()
#12 C:\Users\rambo\Documents\Real Documents\IUT\S501-Saiyans-Coaching\system\Boot.php(67): CodeIgniter\Boot::runCodeIgniter()
#13 C:\Users\rambo\Documents\Real Documents\IUT\S501-Saiyans-Coaching\public\index.php(56): CodeIgniter\Boot::bootWeb()
#14 C:\Users\rambo\Documents\Real Documents\IUT\S501-Saiyans-Coaching\system\rewrite.php(44): require_once('...')
#15 {main}
CRITICAL - 2024-12-15 19:01:42 --> CodeIgniter\Database\Exceptions\DatabaseException: Unable to connect to the database.
Main connection [Postgre]: pg_connect(): Unable to connect to PostgreSQL server: could not translate host name &quot;woody.iut.univ-lehavre.fr&quot; to address: Unknown host
[Method: GET, Route: profile]
in SYSTEMPATH\Database\BaseConnection.php on line 467.
 1 SYSTEMPATH\Database\BaseConnection.php(616): CodeIgniter\Database\BaseConnection->initialize()
 2 SYSTEMPATH\Database\BaseBuilder.php(1644): CodeIgniter\Database\BaseConnection->query()
 3 SYSTEMPATH\Model.php(210): CodeIgniter\Database\BaseBuilder->get()
 4 SYSTEMPATH\BaseModel.php(610): CodeIgniter\Model->doFind()
 5 APPPATH\Controllers\ProfileController.php(18): CodeIgniter\BaseModel->find()
 6 SYSTEMPATH\CodeIgniter.php(933): App\Controllers\ProfileController->index()
 7 SYSTEMPATH\CodeIgniter.php(509): CodeIgniter\CodeIgniter->runController()
 8 SYSTEMPATH\CodeIgniter.php(355): CodeIgniter\CodeIgniter->handleRequest()
 9 SYSTEMPATH\Boot.php(325): CodeIgniter\CodeIgniter->run()
10 SYSTEMPATH\Boot.php(67): CodeIgniter\Boot::runCodeIgniter()
11 FCPATH\index.php(56): CodeIgniter\Boot::bootWeb()
12 SYSTEMPATH\rewrite.php(44): require_once('C:\\Users\\rambo\\Documents\\Real Documents\\IUT\\S501-Saiyans-Coaching\\public\\index.php')
CRITICAL - 2024-12-15 19:45:26 --> ErrorException: Undefined array key "details_contraintes"
[Method: POST, Route: questionnaire/traitementQuestionnaire]
in APPPATH\Controllers\QuestionnaireController.php on line 100.
 1 APPPATH\Controllers\QuestionnaireController.php(100): CodeIgniter\Debug\Exceptions->errorHandler()
 2 SYSTEMPATH\CodeIgniter.php(933): App\Controllers\QuestionnaireController->traitementQuestionnaire()
 3 SYSTEMPATH\CodeIgniter.php(509): CodeIgniter\CodeIgniter->runController()
 4 SYSTEMPATH\CodeIgniter.php(355): CodeIgniter\CodeIgniter->handleRequest()
 5 SYSTEMPATH\Boot.php(325): CodeIgniter\CodeIgniter->run()
 6 SYSTEMPATH\Boot.php(67): CodeIgniter\Boot::runCodeIgniter()
 7 FCPATH\index.php(56): CodeIgniter\Boot::bootWeb()
 8 SYSTEMPATH\rewrite.php(44): require_once('C:\\Users\\rambo\\Documents\\Real Documents\\IUT\\S501-Saiyans-Coaching\\public\\index.php')
CRITICAL - 2024-12-15 19:46:00 --> ErrorException: Undefined array key "details_contraintes"
[Method: POST, Route: questionnaire/traitementQuestionnaire]
in APPPATH\Controllers\QuestionnaireController.php on line 100.
 1 APPPATH\Controllers\QuestionnaireController.php(100): CodeIgniter\Debug\Exceptions->errorHandler()
 2 SYSTEMPATH\CodeIgniter.php(933): App\Controllers\QuestionnaireController->traitementQuestionnaire()
 3 SYSTEMPATH\CodeIgniter.php(509): CodeIgniter\CodeIgniter->runController()
 4 SYSTEMPATH\CodeIgniter.php(355): CodeIgniter\CodeIgniter->handleRequest()
 5 SYSTEMPATH\Boot.php(325): CodeIgniter\CodeIgniter->run()
 6 SYSTEMPATH\Boot.php(67): CodeIgniter\Boot::runCodeIgniter()
 7 FCPATH\index.php(56): CodeIgniter\Boot::bootWeb()
 8 SYSTEMPATH\rewrite.php(44): require_once('C:\\Users\\rambo\\Documents\\Real Documents\\IUT\\S501-Saiyans-Coaching\\public\\index.php')
ERROR - 2024-12-15 19:56:15 --> ErrorException: pg_query(): Query failed: ERROR:  insert or update on table &quot;acheter&quot; violates foreign key constraint &quot;acheter_iddocument_fkey&quot;
DETAIL:  Key (iddocument)=(1) is not present in table &quot;document&quot;. in C:\Users\rambo\Documents\Real Documents\IUT\S501-Saiyans-Coaching\system\Database\Postgre\Connection.php:204
Stack trace:
#0 [internal function]: CodeIgniter\Debug\Exceptions->errorHandler()
#1 C:\Users\rambo\Documents\Real Documents\IUT\S501-Saiyans-Coaching\system\Database\Postgre\Connection.php(204): pg_query()
#2 C:\Users\rambo\Documents\Real Documents\IUT\S501-Saiyans-Coaching\system\Database\BaseConnection.php(734): CodeIgniter\Database\Postgre\Connection->execute()
#3 C:\Users\rambo\Documents\Real Documents\IUT\S501-Saiyans-Coaching\system\Database\BaseConnection.php(648): CodeIgniter\Database\BaseConnection->simpleQuery()
#4 C:\Users\rambo\Documents\Real Documents\IUT\S501-Saiyans-Coaching\system\Database\BaseBuilder.php(2340): CodeIgniter\Database\BaseConnection->query()
#5 C:\Users\rambo\Documents\Real Documents\IUT\S501-Saiyans-Coaching\system\Model.php(394): CodeIgniter\Database\BaseBuilder->insert()
#6 C:\Users\rambo\Documents\Real Documents\IUT\S501-Saiyans-Coaching\system\BaseModel.php(840): CodeIgniter\Model->doInsert()
#7 C:\Users\rambo\Documents\Real Documents\IUT\S501-Saiyans-Coaching\system\Model.php(802): CodeIgniter\BaseModel->insert()
#8 C:\Users\rambo\Documents\Real Documents\IUT\S501-Saiyans-Coaching\app\Models\AcheterModel.php(64): CodeIgniter\Model->insert()
#9 C:\Users\rambo\Documents\Real Documents\IUT\S501-Saiyans-Coaching\app\Controllers\AchatController.php(34): App\Models\AcheterModel->ajouterAchat()
#10 C:\Users\rambo\Documents\Real Documents\IUT\S501-Saiyans-Coaching\system\CodeIgniter.php(933): App\Controllers\AchatController->ajouter()
#11 C:\Users\rambo\Documents\Real Documents\IUT\S501-Saiyans-Coaching\system\CodeIgniter.php(509): CodeIgniter\CodeIgniter->runController()
#12 C:\Users\rambo\Documents\Real Documents\IUT\S501-Saiyans-Coaching\system\CodeIgniter.php(355): CodeIgniter\CodeIgniter->handleRequest()
#13 C:\Users\rambo\Documents\Real Documents\IUT\S501-Saiyans-Coaching\system\Boot.php(325): CodeIgniter\CodeIgniter->run()
#14 C:\Users\rambo\Documents\Real Documents\IUT\S501-Saiyans-Coaching\system\Boot.php(67): CodeIgniter\Boot::runCodeIgniter()
#15 C:\Users\rambo\Documents\Real Documents\IUT\S501-Saiyans-Coaching\public\index.php(56): CodeIgniter\Boot::bootWeb()
#16 C:\Users\rambo\Documents\Real Documents\IUT\S501-Saiyans-Coaching\system\rewrite.php(44): require_once('...')
#17 {main}
CRITICAL - 2024-12-15 19:56:15 --> CodeIgniter\Database\Exceptions\DatabaseException: pg_query(): Query failed: ERROR:  insert or update on table &quot;acheter&quot; violates foreign key constraint &quot;acheter_iddocument_fkey&quot;
DETAIL:  Key (iddocument)=(1) is not present in table &quot;document&quot;.
[Method: GET, Route: achat/ajouter/3]
in SYSTEMPATH\Database\BaseConnection.php on line 688.
 1 SYSTEMPATH\Database\BaseBuilder.php(2340): CodeIgniter\Database\BaseConnection->query()
 2 SYSTEMPATH\Model.php(394): CodeIgniter\Database\BaseBuilder->insert()
 3 SYSTEMPATH\BaseModel.php(840): CodeIgniter\Model->doInsert()
 4 SYSTEMPATH\Model.php(802): CodeIgniter\BaseModel->insert()
 5 APPPATH\Models\AcheterModel.php(64): CodeIgniter\Model->insert()
 6 APPPATH\Controllers\AchatController.php(34): App\Models\AcheterModel->ajouterAchat()
 7 SYSTEMPATH\CodeIgniter.php(933): App\Controllers\AchatController->ajouter()
 8 SYSTEMPATH\CodeIgniter.php(509): CodeIgniter\CodeIgniter->runController()
 9 SYSTEMPATH\CodeIgniter.php(355): CodeIgniter\CodeIgniter->handleRequest()
10 SYSTEMPATH\Boot.php(325): CodeIgniter\CodeIgniter->run()
11 SYSTEMPATH\Boot.php(67): CodeIgniter\Boot::runCodeIgniter()
12 FCPATH\index.php(56): CodeIgniter\Boot::bootWeb()
13 SYSTEMPATH\rewrite.php(44): require_once('C:\\Users\\rambo\\Documents\\Real Documents\\IUT\\S501-Saiyans-Coaching\\public\\index.php')
CRITICAL - 2024-12-15 19:56:15 --> [Caused by] CodeIgniter\Database\Exceptions\DatabaseException: pg_query(): Query failed: ERROR:  insert or update on table &quot;acheter&quot; violates foreign key constraint &quot;acheter_iddocument_fkey&quot;
DETAIL:  Key (iddocument)=(1) is not present in table &quot;document&quot;.
in SYSTEMPATH\Database\Postgre\Connection.php on line 209.
 1 SYSTEMPATH\Database\BaseConnection.php(734): CodeIgniter\Database\Postgre\Connection->execute()
 2 SYSTEMPATH\Database\BaseConnection.php(648): CodeIgniter\Database\BaseConnection->simpleQuery()
 3 SYSTEMPATH\Database\BaseBuilder.php(2340): CodeIgniter\Database\BaseConnection->query()
 4 SYSTEMPATH\Model.php(394): CodeIgniter\Database\BaseBuilder->insert()
 5 SYSTEMPATH\BaseModel.php(840): CodeIgniter\Model->doInsert()
 6 SYSTEMPATH\Model.php(802): CodeIgniter\BaseModel->insert()
 7 APPPATH\Models\AcheterModel.php(64): CodeIgniter\Model->insert()
 8 APPPATH\Controllers\AchatController.php(34): App\Models\AcheterModel->ajouterAchat()
 9 SYSTEMPATH\CodeIgniter.php(933): App\Controllers\AchatController->ajouter()
10 SYSTEMPATH\CodeIgniter.php(509): CodeIgniter\CodeIgniter->runController()
11 SYSTEMPATH\CodeIgniter.php(355): CodeIgniter\CodeIgniter->handleRequest()
12 SYSTEMPATH\Boot.php(325): CodeIgniter\CodeIgniter->run()
13 SYSTEMPATH\Boot.php(67): CodeIgniter\Boot::runCodeIgniter()
14 FCPATH\index.php(56): CodeIgniter\Boot::bootWeb()
15 SYSTEMPATH\rewrite.php(44): require_once('C:\\Users\\rambo\\Documents\\Real Documents\\IUT\\S501-Saiyans-Coaching\\public\\index.php')
CRITICAL - 2024-12-15 19:56:15 --> [Caused by] ErrorException: pg_query(): Query failed: ERROR:  insert or update on table &quot;acheter&quot; violates foreign key constraint &quot;acheter_iddocument_fkey&quot;
DETAIL:  Key (iddocument)=(1) is not present in table &quot;document&quot;.
in SYSTEMPATH\Database\Postgre\Connection.php on line 204.
 1 [internal function]: CodeIgniter\Debug\Exceptions->errorHandler()
 2 SYSTEMPATH\Database\Postgre\Connection.php(204): pg_query()
 3 SYSTEMPATH\Database\BaseConnection.php(734): CodeIgniter\Database\Postgre\Connection->execute()
 4 SYSTEMPATH\Database\BaseConnection.php(648): CodeIgniter\Database\BaseConnection->simpleQuery()
 5 SYSTEMPATH\Database\BaseBuilder.php(2340): CodeIgniter\Database\BaseConnection->query()
 6 SYSTEMPATH\Model.php(394): CodeIgniter\Database\BaseBuilder->insert()
 7 SYSTEMPATH\BaseModel.php(840): CodeIgniter\Model->doInsert()
 8 SYSTEMPATH\Model.php(802): CodeIgniter\BaseModel->insert()
 9 APPPATH\Models\AcheterModel.php(64): CodeIgniter\Model->insert()
10 APPPATH\Controllers\AchatController.php(34): App\Models\AcheterModel->ajouterAchat()
11 SYSTEMPATH\CodeIgniter.php(933): App\Controllers\AchatController->ajouter()
12 SYSTEMPATH\CodeIgniter.php(509): CodeIgniter\CodeIgniter->runController()
13 SYSTEMPATH\CodeIgniter.php(355): CodeIgniter\CodeIgniter->handleRequest()
14 SYSTEMPATH\Boot.php(325): CodeIgniter\CodeIgniter->run()
15 SYSTEMPATH\Boot.php(67): CodeIgniter\Boot::runCodeIgniter()
16 FCPATH\index.php(56): CodeIgniter\Boot::bootWeb()
17 SYSTEMPATH\rewrite.php(44): require_once('C:\\Users\\rambo\\Documents\\Real Documents\\IUT\\S501-Saiyans-Coaching\\public\\index.php')
ERROR - 2024-12-15 20:04:42 --> ErrorException: pg_query(): Query failed: ERROR:  insert or update on table &quot;acheter&quot; violates foreign key constraint &quot;acheter_iddocument_fkey&quot;
DETAIL:  Key (iddocument)=(9) is not present in table &quot;document&quot;. in C:\Users\rambo\Documents\Real Documents\IUT\S501-Saiyans-Coaching\system\Database\Postgre\Connection.php:204
Stack trace:
#0 [internal function]: CodeIgniter\Debug\Exceptions->errorHandler()
#1 C:\Users\rambo\Documents\Real Documents\IUT\S501-Saiyans-Coaching\system\Database\Postgre\Connection.php(204): pg_query()
#2 C:\Users\rambo\Documents\Real Documents\IUT\S501-Saiyans-Coaching\system\Database\BaseConnection.php(734): CodeIgniter\Database\Postgre\Connection->execute()
#3 C:\Users\rambo\Documents\Real Documents\IUT\S501-Saiyans-Coaching\system\Database\BaseConnection.php(648): CodeIgniter\Database\BaseConnection->simpleQuery()
#4 C:\Users\rambo\Documents\Real Documents\IUT\S501-Saiyans-Coaching\system\Database\BaseBuilder.php(2340): CodeIgniter\Database\BaseConnection->query()
#5 C:\Users\rambo\Documents\Real Documents\IUT\S501-Saiyans-Coaching\system\Model.php(394): CodeIgniter\Database\BaseBuilder->insert()
#6 C:\Users\rambo\Documents\Real Documents\IUT\S501-Saiyans-Coaching\system\BaseModel.php(840): CodeIgniter\Model->doInsert()
#7 C:\Users\rambo\Documents\Real Documents\IUT\S501-Saiyans-Coaching\system\Model.php(802): CodeIgniter\BaseModel->insert()
#8 C:\Users\rambo\Documents\Real Documents\IUT\S501-Saiyans-Coaching\app\Models\AcheterModel.php(64): CodeIgniter\Model->insert()
#9 C:\Users\rambo\Documents\Real Documents\IUT\S501-Saiyans-Coaching\app\Controllers\AchatController.php(34): App\Models\AcheterModel->ajouterAchat()
#10 C:\Users\rambo\Documents\Real Documents\IUT\S501-Saiyans-Coaching\system\CodeIgniter.php(933): App\Controllers\AchatController->ajouter()
#11 C:\Users\rambo\Documents\Real Documents\IUT\S501-Saiyans-Coaching\system\CodeIgniter.php(509): CodeIgniter\CodeIgniter->runController()
#12 C:\Users\rambo\Documents\Real Documents\IUT\S501-Saiyans-Coaching\system\CodeIgniter.php(355): CodeIgniter\CodeIgniter->handleRequest()
#13 C:\Users\rambo\Documents\Real Documents\IUT\S501-Saiyans-Coaching\system\Boot.php(325): CodeIgniter\CodeIgniter->run()
#14 C:\Users\rambo\Documents\Real Documents\IUT\S501-Saiyans-Coaching\system\Boot.php(67): CodeIgniter\Boot::runCodeIgniter()
#15 C:\Users\rambo\Documents\Real Documents\IUT\S501-Saiyans-Coaching\public\index.php(56): CodeIgniter\Boot::bootWeb()
#16 C:\Users\rambo\Documents\Real Documents\IUT\S501-Saiyans-Coaching\system\rewrite.php(44): require_once('...')
#17 {main}
CRITICAL - 2024-12-15 20:04:42 --> CodeIgniter\Database\Exceptions\DatabaseException: pg_query(): Query failed: ERROR:  insert or update on table &quot;acheter&quot; violates foreign key constraint &quot;acheter_iddocument_fkey&quot;
DETAIL:  Key (iddocument)=(9) is not present in table &quot;document&quot;.
[Method: GET, Route: achat/ajouter/1]
in SYSTEMPATH\Database\BaseConnection.php on line 688.
 1 SYSTEMPATH\Database\BaseBuilder.php(2340): CodeIgniter\Database\BaseConnection->query()
 2 SYSTEMPATH\Model.php(394): CodeIgniter\Database\BaseBuilder->insert()
 3 SYSTEMPATH\BaseModel.php(840): CodeIgniter\Model->doInsert()
 4 SYSTEMPATH\Model.php(802): CodeIgniter\BaseModel->insert()
 5 APPPATH\Models\AcheterModel.php(64): CodeIgniter\Model->insert()
 6 APPPATH\Controllers\AchatController.php(34): App\Models\AcheterModel->ajouterAchat()
 7 SYSTEMPATH\CodeIgniter.php(933): App\Controllers\AchatController->ajouter()
 8 SYSTEMPATH\CodeIgniter.php(509): CodeIgniter\CodeIgniter->runController()
 9 SYSTEMPATH\CodeIgniter.php(355): CodeIgniter\CodeIgniter->handleRequest()
10 SYSTEMPATH\Boot.php(325): CodeIgniter\CodeIgniter->run()
11 SYSTEMPATH\Boot.php(67): CodeIgniter\Boot::runCodeIgniter()
12 FCPATH\index.php(56): CodeIgniter\Boot::bootWeb()
13 SYSTEMPATH\rewrite.php(44): require_once('C:\\Users\\rambo\\Documents\\Real Documents\\IUT\\S501-Saiyans-Coaching\\public\\index.php')
CRITICAL - 2024-12-15 20:04:42 --> [Caused by] CodeIgniter\Database\Exceptions\DatabaseException: pg_query(): Query failed: ERROR:  insert or update on table &quot;acheter&quot; violates foreign key constraint &quot;acheter_iddocument_fkey&quot;
DETAIL:  Key (iddocument)=(9) is not present in table &quot;document&quot;.
in SYSTEMPATH\Database\Postgre\Connection.php on line 209.
 1 SYSTEMPATH\Database\BaseConnection.php(734): CodeIgniter\Database\Postgre\Connection->execute()
 2 SYSTEMPATH\Database\BaseConnection.php(648): CodeIgniter\Database\BaseConnection->simpleQuery()
 3 SYSTEMPATH\Database\BaseBuilder.php(2340): CodeIgniter\Database\BaseConnection->query()
 4 SYSTEMPATH\Model.php(394): CodeIgniter\Database\BaseBuilder->insert()
 5 SYSTEMPATH\BaseModel.php(840): CodeIgniter\Model->doInsert()
 6 SYSTEMPATH\Model.php(802): CodeIgniter\BaseModel->insert()
 7 APPPATH\Models\AcheterModel.php(64): CodeIgniter\Model->insert()
 8 APPPATH\Controllers\AchatController.php(34): App\Models\AcheterModel->ajouterAchat()
 9 SYSTEMPATH\CodeIgniter.php(933): App\Controllers\AchatController->ajouter()
10 SYSTEMPATH\CodeIgniter.php(509): CodeIgniter\CodeIgniter->runController()
11 SYSTEMPATH\CodeIgniter.php(355): CodeIgniter\CodeIgniter->handleRequest()
12 SYSTEMPATH\Boot.php(325): CodeIgniter\CodeIgniter->run()
13 SYSTEMPATH\Boot.php(67): CodeIgniter\Boot::runCodeIgniter()
14 FCPATH\index.php(56): CodeIgniter\Boot::bootWeb()
15 SYSTEMPATH\rewrite.php(44): require_once('C:\\Users\\rambo\\Documents\\Real Documents\\IUT\\S501-Saiyans-Coaching\\public\\index.php')
CRITICAL - 2024-12-15 20:04:42 --> [Caused by] ErrorException: pg_query(): Query failed: ERROR:  insert or update on table &quot;acheter&quot; violates foreign key constraint &quot;acheter_iddocument_fkey&quot;
DETAIL:  Key (iddocument)=(9) is not present in table &quot;document&quot;.
in SYSTEMPATH\Database\Postgre\Connection.php on line 204.
 1 [internal function]: CodeIgniter\Debug\Exceptions->errorHandler()
 2 SYSTEMPATH\Database\Postgre\Connection.php(204): pg_query()
 3 SYSTEMPATH\Database\BaseConnection.php(734): CodeIgniter\Database\Postgre\Connection->execute()
 4 SYSTEMPATH\Database\BaseConnection.php(648): CodeIgniter\Database\BaseConnection->simpleQuery()
 5 SYSTEMPATH\Database\BaseBuilder.php(2340): CodeIgniter\Database\BaseConnection->query()
 6 SYSTEMPATH\Model.php(394): CodeIgniter\Database\BaseBuilder->insert()
 7 SYSTEMPATH\BaseModel.php(840): CodeIgniter\Model->doInsert()
 8 SYSTEMPATH\Model.php(802): CodeIgniter\BaseModel->insert()
 9 APPPATH\Models\AcheterModel.php(64): CodeIgniter\Model->insert()
10 APPPATH\Controllers\AchatController.php(34): App\Models\AcheterModel->ajouterAchat()
11 SYSTEMPATH\CodeIgniter.php(933): App\Controllers\AchatController->ajouter()
12 SYSTEMPATH\CodeIgniter.php(509): CodeIgniter\CodeIgniter->runController()
13 SYSTEMPATH\CodeIgniter.php(355): CodeIgniter\CodeIgniter->handleRequest()
14 SYSTEMPATH\Boot.php(325): CodeIgniter\CodeIgniter->run()
15 SYSTEMPATH\Boot.php(67): CodeIgniter\Boot::runCodeIgniter()
16 FCPATH\index.php(56): CodeIgniter\Boot::bootWeb()
17 SYSTEMPATH\rewrite.php(44): require_once('C:\\Users\\rambo\\Documents\\Real Documents\\IUT\\S501-Saiyans-Coaching\\public\\index.php')
ERROR - 2024-12-15 20:12:28 --> ErrorException: pg_query(): Query failed: ERROR:  insert or update on table &quot;acheter&quot; violates foreign key constraint &quot;acheter_iddocument_fkey&quot;
DETAIL:  Key (iddocument)=(9) is not present in table &quot;document&quot;. in C:\Users\rambo\Documents\Real Documents\IUT\S501-Saiyans-Coaching\system\Database\Postgre\Connection.php:204
Stack trace:
#0 [internal function]: CodeIgniter\Debug\Exceptions->errorHandler()
#1 C:\Users\rambo\Documents\Real Documents\IUT\S501-Saiyans-Coaching\system\Database\Postgre\Connection.php(204): pg_query()
#2 C:\Users\rambo\Documents\Real Documents\IUT\S501-Saiyans-Coaching\system\Database\BaseConnection.php(734): CodeIgniter\Database\Postgre\Connection->execute()
#3 C:\Users\rambo\Documents\Real Documents\IUT\S501-Saiyans-Coaching\system\Database\BaseConnection.php(648): CodeIgniter\Database\BaseConnection->simpleQuery()
#4 C:\Users\rambo\Documents\Real Documents\IUT\S501-Saiyans-Coaching\system\Database\BaseBuilder.php(2340): CodeIgniter\Database\BaseConnection->query()
#5 C:\Users\rambo\Documents\Real Documents\IUT\S501-Saiyans-Coaching\system\Model.php(394): CodeIgniter\Database\BaseBuilder->insert()
#6 C:\Users\rambo\Documents\Real Documents\IUT\S501-Saiyans-Coaching\system\BaseModel.php(840): CodeIgniter\Model->doInsert()
#7 C:\Users\rambo\Documents\Real Documents\IUT\S501-Saiyans-Coaching\system\Model.php(802): CodeIgniter\BaseModel->insert()
#8 C:\Users\rambo\Documents\Real Documents\IUT\S501-Saiyans-Coaching\app\Models\AcheterModel.php(64): CodeIgniter\Model->insert()
#9 C:\Users\rambo\Documents\Real Documents\IUT\S501-Saiyans-Coaching\app\Controllers\AchatController.php(34): App\Models\AcheterModel->ajouterAchat()
#10 C:\Users\rambo\Documents\Real Documents\IUT\S501-Saiyans-Coaching\system\CodeIgniter.php(933): App\Controllers\AchatController->ajouter()
#11 C:\Users\rambo\Documents\Real Documents\IUT\S501-Saiyans-Coaching\system\CodeIgniter.php(509): CodeIgniter\CodeIgniter->runController()
#12 C:\Users\rambo\Documents\Real Documents\IUT\S501-Saiyans-Coaching\system\CodeIgniter.php(355): CodeIgniter\CodeIgniter->handleRequest()
#13 C:\Users\rambo\Documents\Real Documents\IUT\S501-Saiyans-Coaching\system\Boot.php(325): CodeIgniter\CodeIgniter->run()
#14 C:\Users\rambo\Documents\Real Documents\IUT\S501-Saiyans-Coaching\system\Boot.php(67): CodeIgniter\Boot::runCodeIgniter()
#15 C:\Users\rambo\Documents\Real Documents\IUT\S501-Saiyans-Coaching\public\index.php(56): CodeIgniter\Boot::bootWeb()
#16 C:\Users\rambo\Documents\Real Documents\IUT\S501-Saiyans-Coaching\system\rewrite.php(44): require_once('...')
#17 {main}
CRITICAL - 2024-12-15 20:12:28 --> CodeIgniter\Database\Exceptions\DatabaseException: pg_query(): Query failed: ERROR:  insert or update on table &quot;acheter&quot; violates foreign key constraint &quot;acheter_iddocument_fkey&quot;
DETAIL:  Key (iddocument)=(9) is not present in table &quot;document&quot;.
[Method: GET, Route: achat/ajouter/1]
in SYSTEMPATH\Database\BaseConnection.php on line 688.
 1 SYSTEMPATH\Database\BaseBuilder.php(2340): CodeIgniter\Database\BaseConnection->query()
 2 SYSTEMPATH\Model.php(394): CodeIgniter\Database\BaseBuilder->insert()
 3 SYSTEMPATH\BaseModel.php(840): CodeIgniter\Model->doInsert()
 4 SYSTEMPATH\Model.php(802): CodeIgniter\BaseModel->insert()
 5 APPPATH\Models\AcheterModel.php(64): CodeIgniter\Model->insert()
 6 APPPATH\Controllers\AchatController.php(34): App\Models\AcheterModel->ajouterAchat()
 7 SYSTEMPATH\CodeIgniter.php(933): App\Controllers\AchatController->ajouter()
 8 SYSTEMPATH\CodeIgniter.php(509): CodeIgniter\CodeIgniter->runController()
 9 SYSTEMPATH\CodeIgniter.php(355): CodeIgniter\CodeIgniter->handleRequest()
10 SYSTEMPATH\Boot.php(325): CodeIgniter\CodeIgniter->run()
11 SYSTEMPATH\Boot.php(67): CodeIgniter\Boot::runCodeIgniter()
12 FCPATH\index.php(56): CodeIgniter\Boot::bootWeb()
13 SYSTEMPATH\rewrite.php(44): require_once('C:\\Users\\rambo\\Documents\\Real Documents\\IUT\\S501-Saiyans-Coaching\\public\\index.php')
CRITICAL - 2024-12-15 20:12:28 --> [Caused by] CodeIgniter\Database\Exceptions\DatabaseException: pg_query(): Query failed: ERROR:  insert or update on table &quot;acheter&quot; violates foreign key constraint &quot;acheter_iddocument_fkey&quot;
DETAIL:  Key (iddocument)=(9) is not present in table &quot;document&quot;.
in SYSTEMPATH\Database\Postgre\Connection.php on line 209.
 1 SYSTEMPATH\Database\BaseConnection.php(734): CodeIgniter\Database\Postgre\Connection->execute()
 2 SYSTEMPATH\Database\BaseConnection.php(648): CodeIgniter\Database\BaseConnection->simpleQuery()
 3 SYSTEMPATH\Database\BaseBuilder.php(2340): CodeIgniter\Database\BaseConnection->query()
 4 SYSTEMPATH\Model.php(394): CodeIgniter\Database\BaseBuilder->insert()
 5 SYSTEMPATH\BaseModel.php(840): CodeIgniter\Model->doInsert()
 6 SYSTEMPATH\Model.php(802): CodeIgniter\BaseModel->insert()
 7 APPPATH\Models\AcheterModel.php(64): CodeIgniter\Model->insert()
 8 APPPATH\Controllers\AchatController.php(34): App\Models\AcheterModel->ajouterAchat()
 9 SYSTEMPATH\CodeIgniter.php(933): App\Controllers\AchatController->ajouter()
10 SYSTEMPATH\CodeIgniter.php(509): CodeIgniter\CodeIgniter->runController()
11 SYSTEMPATH\CodeIgniter.php(355): CodeIgniter\CodeIgniter->handleRequest()
12 SYSTEMPATH\Boot.php(325): CodeIgniter\CodeIgniter->run()
13 SYSTEMPATH\Boot.php(67): CodeIgniter\Boot::runCodeIgniter()
14 FCPATH\index.php(56): CodeIgniter\Boot::bootWeb()
15 SYSTEMPATH\rewrite.php(44): require_once('C:\\Users\\rambo\\Documents\\Real Documents\\IUT\\S501-Saiyans-Coaching\\public\\index.php')
CRITICAL - 2024-12-15 20:12:28 --> [Caused by] ErrorException: pg_query(): Query failed: ERROR:  insert or update on table &quot;acheter&quot; violates foreign key constraint &quot;acheter_iddocument_fkey&quot;
DETAIL:  Key (iddocument)=(9) is not present in table &quot;document&quot;.
in SYSTEMPATH\Database\Postgre\Connection.php on line 204.
 1 [internal function]: CodeIgniter\Debug\Exceptions->errorHandler()
 2 SYSTEMPATH\Database\Postgre\Connection.php(204): pg_query()
 3 SYSTEMPATH\Database\BaseConnection.php(734): CodeIgniter\Database\Postgre\Connection->execute()
 4 SYSTEMPATH\Database\BaseConnection.php(648): CodeIgniter\Database\BaseConnection->simpleQuery()
 5 SYSTEMPATH\Database\BaseBuilder.php(2340): CodeIgniter\Database\BaseConnection->query()
 6 SYSTEMPATH\Model.php(394): CodeIgniter\Database\BaseBuilder->insert()
 7 SYSTEMPATH\BaseModel.php(840): CodeIgniter\Model->doInsert()
 8 SYSTEMPATH\Model.php(802): CodeIgniter\BaseModel->insert()
 9 APPPATH\Models\AcheterModel.php(64): CodeIgniter\Model->insert()
10 APPPATH\Controllers\AchatController.php(34): App\Models\AcheterModel->ajouterAchat()
11 SYSTEMPATH\CodeIgniter.php(933): App\Controllers\AchatController->ajouter()
12 SYSTEMPATH\CodeIgniter.php(509): CodeIgniter\CodeIgniter->runController()
13 SYSTEMPATH\CodeIgniter.php(355): CodeIgniter\CodeIgniter->handleRequest()
14 SYSTEMPATH\Boot.php(325): CodeIgniter\CodeIgniter->run()
15 SYSTEMPATH\Boot.php(67): CodeIgniter\Boot::runCodeIgniter()
16 FCPATH\index.php(56): CodeIgniter\Boot::bootWeb()
17 SYSTEMPATH\rewrite.php(44): require_once('C:\\Users\\rambo\\Documents\\Real Documents\\IUT\\S501-Saiyans-Coaching\\public\\index.php')
ERROR - 2024-12-15 20:29:35 --> ErrorException: pg_query(): Query failed: ERROR:  insert or update on table &quot;acheter&quot; violates foreign key constraint &quot;acheter_iddocument_fkey&quot;
DETAIL:  Key (iddocument)=(9) is not present in table &quot;document&quot;. in C:\Users\rambo\Documents\Real Documents\IUT\S501-Saiyans-Coaching\system\Database\Postgre\Connection.php:204
Stack trace:
#0 [internal function]: CodeIgniter\Debug\Exceptions->errorHandler()
#1 C:\Users\rambo\Documents\Real Documents\IUT\S501-Saiyans-Coaching\system\Database\Postgre\Connection.php(204): pg_query()
#2 C:\Users\rambo\Documents\Real Documents\IUT\S501-Saiyans-Coaching\system\Database\BaseConnection.php(734): CodeIgniter\Database\Postgre\Connection->execute()
#3 C:\Users\rambo\Documents\Real Documents\IUT\S501-Saiyans-Coaching\system\Database\BaseConnection.php(648): CodeIgniter\Database\BaseConnection->simpleQuery()
#4 C:\Users\rambo\Documents\Real Documents\IUT\S501-Saiyans-Coaching\system\Database\BaseBuilder.php(2340): CodeIgniter\Database\BaseConnection->query()
#5 C:\Users\rambo\Documents\Real Documents\IUT\S501-Saiyans-Coaching\system\Model.php(394): CodeIgniter\Database\BaseBuilder->insert()
#6 C:\Users\rambo\Documents\Real Documents\IUT\S501-Saiyans-Coaching\system\BaseModel.php(840): CodeIgniter\Model->doInsert()
#7 C:\Users\rambo\Documents\Real Documents\IUT\S501-Saiyans-Coaching\system\Model.php(802): CodeIgniter\BaseModel->insert()
#8 C:\Users\rambo\Documents\Real Documents\IUT\S501-Saiyans-Coaching\app\Models\AcheterModel.php(64): CodeIgniter\Model->insert()
#9 C:\Users\rambo\Documents\Real Documents\IUT\S501-Saiyans-Coaching\app\Controllers\AchatController.php(34): App\Models\AcheterModel->ajouterAchat()
#10 C:\Users\rambo\Documents\Real Documents\IUT\S501-Saiyans-Coaching\system\CodeIgniter.php(933): App\Controllers\AchatController->ajouter()
#11 C:\Users\rambo\Documents\Real Documents\IUT\S501-Saiyans-Coaching\system\CodeIgniter.php(509): CodeIgniter\CodeIgniter->runController()
#12 C:\Users\rambo\Documents\Real Documents\IUT\S501-Saiyans-Coaching\system\CodeIgniter.php(355): CodeIgniter\CodeIgniter->handleRequest()
#13 C:\Users\rambo\Documents\Real Documents\IUT\S501-Saiyans-Coaching\system\Boot.php(325): CodeIgniter\CodeIgniter->run()
#14 C:\Users\rambo\Documents\Real Documents\IUT\S501-Saiyans-Coaching\system\Boot.php(67): CodeIgniter\Boot::runCodeIgniter()
#15 C:\Users\rambo\Documents\Real Documents\IUT\S501-Saiyans-Coaching\public\index.php(56): CodeIgniter\Boot::bootWeb()
#16 C:\Users\rambo\Documents\Real Documents\IUT\S501-Saiyans-Coaching\system\rewrite.php(44): require_once('...')
#17 {main}
CRITICAL - 2024-12-15 20:29:35 --> CodeIgniter\Database\Exceptions\DatabaseException: pg_query(): Query failed: ERROR:  insert or update on table &quot;acheter&quot; violates foreign key constraint &quot;acheter_iddocument_fkey&quot;
DETAIL:  Key (iddocument)=(9) is not present in table &quot;document&quot;.
[Method: GET, Route: achat/ajouter/1]
in SYSTEMPATH\Database\BaseConnection.php on line 688.
 1 SYSTEMPATH\Database\BaseBuilder.php(2340): CodeIgniter\Database\BaseConnection->query()
 2 SYSTEMPATH\Model.php(394): CodeIgniter\Database\BaseBuilder->insert()
 3 SYSTEMPATH\BaseModel.php(840): CodeIgniter\Model->doInsert()
 4 SYSTEMPATH\Model.php(802): CodeIgniter\BaseModel->insert()
 5 APPPATH\Models\AcheterModel.php(64): CodeIgniter\Model->insert()
 6 APPPATH\Controllers\AchatController.php(34): App\Models\AcheterModel->ajouterAchat()
 7 SYSTEMPATH\CodeIgniter.php(933): App\Controllers\AchatController->ajouter()
 8 SYSTEMPATH\CodeIgniter.php(509): CodeIgniter\CodeIgniter->runController()
 9 SYSTEMPATH\CodeIgniter.php(355): CodeIgniter\CodeIgniter->handleRequest()
10 SYSTEMPATH\Boot.php(325): CodeIgniter\CodeIgniter->run()
11 SYSTEMPATH\Boot.php(67): CodeIgniter\Boot::runCodeIgniter()
12 FCPATH\index.php(56): CodeIgniter\Boot::bootWeb()
13 SYSTEMPATH\rewrite.php(44): require_once('C:\\Users\\rambo\\Documents\\Real Documents\\IUT\\S501-Saiyans-Coaching\\public\\index.php')
CRITICAL - 2024-12-15 20:29:35 --> [Caused by] CodeIgniter\Database\Exceptions\DatabaseException: pg_query(): Query failed: ERROR:  insert or update on table &quot;acheter&quot; violates foreign key constraint &quot;acheter_iddocument_fkey&quot;
DETAIL:  Key (iddocument)=(9) is not present in table &quot;document&quot;.
in SYSTEMPATH\Database\Postgre\Connection.php on line 209.
 1 SYSTEMPATH\Database\BaseConnection.php(734): CodeIgniter\Database\Postgre\Connection->execute()
 2 SYSTEMPATH\Database\BaseConnection.php(648): CodeIgniter\Database\BaseConnection->simpleQuery()
 3 SYSTEMPATH\Database\BaseBuilder.php(2340): CodeIgniter\Database\BaseConnection->query()
 4 SYSTEMPATH\Model.php(394): CodeIgniter\Database\BaseBuilder->insert()
 5 SYSTEMPATH\BaseModel.php(840): CodeIgniter\Model->doInsert()
 6 SYSTEMPATH\Model.php(802): CodeIgniter\BaseModel->insert()
 7 APPPATH\Models\AcheterModel.php(64): CodeIgniter\Model->insert()
 8 APPPATH\Controllers\AchatController.php(34): App\Models\AcheterModel->ajouterAchat()
 9 SYSTEMPATH\CodeIgniter.php(933): App\Controllers\AchatController->ajouter()
10 SYSTEMPATH\CodeIgniter.php(509): CodeIgniter\CodeIgniter->runController()
11 SYSTEMPATH\CodeIgniter.php(355): CodeIgniter\CodeIgniter->handleRequest()
12 SYSTEMPATH\Boot.php(325): CodeIgniter\CodeIgniter->run()
13 SYSTEMPATH\Boot.php(67): CodeIgniter\Boot::runCodeIgniter()
14 FCPATH\index.php(56): CodeIgniter\Boot::bootWeb()
15 SYSTEMPATH\rewrite.php(44): require_once('C:\\Users\\rambo\\Documents\\Real Documents\\IUT\\S501-Saiyans-Coaching\\public\\index.php')
CRITICAL - 2024-12-15 20:29:35 --> [Caused by] ErrorException: pg_query(): Query failed: ERROR:  insert or update on table &quot;acheter&quot; violates foreign key constraint &quot;acheter_iddocument_fkey&quot;
DETAIL:  Key (iddocument)=(9) is not present in table &quot;document&quot;.
in SYSTEMPATH\Database\Postgre\Connection.php on line 204.
 1 [internal function]: CodeIgniter\Debug\Exceptions->errorHandler()
 2 SYSTEMPATH\Database\Postgre\Connection.php(204): pg_query()
 3 SYSTEMPATH\Database\BaseConnection.php(734): CodeIgniter\Database\Postgre\Connection->execute()
 4 SYSTEMPATH\Database\BaseConnection.php(648): CodeIgniter\Database\BaseConnection->simpleQuery()
 5 SYSTEMPATH\Database\BaseBuilder.php(2340): CodeIgniter\Database\BaseConnection->query()
 6 SYSTEMPATH\Model.php(394): CodeIgniter\Database\BaseBuilder->insert()
 7 SYSTEMPATH\BaseModel.php(840): CodeIgniter\Model->doInsert()
 8 SYSTEMPATH\Model.php(802): CodeIgniter\BaseModel->insert()
 9 APPPATH\Models\AcheterModel.php(64): CodeIgniter\Model->insert()
10 APPPATH\Controllers\AchatController.php(34): App\Models\AcheterModel->ajouterAchat()
11 SYSTEMPATH\CodeIgniter.php(933): App\Controllers\AchatController->ajouter()
12 SYSTEMPATH\CodeIgniter.php(509): CodeIgniter\CodeIgniter->runController()
13 SYSTEMPATH\CodeIgniter.php(355): CodeIgniter\CodeIgniter->handleRequest()
14 SYSTEMPATH\Boot.php(325): CodeIgniter\CodeIgniter->run()
15 SYSTEMPATH\Boot.php(67): CodeIgniter\Boot::runCodeIgniter()
16 FCPATH\index.php(56): CodeIgniter\Boot::bootWeb()
17 SYSTEMPATH\rewrite.php(44): require_once('C:\\Users\\rambo\\Documents\\Real Documents\\IUT\\S501-Saiyans-Coaching\\public\\index.php')
ERROR - 2024-12-15 20:34:17 --> ErrorException: pg_query(): Query failed: ERROR:  column &quot;titreDocument&quot; does not exist
LINE 3: WHERE &quot;titreDocument&quot; = 'test'
              ^
HINT:  Perhaps you meant to reference the column &quot;document.titredocument&quot;. in C:\Users\rambo\Documents\Real Documents\IUT\S501-Saiyans-Coaching\system\Database\Postgre\Connection.php:204
Stack trace:
#0 [internal function]: CodeIgniter\Debug\Exceptions->errorHandler()
#1 C:\Users\rambo\Documents\Real Documents\IUT\S501-Saiyans-Coaching\system\Database\Postgre\Connection.php(204): pg_query()
#2 C:\Users\rambo\Documents\Real Documents\IUT\S501-Saiyans-Coaching\system\Database\BaseConnection.php(734): CodeIgniter\Database\Postgre\Connection->execute()
#3 C:\Users\rambo\Documents\Real Documents\IUT\S501-Saiyans-Coaching\system\Database\BaseConnection.php(648): CodeIgniter\Database\BaseConnection->simpleQuery()
#4 C:\Users\rambo\Documents\Real Documents\IUT\S501-Saiyans-Coaching\system\Database\BaseBuilder.php(1644): CodeIgniter\Database\BaseConnection->query()
#5 C:\Users\rambo\Documents\Real Documents\IUT\S501-Saiyans-Coaching\system\Model.php(330): CodeIgniter\Database\BaseBuilder->get()
#6 C:\Users\rambo\Documents\Real Documents\IUT\S501-Saiyans-Coaching\system\BaseModel.php(714): CodeIgniter\Model->doFirst()
#7 C:\Users\rambo\Documents\Real Documents\IUT\S501-Saiyans-Coaching\app\Models\DocumentModel.php(26): CodeIgniter\BaseModel->first()
#8 C:\Users\rambo\Documents\Real Documents\IUT\S501-Saiyans-Coaching\app\Controllers\PromotionController.php(82): App\Models\DocumentModel->getDocumentFromTitre()
#9 C:\Users\rambo\Documents\Real Documents\IUT\S501-Saiyans-Coaching\system\CodeIgniter.php(933): App\Controllers\PromotionController->creer()
#10 C:\Users\rambo\Documents\Real Documents\IUT\S501-Saiyans-Coaching\system\CodeIgniter.php(509): CodeIgniter\CodeIgniter->runController()
#11 C:\Users\rambo\Documents\Real Documents\IUT\S501-Saiyans-Coaching\system\CodeIgniter.php(355): CodeIgniter\CodeIgniter->handleRequest()
#12 C:\Users\rambo\Documents\Real Documents\IUT\S501-Saiyans-Coaching\system\Boot.php(325): CodeIgniter\CodeIgniter->run()
#13 C:\Users\rambo\Documents\Real Documents\IUT\S501-Saiyans-Coaching\system\Boot.php(67): CodeIgniter\Boot::runCodeIgniter()
#14 C:\Users\rambo\Documents\Real Documents\IUT\S501-Saiyans-Coaching\public\index.php(56): CodeIgniter\Boot::bootWeb()
#15 C:\Users\rambo\Documents\Real Documents\IUT\S501-Saiyans-Coaching\system\rewrite.php(44): require_once('...')
#16 {main}
CRITICAL - 2024-12-15 20:34:17 --> CodeIgniter\Database\Exceptions\DatabaseException: pg_query(): Query failed: ERROR:  column &quot;titreDocument&quot; does not exist
LINE 3: WHERE &quot;titreDocument&quot; = 'test'
              ^
HINT:  Perhaps you meant to reference the column &quot;document.titredocument&quot;.
[Method: POST, Route: promotion/creer]
in SYSTEMPATH\Database\BaseConnection.php on line 688.
 1 SYSTEMPATH\Database\BaseBuilder.php(1644): CodeIgniter\Database\BaseConnection->query()
 2 SYSTEMPATH\Model.php(330): CodeIgniter\Database\BaseBuilder->get()
 3 SYSTEMPATH\BaseModel.php(714): CodeIgniter\Model->doFirst()
 4 APPPATH\Models\DocumentModel.php(26): CodeIgniter\BaseModel->first()
 5 APPPATH\Controllers\PromotionController.php(82): App\Models\DocumentModel->getDocumentFromTitre()
 6 SYSTEMPATH\CodeIgniter.php(933): App\Controllers\PromotionController->creer()
 7 SYSTEMPATH\CodeIgniter.php(509): CodeIgniter\CodeIgniter->runController()
 8 SYSTEMPATH\CodeIgniter.php(355): CodeIgniter\CodeIgniter->handleRequest()
 9 SYSTEMPATH\Boot.php(325): CodeIgniter\CodeIgniter->run()
10 SYSTEMPATH\Boot.php(67): CodeIgniter\Boot::runCodeIgniter()
11 FCPATH\index.php(56): CodeIgniter\Boot::bootWeb()
12 SYSTEMPATH\rewrite.php(44): require_once('C:\\Users\\rambo\\Documents\\Real Documents\\IUT\\S501-Saiyans-Coaching\\public\\index.php')
CRITICAL - 2024-12-15 20:34:17 --> [Caused by] CodeIgniter\Database\Exceptions\DatabaseException: pg_query(): Query failed: ERROR:  column &quot;titreDocument&quot; does not exist
LINE 3: WHERE &quot;titreDocument&quot; = 'test'
              ^
HINT:  Perhaps you meant to reference the column &quot;document.titredocument&quot;.
in SYSTEMPATH\Database\Postgre\Connection.php on line 209.
 1 SYSTEMPATH\Database\BaseConnection.php(734): CodeIgniter\Database\Postgre\Connection->execute()
 2 SYSTEMPATH\Database\BaseConnection.php(648): CodeIgniter\Database\BaseConnection->simpleQuery()
 3 SYSTEMPATH\Database\BaseBuilder.php(1644): CodeIgniter\Database\BaseConnection->query()
 4 SYSTEMPATH\Model.php(330): CodeIgniter\Database\BaseBuilder->get()
 5 SYSTEMPATH\BaseModel.php(714): CodeIgniter\Model->doFirst()
 6 APPPATH\Models\DocumentModel.php(26): CodeIgniter\BaseModel->first()
 7 APPPATH\Controllers\PromotionController.php(82): App\Models\DocumentModel->getDocumentFromTitre()
 8 SYSTEMPATH\CodeIgniter.php(933): App\Controllers\PromotionController->creer()
 9 SYSTEMPATH\CodeIgniter.php(509): CodeIgniter\CodeIgniter->runController()
10 SYSTEMPATH\CodeIgniter.php(355): CodeIgniter\CodeIgniter->handleRequest()
11 SYSTEMPATH\Boot.php(325): CodeIgniter\CodeIgniter->run()
12 SYSTEMPATH\Boot.php(67): CodeIgniter\Boot::runCodeIgniter()
13 FCPATH\index.php(56): CodeIgniter\Boot::bootWeb()
14 SYSTEMPATH\rewrite.php(44): require_once('C:\\Users\\rambo\\Documents\\Real Documents\\IUT\\S501-Saiyans-Coaching\\public\\index.php')
CRITICAL - 2024-12-15 20:34:17 --> [Caused by] ErrorException: pg_query(): Query failed: ERROR:  column &quot;titreDocument&quot; does not exist
LINE 3: WHERE &quot;titreDocument&quot; = 'test'
              ^
HINT:  Perhaps you meant to reference the column &quot;document.titredocument&quot;.
in SYSTEMPATH\Database\Postgre\Connection.php on line 204.
 1 [internal function]: CodeIgniter\Debug\Exceptions->errorHandler()
 2 SYSTEMPATH\Database\Postgre\Connection.php(204): pg_query()
 3 SYSTEMPATH\Database\BaseConnection.php(734): CodeIgniter\Database\Postgre\Connection->execute()
 4 SYSTEMPATH\Database\BaseConnection.php(648): CodeIgniter\Database\BaseConnection->simpleQuery()
 5 SYSTEMPATH\Database\BaseBuilder.php(1644): CodeIgniter\Database\BaseConnection->query()
 6 SYSTEMPATH\Model.php(330): CodeIgniter\Database\BaseBuilder->get()
 7 SYSTEMPATH\BaseModel.php(714): CodeIgniter\Model->doFirst()
 8 APPPATH\Models\DocumentModel.php(26): CodeIgniter\BaseModel->first()
 9 APPPATH\Controllers\PromotionController.php(82): App\Models\DocumentModel->getDocumentFromTitre()
10 SYSTEMPATH\CodeIgniter.php(933): App\Controllers\PromotionController->creer()
11 SYSTEMPATH\CodeIgniter.php(509): CodeIgniter\CodeIgniter->runController()
12 SYSTEMPATH\CodeIgniter.php(355): CodeIgniter\CodeIgniter->handleRequest()
13 SYSTEMPATH\Boot.php(325): CodeIgniter\CodeIgniter->run()
14 SYSTEMPATH\Boot.php(67): CodeIgniter\Boot::runCodeIgniter()
15 FCPATH\index.php(56): CodeIgniter\Boot::bootWeb()
16 SYSTEMPATH\rewrite.php(44): require_once('C:\\Users\\rambo\\Documents\\Real Documents\\IUT\\S501-Saiyans-Coaching\\public\\index.php')
ERROR - 2024-12-15 20:35:51 --> ErrorException: pg_query(): Query failed: ERROR:  insert or update on table &quot;acheter&quot; violates foreign key constraint &quot;acheter_iddocument_fkey&quot;
DETAIL:  Key (iddocument)=(10) is not present in table &quot;document&quot;. in C:\Users\rambo\Documents\Real Documents\IUT\S501-Saiyans-Coaching\system\Database\Postgre\Connection.php:204
Stack trace:
#0 [internal function]: CodeIgniter\Debug\Exceptions->errorHandler()
#1 C:\Users\rambo\Documents\Real Documents\IUT\S501-Saiyans-Coaching\system\Database\Postgre\Connection.php(204): pg_query()
#2 C:\Users\rambo\Documents\Real Documents\IUT\S501-Saiyans-Coaching\system\Database\BaseConnection.php(734): CodeIgniter\Database\Postgre\Connection->execute()
#3 C:\Users\rambo\Documents\Real Documents\IUT\S501-Saiyans-Coaching\system\Database\BaseConnection.php(648): CodeIgniter\Database\BaseConnection->simpleQuery()
#4 C:\Users\rambo\Documents\Real Documents\IUT\S501-Saiyans-Coaching\system\Database\BaseBuilder.php(2340): CodeIgniter\Database\BaseConnection->query()
#5 C:\Users\rambo\Documents\Real Documents\IUT\S501-Saiyans-Coaching\system\Model.php(394): CodeIgniter\Database\BaseBuilder->insert()
#6 C:\Users\rambo\Documents\Real Documents\IUT\S501-Saiyans-Coaching\system\BaseModel.php(840): CodeIgniter\Model->doInsert()
#7 C:\Users\rambo\Documents\Real Documents\IUT\S501-Saiyans-Coaching\system\Model.php(802): CodeIgniter\BaseModel->insert()
#8 C:\Users\rambo\Documents\Real Documents\IUT\S501-Saiyans-Coaching\app\Models\AcheterModel.php(64): CodeIgniter\Model->insert()
#9 C:\Users\rambo\Documents\Real Documents\IUT\S501-Saiyans-Coaching\app\Controllers\AchatController.php(34): App\Models\AcheterModel->ajouterAchat()
#10 C:\Users\rambo\Documents\Real Documents\IUT\S501-Saiyans-Coaching\system\CodeIgniter.php(933): App\Controllers\AchatController->ajouter()
#11 C:\Users\rambo\Documents\Real Documents\IUT\S501-Saiyans-Coaching\system\CodeIgniter.php(509): CodeIgniter\CodeIgniter->runController()
#12 C:\Users\rambo\Documents\Real Documents\IUT\S501-Saiyans-Coaching\system\CodeIgniter.php(355): CodeIgniter\CodeIgniter->handleRequest()
#13 C:\Users\rambo\Documents\Real Documents\IUT\S501-Saiyans-Coaching\system\Boot.php(325): CodeIgniter\CodeIgniter->run()
#14 C:\Users\rambo\Documents\Real Documents\IUT\S501-Saiyans-Coaching\system\Boot.php(67): CodeIgniter\Boot::runCodeIgniter()
#15 C:\Users\rambo\Documents\Real Documents\IUT\S501-Saiyans-Coaching\public\index.php(56): CodeIgniter\Boot::bootWeb()
#16 C:\Users\rambo\Documents\Real Documents\IUT\S501-Saiyans-Coaching\system\rewrite.php(44): require_once('...')
#17 {main}
CRITICAL - 2024-12-15 20:35:51 --> CodeIgniter\Database\Exceptions\DatabaseException: pg_query(): Query failed: ERROR:  insert or update on table &quot;acheter&quot; violates foreign key constraint &quot;acheter_iddocument_fkey&quot;
DETAIL:  Key (iddocument)=(10) is not present in table &quot;document&quot;.
[Method: GET, Route: achat/ajouter/1]
in SYSTEMPATH\Database\BaseConnection.php on line 688.
 1 SYSTEMPATH\Database\BaseBuilder.php(2340): CodeIgniter\Database\BaseConnection->query()
 2 SYSTEMPATH\Model.php(394): CodeIgniter\Database\BaseBuilder->insert()
 3 SYSTEMPATH\BaseModel.php(840): CodeIgniter\Model->doInsert()
 4 SYSTEMPATH\Model.php(802): CodeIgniter\BaseModel->insert()
 5 APPPATH\Models\AcheterModel.php(64): CodeIgniter\Model->insert()
 6 APPPATH\Controllers\AchatController.php(34): App\Models\AcheterModel->ajouterAchat()
 7 SYSTEMPATH\CodeIgniter.php(933): App\Controllers\AchatController->ajouter()
 8 SYSTEMPATH\CodeIgniter.php(509): CodeIgniter\CodeIgniter->runController()
 9 SYSTEMPATH\CodeIgniter.php(355): CodeIgniter\CodeIgniter->handleRequest()
10 SYSTEMPATH\Boot.php(325): CodeIgniter\CodeIgniter->run()
11 SYSTEMPATH\Boot.php(67): CodeIgniter\Boot::runCodeIgniter()
12 FCPATH\index.php(56): CodeIgniter\Boot::bootWeb()
13 SYSTEMPATH\rewrite.php(44): require_once('C:\\Users\\rambo\\Documents\\Real Documents\\IUT\\S501-Saiyans-Coaching\\public\\index.php')
CRITICAL - 2024-12-15 20:35:51 --> [Caused by] CodeIgniter\Database\Exceptions\DatabaseException: pg_query(): Query failed: ERROR:  insert or update on table &quot;acheter&quot; violates foreign key constraint &quot;acheter_iddocument_fkey&quot;
DETAIL:  Key (iddocument)=(10) is not present in table &quot;document&quot;.
in SYSTEMPATH\Database\Postgre\Connection.php on line 209.
 1 SYSTEMPATH\Database\BaseConnection.php(734): CodeIgniter\Database\Postgre\Connection->execute()
 2 SYSTEMPATH\Database\BaseConnection.php(648): CodeIgniter\Database\BaseConnection->simpleQuery()
 3 SYSTEMPATH\Database\BaseBuilder.php(2340): CodeIgniter\Database\BaseConnection->query()
 4 SYSTEMPATH\Model.php(394): CodeIgniter\Database\BaseBuilder->insert()
 5 SYSTEMPATH\BaseModel.php(840): CodeIgniter\Model->doInsert()
 6 SYSTEMPATH\Model.php(802): CodeIgniter\BaseModel->insert()
 7 APPPATH\Models\AcheterModel.php(64): CodeIgniter\Model->insert()
 8 APPPATH\Controllers\AchatController.php(34): App\Models\AcheterModel->ajouterAchat()
 9 SYSTEMPATH\CodeIgniter.php(933): App\Controllers\AchatController->ajouter()
10 SYSTEMPATH\CodeIgniter.php(509): CodeIgniter\CodeIgniter->runController()
11 SYSTEMPATH\CodeIgniter.php(355): CodeIgniter\CodeIgniter->handleRequest()
12 SYSTEMPATH\Boot.php(325): CodeIgniter\CodeIgniter->run()
13 SYSTEMPATH\Boot.php(67): CodeIgniter\Boot::runCodeIgniter()
14 FCPATH\index.php(56): CodeIgniter\Boot::bootWeb()
15 SYSTEMPATH\rewrite.php(44): require_once('C:\\Users\\rambo\\Documents\\Real Documents\\IUT\\S501-Saiyans-Coaching\\public\\index.php')
CRITICAL - 2024-12-15 20:35:51 --> [Caused by] ErrorException: pg_query(): Query failed: ERROR:  insert or update on table &quot;acheter&quot; violates foreign key constraint &quot;acheter_iddocument_fkey&quot;
DETAIL:  Key (iddocument)=(10) is not present in table &quot;document&quot;.
in SYSTEMPATH\Database\Postgre\Connection.php on line 204.
 1 [internal function]: CodeIgniter\Debug\Exceptions->errorHandler()
 2 SYSTEMPATH\Database\Postgre\Connection.php(204): pg_query()
 3 SYSTEMPATH\Database\BaseConnection.php(734): CodeIgniter\Database\Postgre\Connection->execute()
 4 SYSTEMPATH\Database\BaseConnection.php(648): CodeIgniter\Database\BaseConnection->simpleQuery()
 5 SYSTEMPATH\Database\BaseBuilder.php(2340): CodeIgniter\Database\BaseConnection->query()
 6 SYSTEMPATH\Model.php(394): CodeIgniter\Database\BaseBuilder->insert()
 7 SYSTEMPATH\BaseModel.php(840): CodeIgniter\Model->doInsert()
 8 SYSTEMPATH\Model.php(802): CodeIgniter\BaseModel->insert()
 9 APPPATH\Models\AcheterModel.php(64): CodeIgniter\Model->insert()
10 APPPATH\Controllers\AchatController.php(34): App\Models\AcheterModel->ajouterAchat()
11 SYSTEMPATH\CodeIgniter.php(933): App\Controllers\AchatController->ajouter()
12 SYSTEMPATH\CodeIgniter.php(509): CodeIgniter\CodeIgniter->runController()
13 SYSTEMPATH\CodeIgniter.php(355): CodeIgniter\CodeIgniter->handleRequest()
14 SYSTEMPATH\Boot.php(325): CodeIgniter\CodeIgniter->run()
15 SYSTEMPATH\Boot.php(67): CodeIgniter\Boot::runCodeIgniter()
16 FCPATH\index.php(56): CodeIgniter\Boot::bootWeb()
17 SYSTEMPATH\rewrite.php(44): require_once('C:\\Users\\rambo\\Documents\\Real Documents\\IUT\\S501-Saiyans-Coaching\\public\\index.php')
CRITICAL - 2024-12-15 20:43:35 --> ErrorException: Array to string conversion
[Method: GET, Route: achat/ajouter/1]
in APPPATH\Controllers\AchatController.php on line 37.
 1 APPPATH\Controllers\AchatController.php(37): CodeIgniter\Debug\Exceptions->errorHandler()
 2 SYSTEMPATH\CodeIgniter.php(933): App\Controllers\AchatController->ajouter()
 3 SYSTEMPATH\CodeIgniter.php(509): CodeIgniter\CodeIgniter->runController()
 4 SYSTEMPATH\CodeIgniter.php(355): CodeIgniter\CodeIgniter->handleRequest()
 5 SYSTEMPATH\Boot.php(325): CodeIgniter\CodeIgniter->run()
 6 SYSTEMPATH\Boot.php(67): CodeIgniter\Boot::runCodeIgniter()
 7 FCPATH\index.php(56): CodeIgniter\Boot::bootWeb()
 8 SYSTEMPATH\rewrite.php(44): require_once('C:\\Users\\rambo\\Documents\\Real Documents\\IUT\\S501-Saiyans-Coaching\\public\\index.php')
