CRITICAL - 2024-12-03 09:06:41 --> ParseError: syntax error, unexpected end of file
[Method: GET, Route: /]
in APPPATH/Config/Routes.php on line 17.
 1 SYSTEMPATH/CodeIgniter.php(823): CodeIgniter\Router\RouteCollection->loadRoutes()
 2 SYSTEMPATH/CodeIgniter.php(457): CodeIgniter\CodeIgniter->tryToRouteIt()
 3 SYSTEMPATH/CodeIgniter.php(355): CodeIgniter\CodeIgniter->handleRequest()
 4 SYSTEMPATH/Boot.php(325): CodeIgniter\CodeIgniter->run()
 5 SYSTEMPATH/Boot.php(67): CodeIgniter\Boot::runCodeIgniter()
 6 FCPATH/index.php(56): CodeIgniter\Boot::bootWeb()
 7 SYSTEMPATH/rewrite.php(44): require_once('/home/etudiant/co221148/TP/s5/s5.01_developpement_avance/SAE/S501-Saiyans-Coaching/public/index.php')
CRITICAL - 2024-12-03 09:26:33 --> Error: Call to a member function paginate() on array
[Method: GET, Route: ProduitController]
in APPPATH/Controllers/ProduitController.php on line 30.
 1 SYSTEMPATH/CodeIgniter.php(933): App\Controllers\ProduitController->index()
 2 SYSTEMPATH/CodeIgniter.php(509): CodeIgniter\CodeIgniter->runController()
 3 SYSTEMPATH/CodeIgniter.php(355): CodeIgniter\CodeIgniter->handleRequest()
 4 SYSTEMPATH/Boot.php(325): CodeIgniter\CodeIgniter->run()
 5 SYSTEMPATH/Boot.php(67): CodeIgniter\Boot::runCodeIgniter()
 6 FCPATH/index.php(56): CodeIgniter\Boot::bootWeb()
 7 SYSTEMPATH/rewrite.php(44): require_once('/home/etudiant/co221148/TP/s5/s5.01_developpement_avance/SAE/S501-Saiyans-Coaching/public/index.php')
CRITICAL - 2024-12-03 09:29:08 --> ErrorException: Undefined array key "id"
[Method: GET, Route: ProduitController]
in APPPATH/Views/Produit/ProduitView.php on line 33.
 1 APPPATH/Views/Produit/ProduitView.php(33): CodeIgniter\Debug\Exceptions->errorHandler()
 2 SYSTEMPATH/View/View.php(234): include('/home/etudiant/co221148/TP/s5/s5.01_developpement_avance/SAE/S501-Saiyans-Coaching/app/Views/Produit/ProduitView.php')
 3 SYSTEMPATH/View/View.php(237): CodeIgniter\View\View->CodeIgniter\View\{closure}()
 4 SYSTEMPATH/Common.php(1169): CodeIgniter\View\View->render()
 5 APPPATH/Controllers/ProduitController.php(33): view()
 6 SYSTEMPATH/CodeIgniter.php(933): App\Controllers\ProduitController->index()
 7 SYSTEMPATH/CodeIgniter.php(509): CodeIgniter\CodeIgniter->runController()
 8 SYSTEMPATH/CodeIgniter.php(355): CodeIgniter\CodeIgniter->handleRequest()
 9 SYSTEMPATH/Boot.php(325): CodeIgniter\CodeIgniter->run()
10 SYSTEMPATH/Boot.php(67): CodeIgniter\Boot::runCodeIgniter()
11 FCPATH/index.php(56): CodeIgniter\Boot::bootWeb()
12 SYSTEMPATH/rewrite.php(44): require_once('/home/etudiant/co221148/TP/s5/s5.01_developpement_avance/SAE/S501-Saiyans-Coaching/public/index.php')
CRITICAL - 2024-12-03 09:34:25 --> ParseError: syntax error, unexpected token "(", expecting identifier or variable or "{" or "$"
[Method: GET, Route: ProduitController]
in APPPATH/Config/Routes.php on line 20.
 1 SYSTEMPATH/CodeIgniter.php(823): CodeIgniter\Router\RouteCollection->loadRoutes()
 2 SYSTEMPATH/CodeIgniter.php(457): CodeIgniter\CodeIgniter->tryToRouteIt()
 3 SYSTEMPATH/CodeIgniter.php(355): CodeIgniter\CodeIgniter->handleRequest()
 4 SYSTEMPATH/Boot.php(325): CodeIgniter\CodeIgniter->run()
 5 SYSTEMPATH/Boot.php(67): CodeIgniter\Boot::runCodeIgniter()
 6 FCPATH/index.php(56): CodeIgniter\Boot::bootWeb()
 7 SYSTEMPATH/rewrite.php(44): require_once('/home/etudiant/co221148/TP/s5/s5.01_developpement_avance/SAE/S501-Saiyans-Coaching/public/index.php')
CRITICAL - 2024-12-03 09:39:33 --> CodeIgniter\View\Exceptions\ViewException: Invalid file: "Produit/DetailProduit.php"
[Method: GET, Route: produit/unique/1]
in SYSTEMPATH/Exceptions/FrameworkException.php on line 41.
 1 SYSTEMPATH/View/View.php(222): CodeIgniter\Exceptions\FrameworkException::forInvalidFile()
 2 SYSTEMPATH/Common.php(1169): CodeIgniter\View\View->render()
 3 APPPATH/Controllers/ProduitController.php(51): view()
 4 SYSTEMPATH/CodeIgniter.php(933): App\Controllers\ProduitController->indexProduct()
 5 SYSTEMPATH/CodeIgniter.php(509): CodeIgniter\CodeIgniter->runController()
 6 SYSTEMPATH/CodeIgniter.php(355): CodeIgniter\CodeIgniter->handleRequest()
 7 SYSTEMPATH/Boot.php(325): CodeIgniter\CodeIgniter->run()
 8 SYSTEMPATH/Boot.php(67): CodeIgniter\Boot::runCodeIgniter()
 9 FCPATH/index.php(56): CodeIgniter\Boot::bootWeb()
10 SYSTEMPATH/rewrite.php(44): require_once('/home/etudiant/co221148/TP/s5/s5.01_developpement_avance/SAE/S501-Saiyans-Coaching/public/index.php')
CRITICAL - 2024-12-03 09:40:24 --> CodeIgniter\View\Exceptions\ViewException: Invalid file: "Produit/DetailProduit.php"
[Method: GET, Route: produit/unique/1]
in SYSTEMPATH/Exceptions/FrameworkException.php on line 41.
 1 SYSTEMPATH/View/View.php(222): CodeIgniter\Exceptions\FrameworkException::forInvalidFile()
 2 SYSTEMPATH/Common.php(1169): CodeIgniter\View\View->render()
 3 APPPATH/Controllers/ProduitController.php(48): view()
 4 SYSTEMPATH/CodeIgniter.php(933): App\Controllers\ProduitController->indexProduct()
 5 SYSTEMPATH/CodeIgniter.php(509): CodeIgniter\CodeIgniter->runController()
 6 SYSTEMPATH/CodeIgniter.php(355): CodeIgniter\CodeIgniter->handleRequest()
 7 SYSTEMPATH/Boot.php(325): CodeIgniter\CodeIgniter->run()
 8 SYSTEMPATH/Boot.php(67): CodeIgniter\Boot::runCodeIgniter()
 9 FCPATH/index.php(56): CodeIgniter\Boot::bootWeb()
10 SYSTEMPATH/rewrite.php(44): require_once('/home/etudiant/co221148/TP/s5/s5.01_developpement_avance/SAE/S501-Saiyans-Coaching/public/index.php')
CRITICAL - 2024-12-03 09:40:25 --> CodeIgniter\View\Exceptions\ViewException: Invalid file: "Produit/DetailProduit.php"
[Method: GET, Route: produit/unique/1]
in SYSTEMPATH/Exceptions/FrameworkException.php on line 41.
 1 SYSTEMPATH/View/View.php(222): CodeIgniter\Exceptions\FrameworkException::forInvalidFile()
 2 SYSTEMPATH/Common.php(1169): CodeIgniter\View\View->render()
 3 APPPATH/Controllers/ProduitController.php(48): view()
 4 SYSTEMPATH/CodeIgniter.php(933): App\Controllers\ProduitController->indexProduct()
 5 SYSTEMPATH/CodeIgniter.php(509): CodeIgniter\CodeIgniter->runController()
 6 SYSTEMPATH/CodeIgniter.php(355): CodeIgniter\CodeIgniter->handleRequest()
 7 SYSTEMPATH/Boot.php(325): CodeIgniter\CodeIgniter->run()
 8 SYSTEMPATH/Boot.php(67): CodeIgniter\Boot::runCodeIgniter()
 9 FCPATH/index.php(56): CodeIgniter\Boot::bootWeb()
10 SYSTEMPATH/rewrite.php(44): require_once('/home/etudiant/co221148/TP/s5/s5.01_developpement_avance/SAE/S501-Saiyans-Coaching/public/index.php')
CRITICAL - 2024-12-03 09:40:29 --> CodeIgniter\View\Exceptions\ViewException: Invalid file: "Produit/DetailProduit.php"
[Method: GET, Route: produit/unique/1]
in SYSTEMPATH/Exceptions/FrameworkException.php on line 41.
 1 SYSTEMPATH/View/View.php(222): CodeIgniter\Exceptions\FrameworkException::forInvalidFile()
 2 SYSTEMPATH/Common.php(1169): CodeIgniter\View\View->render()
 3 APPPATH/Controllers/ProduitController.php(48): view()
 4 SYSTEMPATH/CodeIgniter.php(933): App\Controllers\ProduitController->indexProduct()
 5 SYSTEMPATH/CodeIgniter.php(509): CodeIgniter\CodeIgniter->runController()
 6 SYSTEMPATH/CodeIgniter.php(355): CodeIgniter\CodeIgniter->handleRequest()
 7 SYSTEMPATH/Boot.php(325): CodeIgniter\CodeIgniter->run()
 8 SYSTEMPATH/Boot.php(67): CodeIgniter\Boot::runCodeIgniter()
 9 FCPATH/index.php(56): CodeIgniter\Boot::bootWeb()
10 SYSTEMPATH/rewrite.php(44): require_once('/home/etudiant/co221148/TP/s5/s5.01_developpement_avance/SAE/S501-Saiyans-Coaching/public/index.php')
CRITICAL - 2024-12-03 09:40:34 --> CodeIgniter\View\Exceptions\ViewException: Invalid file: "Produit/DetailProduit.php"
[Method: GET, Route: produit/unique/1]
in SYSTEMPATH/Exceptions/FrameworkException.php on line 41.
 1 SYSTEMPATH/View/View.php(222): CodeIgniter\Exceptions\FrameworkException::forInvalidFile()
 2 SYSTEMPATH/Common.php(1169): CodeIgniter\View\View->render()
 3 APPPATH/Controllers/ProduitController.php(48): view()
 4 SYSTEMPATH/CodeIgniter.php(933): App\Controllers\ProduitController->indexProduct()
 5 SYSTEMPATH/CodeIgniter.php(509): CodeIgniter\CodeIgniter->runController()
 6 SYSTEMPATH/CodeIgniter.php(355): CodeIgniter\CodeIgniter->handleRequest()
 7 SYSTEMPATH/Boot.php(325): CodeIgniter\CodeIgniter->run()
 8 SYSTEMPATH/Boot.php(67): CodeIgniter\Boot::runCodeIgniter()
 9 FCPATH/index.php(56): CodeIgniter\Boot::bootWeb()
10 SYSTEMPATH/rewrite.php(44): require_once('/home/etudiant/co221148/TP/s5/s5.01_developpement_avance/SAE/S501-Saiyans-Coaching/public/index.php')
CRITICAL - 2024-12-03 09:48:07 --> ParseError: syntax error, unexpected token "class", expecting "," or ";"
[Method: GET, Route: produit/unique/1]
in APPPATH/Controllers/ProduitController.php on line 12.
 1 SYSTEMPATH/Autoloader/Autoloader.php(296): CodeIgniter\Autoloader\Autoloader->includeFile()
 2 SYSTEMPATH/Autoloader/Autoloader.php(272): CodeIgniter\Autoloader\Autoloader->loadInNamespace()
 3 [internal function]: CodeIgniter\Autoloader\Autoloader->loadClass()
 4 SYSTEMPATH/CodeIgniter.php(887): class_exists()
 5 SYSTEMPATH/CodeIgniter.php(496): CodeIgniter\CodeIgniter->startController()
 6 SYSTEMPATH/CodeIgniter.php(355): CodeIgniter\CodeIgniter->handleRequest()
 7 SYSTEMPATH/Boot.php(325): CodeIgniter\CodeIgniter->run()
 8 SYSTEMPATH/Boot.php(67): CodeIgniter\Boot::runCodeIgniter()
 9 FCPATH/index.php(56): CodeIgniter\Boot::bootWeb()
10 SYSTEMPATH/rewrite.php(44): require_once('/home/etudiant/co221148/TP/s5/s5.01_developpement_avance/SAE/S501-Saiyans-Coaching/public/index.php')
CRITICAL - 2024-12-03 09:54:04 --> TypeError: Cannot access offset of type string on string
[Method: GET, Route: produit/unique/1]
in APPPATH/Views/Produit/DetailsProduit.php on line 45.
 1 SYSTEMPATH/View/View.php(234): include()
 2 SYSTEMPATH/View/View.php(237): CodeIgniter\View\View->CodeIgniter\View\{closure}()
 3 SYSTEMPATH/Common.php(1169): CodeIgniter\View\View->render()
 4 APPPATH/Controllers/ProduitController.php(52): view()
 5 SYSTEMPATH/CodeIgniter.php(933): App\Controllers\ProduitController->indexProduct()
 6 SYSTEMPATH/CodeIgniter.php(509): CodeIgniter\CodeIgniter->runController()
 7 SYSTEMPATH/CodeIgniter.php(355): CodeIgniter\CodeIgniter->handleRequest()
 8 SYSTEMPATH/Boot.php(325): CodeIgniter\CodeIgniter->run()
 9 SYSTEMPATH/Boot.php(67): CodeIgniter\Boot::runCodeIgniter()
10 FCPATH/index.php(56): CodeIgniter\Boot::bootWeb()
11 SYSTEMPATH/rewrite.php(44): require_once('/home/etudiant/co221148/TP/s5/s5.01_developpement_avance/SAE/S501-Saiyans-Coaching/public/index.php')
CRITICAL - 2024-12-03 09:54:11 --> TypeError: Cannot access offset of type string on string
[Method: GET, Route: produit/unique/1]
in APPPATH/Views/Produit/DetailsProduit.php on line 45.
 1 SYSTEMPATH/View/View.php(234): include()
 2 SYSTEMPATH/View/View.php(237): CodeIgniter\View\View->CodeIgniter\View\{closure}()
 3 SYSTEMPATH/Common.php(1169): CodeIgniter\View\View->render()
 4 APPPATH/Controllers/ProduitController.php(52): view()
 5 SYSTEMPATH/CodeIgniter.php(933): App\Controllers\ProduitController->indexProduct()
 6 SYSTEMPATH/CodeIgniter.php(509): CodeIgniter\CodeIgniter->runController()
 7 SYSTEMPATH/CodeIgniter.php(355): CodeIgniter\CodeIgniter->handleRequest()
 8 SYSTEMPATH/Boot.php(325): CodeIgniter\CodeIgniter->run()
 9 SYSTEMPATH/Boot.php(67): CodeIgniter\Boot::runCodeIgniter()
10 FCPATH/index.php(56): CodeIgniter\Boot::bootWeb()
11 SYSTEMPATH/rewrite.php(44): require_once('/home/etudiant/co221148/TP/s5/s5.01_developpement_avance/SAE/S501-Saiyans-Coaching/public/index.php')
CRITICAL - 2024-12-03 09:54:11 --> TypeError: Cannot access offset of type string on string
[Method: GET, Route: produit/unique/1]
in APPPATH/Views/Produit/DetailsProduit.php on line 45.
 1 SYSTEMPATH/View/View.php(234): include()
 2 SYSTEMPATH/View/View.php(237): CodeIgniter\View\View->CodeIgniter\View\{closure}()
 3 SYSTEMPATH/Common.php(1169): CodeIgniter\View\View->render()
 4 APPPATH/Controllers/ProduitController.php(52): view()
 5 SYSTEMPATH/CodeIgniter.php(933): App\Controllers\ProduitController->indexProduct()
 6 SYSTEMPATH/CodeIgniter.php(509): CodeIgniter\CodeIgniter->runController()
 7 SYSTEMPATH/CodeIgniter.php(355): CodeIgniter\CodeIgniter->handleRequest()
 8 SYSTEMPATH/Boot.php(325): CodeIgniter\CodeIgniter->run()
 9 SYSTEMPATH/Boot.php(67): CodeIgniter\Boot::runCodeIgniter()
10 FCPATH/index.php(56): CodeIgniter\Boot::bootWeb()
11 SYSTEMPATH/rewrite.php(44): require_once('/home/etudiant/co221148/TP/s5/s5.01_developpement_avance/SAE/S501-Saiyans-Coaching/public/index.php')
CRITICAL - 2024-12-03 09:54:20 --> TypeError: Cannot access offset of type string on string
[Method: GET, Route: produit/unique/1]
in APPPATH/Views/Produit/DetailsProduit.php on line 45.
 1 SYSTEMPATH/View/View.php(234): include()
 2 SYSTEMPATH/View/View.php(237): CodeIgniter\View\View->CodeIgniter\View\{closure}()
 3 SYSTEMPATH/Common.php(1169): CodeIgniter\View\View->render()
 4 APPPATH/Controllers/ProduitController.php(52): view()
 5 SYSTEMPATH/CodeIgniter.php(933): App\Controllers\ProduitController->indexProduct()
 6 SYSTEMPATH/CodeIgniter.php(509): CodeIgniter\CodeIgniter->runController()
 7 SYSTEMPATH/CodeIgniter.php(355): CodeIgniter\CodeIgniter->handleRequest()
 8 SYSTEMPATH/Boot.php(325): CodeIgniter\CodeIgniter->run()
 9 SYSTEMPATH/Boot.php(67): CodeIgniter\Boot::runCodeIgniter()
10 FCPATH/index.php(56): CodeIgniter\Boot::bootWeb()
11 SYSTEMPATH/rewrite.php(44): require_once('/home/etudiant/co221148/TP/s5/s5.01_developpement_avance/SAE/S501-Saiyans-Coaching/public/index.php')
CRITICAL - 2024-12-03 09:54:21 --> TypeError: Cannot access offset of type string on string
[Method: GET, Route: produit/unique/1]
in APPPATH/Views/Produit/DetailsProduit.php on line 45.
 1 SYSTEMPATH/View/View.php(234): include()
 2 SYSTEMPATH/View/View.php(237): CodeIgniter\View\View->CodeIgniter\View\{closure}()
 3 SYSTEMPATH/Common.php(1169): CodeIgniter\View\View->render()
 4 APPPATH/Controllers/ProduitController.php(52): view()
 5 SYSTEMPATH/CodeIgniter.php(933): App\Controllers\ProduitController->indexProduct()
 6 SYSTEMPATH/CodeIgniter.php(509): CodeIgniter\CodeIgniter->runController()
 7 SYSTEMPATH/CodeIgniter.php(355): CodeIgniter\CodeIgniter->handleRequest()
 8 SYSTEMPATH/Boot.php(325): CodeIgniter\CodeIgniter->run()
 9 SYSTEMPATH/Boot.php(67): CodeIgniter\Boot::runCodeIgniter()
10 FCPATH/index.php(56): CodeIgniter\Boot::bootWeb()
11 SYSTEMPATH/rewrite.php(44): require_once('/home/etudiant/co221148/TP/s5/s5.01_developpement_avance/SAE/S501-Saiyans-Coaching/public/index.php')
CRITICAL - 2024-12-03 09:54:37 --> TypeError: Cannot access offset of type string on string
[Method: GET, Route: produit/unique/1]
in APPPATH/Views/Produit/DetailsProduit.php on line 45.
 1 SYSTEMPATH/View/View.php(234): include()
 2 SYSTEMPATH/View/View.php(237): CodeIgniter\View\View->CodeIgniter\View\{closure}()
 3 SYSTEMPATH/Common.php(1169): CodeIgniter\View\View->render()
 4 APPPATH/Controllers/ProduitController.php(52): view()
 5 SYSTEMPATH/CodeIgniter.php(933): App\Controllers\ProduitController->indexProduct()
 6 SYSTEMPATH/CodeIgniter.php(509): CodeIgniter\CodeIgniter->runController()
 7 SYSTEMPATH/CodeIgniter.php(355): CodeIgniter\CodeIgniter->handleRequest()
 8 SYSTEMPATH/Boot.php(325): CodeIgniter\CodeIgniter->run()
 9 SYSTEMPATH/Boot.php(67): CodeIgniter\Boot::runCodeIgniter()
10 FCPATH/index.php(56): CodeIgniter\Boot::bootWeb()
11 SYSTEMPATH/rewrite.php(44): require_once('/home/etudiant/co221148/TP/s5/s5.01_developpement_avance/SAE/S501-Saiyans-Coaching/public/index.php')
CRITICAL - 2024-12-03 09:54:39 --> TypeError: Cannot access offset of type string on string
[Method: GET, Route: produit/unique/1]
in APPPATH/Views/Produit/DetailsProduit.php on line 45.
 1 SYSTEMPATH/View/View.php(234): include()
 2 SYSTEMPATH/View/View.php(237): CodeIgniter\View\View->CodeIgniter\View\{closure}()
 3 SYSTEMPATH/Common.php(1169): CodeIgniter\View\View->render()
 4 APPPATH/Controllers/ProduitController.php(52): view()
 5 SYSTEMPATH/CodeIgniter.php(933): App\Controllers\ProduitController->indexProduct()
 6 SYSTEMPATH/CodeIgniter.php(509): CodeIgniter\CodeIgniter->runController()
 7 SYSTEMPATH/CodeIgniter.php(355): CodeIgniter\CodeIgniter->handleRequest()
 8 SYSTEMPATH/Boot.php(325): CodeIgniter\CodeIgniter->run()
 9 SYSTEMPATH/Boot.php(67): CodeIgniter\Boot::runCodeIgniter()
10 FCPATH/index.php(56): CodeIgniter\Boot::bootWeb()
11 SYSTEMPATH/rewrite.php(44): require_once('/home/etudiant/co221148/TP/s5/s5.01_developpement_avance/SAE/S501-Saiyans-Coaching/public/index.php')
CRITICAL - 2024-12-03 09:55:41 --> TypeError: Cannot access offset of type string on string
[Method: GET, Route: produit/unique/1]
in APPPATH/Views/Produit/DetailsProduit.php on line 45.
 1 SYSTEMPATH/View/View.php(234): include()
 2 SYSTEMPATH/View/View.php(237): CodeIgniter\View\View->CodeIgniter\View\{closure}()
 3 SYSTEMPATH/Common.php(1169): CodeIgniter\View\View->render()
 4 APPPATH/Controllers/ProduitController.php(53): view()
 5 SYSTEMPATH/CodeIgniter.php(933): App\Controllers\ProduitController->indexProduct()
 6 SYSTEMPATH/CodeIgniter.php(509): CodeIgniter\CodeIgniter->runController()
 7 SYSTEMPATH/CodeIgniter.php(355): CodeIgniter\CodeIgniter->handleRequest()
 8 SYSTEMPATH/Boot.php(325): CodeIgniter\CodeIgniter->run()
 9 SYSTEMPATH/Boot.php(67): CodeIgniter\Boot::runCodeIgniter()
10 FCPATH/index.php(56): CodeIgniter\Boot::bootWeb()
11 SYSTEMPATH/rewrite.php(44): require_once('/home/etudiant/co221148/TP/s5/s5.01_developpement_avance/SAE/S501-Saiyans-Coaching/public/index.php')
CRITICAL - 2024-12-03 09:55:42 --> TypeError: Cannot access offset of type string on string
[Method: GET, Route: produit/unique/1]
in APPPATH/Views/Produit/DetailsProduit.php on line 45.
 1 SYSTEMPATH/View/View.php(234): include()
 2 SYSTEMPATH/View/View.php(237): CodeIgniter\View\View->CodeIgniter\View\{closure}()
 3 SYSTEMPATH/Common.php(1169): CodeIgniter\View\View->render()
 4 APPPATH/Controllers/ProduitController.php(53): view()
 5 SYSTEMPATH/CodeIgniter.php(933): App\Controllers\ProduitController->indexProduct()
 6 SYSTEMPATH/CodeIgniter.php(509): CodeIgniter\CodeIgniter->runController()
 7 SYSTEMPATH/CodeIgniter.php(355): CodeIgniter\CodeIgniter->handleRequest()
 8 SYSTEMPATH/Boot.php(325): CodeIgniter\CodeIgniter->run()
 9 SYSTEMPATH/Boot.php(67): CodeIgniter\Boot::runCodeIgniter()
10 FCPATH/index.php(56): CodeIgniter\Boot::bootWeb()
11 SYSTEMPATH/rewrite.php(44): require_once('/home/etudiant/co221148/TP/s5/s5.01_developpement_avance/SAE/S501-Saiyans-Coaching/public/index.php')
CRITICAL - 2024-12-03 09:57:58 --> TypeError: Cannot access offset of type string on string
[Method: GET, Route: produit/unique/1]
in APPPATH/Views/Produit/DetailsProduit.php on line 45.
 1 SYSTEMPATH/View/View.php(234): include()
 2 SYSTEMPATH/View/View.php(237): CodeIgniter\View\View->CodeIgniter\View\{closure}()
 3 SYSTEMPATH/Common.php(1169): CodeIgniter\View\View->render()
 4 APPPATH/Controllers/ProduitController.php(53): view()
 5 SYSTEMPATH/CodeIgniter.php(933): App\Controllers\ProduitController->indexProduct()
 6 SYSTEMPATH/CodeIgniter.php(509): CodeIgniter\CodeIgniter->runController()
 7 SYSTEMPATH/CodeIgniter.php(355): CodeIgniter\CodeIgniter->handleRequest()
 8 SYSTEMPATH/Boot.php(325): CodeIgniter\CodeIgniter->run()
 9 SYSTEMPATH/Boot.php(67): CodeIgniter\Boot::runCodeIgniter()
10 FCPATH/index.php(56): CodeIgniter\Boot::bootWeb()
11 SYSTEMPATH/rewrite.php(44): require_once('/home/etudiant/co221148/TP/s5/s5.01_developpement_avance/SAE/S501-Saiyans-Coaching/public/index.php')
CRITICAL - 2024-12-03 09:57:59 --> TypeError: Cannot access offset of type string on string
[Method: GET, Route: produit/unique/1]
in APPPATH/Views/Produit/DetailsProduit.php on line 45.
 1 SYSTEMPATH/View/View.php(234): include()
 2 SYSTEMPATH/View/View.php(237): CodeIgniter\View\View->CodeIgniter\View\{closure}()
 3 SYSTEMPATH/Common.php(1169): CodeIgniter\View\View->render()
 4 APPPATH/Controllers/ProduitController.php(53): view()
 5 SYSTEMPATH/CodeIgniter.php(933): App\Controllers\ProduitController->indexProduct()
 6 SYSTEMPATH/CodeIgniter.php(509): CodeIgniter\CodeIgniter->runController()
 7 SYSTEMPATH/CodeIgniter.php(355): CodeIgniter\CodeIgniter->handleRequest()
 8 SYSTEMPATH/Boot.php(325): CodeIgniter\CodeIgniter->run()
 9 SYSTEMPATH/Boot.php(67): CodeIgniter\Boot::runCodeIgniter()
10 FCPATH/index.php(56): CodeIgniter\Boot::bootWeb()
11 SYSTEMPATH/rewrite.php(44): require_once('/home/etudiant/co221148/TP/s5/s5.01_developpement_avance/SAE/S501-Saiyans-Coaching/public/index.php')
CRITICAL - 2024-12-03 09:57:59 --> TypeError: Cannot access offset of type string on string
[Method: GET, Route: produit/unique/1]
in APPPATH/Views/Produit/DetailsProduit.php on line 45.
 1 SYSTEMPATH/View/View.php(234): include()
 2 SYSTEMPATH/View/View.php(237): CodeIgniter\View\View->CodeIgniter\View\{closure}()
 3 SYSTEMPATH/Common.php(1169): CodeIgniter\View\View->render()
 4 APPPATH/Controllers/ProduitController.php(53): view()
 5 SYSTEMPATH/CodeIgniter.php(933): App\Controllers\ProduitController->indexProduct()
 6 SYSTEMPATH/CodeIgniter.php(509): CodeIgniter\CodeIgniter->runController()
 7 SYSTEMPATH/CodeIgniter.php(355): CodeIgniter\CodeIgniter->handleRequest()
 8 SYSTEMPATH/Boot.php(325): CodeIgniter\CodeIgniter->run()
 9 SYSTEMPATH/Boot.php(67): CodeIgniter\Boot::runCodeIgniter()
10 FCPATH/index.php(56): CodeIgniter\Boot::bootWeb()
11 SYSTEMPATH/rewrite.php(44): require_once('/home/etudiant/co221148/TP/s5/s5.01_developpement_avance/SAE/S501-Saiyans-Coaching/public/index.php')
CRITICAL - 2024-12-03 09:58:00 --> TypeError: Cannot access offset of type string on string
[Method: GET, Route: produit/unique/1]
in APPPATH/Views/Produit/DetailsProduit.php on line 45.
 1 SYSTEMPATH/View/View.php(234): include()
 2 SYSTEMPATH/View/View.php(237): CodeIgniter\View\View->CodeIgniter\View\{closure}()
 3 SYSTEMPATH/Common.php(1169): CodeIgniter\View\View->render()
 4 APPPATH/Controllers/ProduitController.php(53): view()
 5 SYSTEMPATH/CodeIgniter.php(933): App\Controllers\ProduitController->indexProduct()
 6 SYSTEMPATH/CodeIgniter.php(509): CodeIgniter\CodeIgniter->runController()
 7 SYSTEMPATH/CodeIgniter.php(355): CodeIgniter\CodeIgniter->handleRequest()
 8 SYSTEMPATH/Boot.php(325): CodeIgniter\CodeIgniter->run()
 9 SYSTEMPATH/Boot.php(67): CodeIgniter\Boot::runCodeIgniter()
10 FCPATH/index.php(56): CodeIgniter\Boot::bootWeb()
11 SYSTEMPATH/rewrite.php(44): require_once('/home/etudiant/co221148/TP/s5/s5.01_developpement_avance/SAE/S501-Saiyans-Coaching/public/index.php')
CRITICAL - 2024-12-03 09:58:00 --> TypeError: Cannot access offset of type string on string
[Method: GET, Route: produit/unique/1]
in APPPATH/Views/Produit/DetailsProduit.php on line 45.
 1 SYSTEMPATH/View/View.php(234): include()
 2 SYSTEMPATH/View/View.php(237): CodeIgniter\View\View->CodeIgniter\View\{closure}()
 3 SYSTEMPATH/Common.php(1169): CodeIgniter\View\View->render()
 4 APPPATH/Controllers/ProduitController.php(53): view()
 5 SYSTEMPATH/CodeIgniter.php(933): App\Controllers\ProduitController->indexProduct()
 6 SYSTEMPATH/CodeIgniter.php(509): CodeIgniter\CodeIgniter->runController()
 7 SYSTEMPATH/CodeIgniter.php(355): CodeIgniter\CodeIgniter->handleRequest()
 8 SYSTEMPATH/Boot.php(325): CodeIgniter\CodeIgniter->run()
 9 SYSTEMPATH/Boot.php(67): CodeIgniter\Boot::runCodeIgniter()
10 FCPATH/index.php(56): CodeIgniter\Boot::bootWeb()
11 SYSTEMPATH/rewrite.php(44): require_once('/home/etudiant/co221148/TP/s5/s5.01_developpement_avance/SAE/S501-Saiyans-Coaching/public/index.php')
CRITICAL - 2024-12-03 09:58:00 --> TypeError: Cannot access offset of type string on string
[Method: GET, Route: produit/unique/1]
in APPPATH/Views/Produit/DetailsProduit.php on line 45.
 1 SYSTEMPATH/View/View.php(234): include()
 2 SYSTEMPATH/View/View.php(237): CodeIgniter\View\View->CodeIgniter\View\{closure}()
 3 SYSTEMPATH/Common.php(1169): CodeIgniter\View\View->render()
 4 APPPATH/Controllers/ProduitController.php(53): view()
 5 SYSTEMPATH/CodeIgniter.php(933): App\Controllers\ProduitController->indexProduct()
 6 SYSTEMPATH/CodeIgniter.php(509): CodeIgniter\CodeIgniter->runController()
 7 SYSTEMPATH/CodeIgniter.php(355): CodeIgniter\CodeIgniter->handleRequest()
 8 SYSTEMPATH/Boot.php(325): CodeIgniter\CodeIgniter->run()
 9 SYSTEMPATH/Boot.php(67): CodeIgniter\Boot::runCodeIgniter()
10 FCPATH/index.php(56): CodeIgniter\Boot::bootWeb()
11 SYSTEMPATH/rewrite.php(44): require_once('/home/etudiant/co221148/TP/s5/s5.01_developpement_avance/SAE/S501-Saiyans-Coaching/public/index.php')
CRITICAL - 2024-12-03 09:58:00 --> TypeError: Cannot access offset of type string on string
[Method: GET, Route: produit/unique/1]
in APPPATH/Views/Produit/DetailsProduit.php on line 45.
 1 SYSTEMPATH/View/View.php(234): include()
 2 SYSTEMPATH/View/View.php(237): CodeIgniter\View\View->CodeIgniter\View\{closure}()
 3 SYSTEMPATH/Common.php(1169): CodeIgniter\View\View->render()
 4 APPPATH/Controllers/ProduitController.php(53): view()
 5 SYSTEMPATH/CodeIgniter.php(933): App\Controllers\ProduitController->indexProduct()
 6 SYSTEMPATH/CodeIgniter.php(509): CodeIgniter\CodeIgniter->runController()
 7 SYSTEMPATH/CodeIgniter.php(355): CodeIgniter\CodeIgniter->handleRequest()
 8 SYSTEMPATH/Boot.php(325): CodeIgniter\CodeIgniter->run()
 9 SYSTEMPATH/Boot.php(67): CodeIgniter\Boot::runCodeIgniter()
10 FCPATH/index.php(56): CodeIgniter\Boot::bootWeb()
11 SYSTEMPATH/rewrite.php(44): require_once('/home/etudiant/co221148/TP/s5/s5.01_developpement_avance/SAE/S501-Saiyans-Coaching/public/index.php')
CRITICAL - 2024-12-03 09:58:00 --> TypeError: Cannot access offset of type string on string
[Method: GET, Route: produit/unique/1]
in APPPATH/Views/Produit/DetailsProduit.php on line 45.
 1 SYSTEMPATH/View/View.php(234): include()
 2 SYSTEMPATH/View/View.php(237): CodeIgniter\View\View->CodeIgniter\View\{closure}()
 3 SYSTEMPATH/Common.php(1169): CodeIgniter\View\View->render()
 4 APPPATH/Controllers/ProduitController.php(53): view()
 5 SYSTEMPATH/CodeIgniter.php(933): App\Controllers\ProduitController->indexProduct()
 6 SYSTEMPATH/CodeIgniter.php(509): CodeIgniter\CodeIgniter->runController()
 7 SYSTEMPATH/CodeIgniter.php(355): CodeIgniter\CodeIgniter->handleRequest()
 8 SYSTEMPATH/Boot.php(325): CodeIgniter\CodeIgniter->run()
 9 SYSTEMPATH/Boot.php(67): CodeIgniter\Boot::runCodeIgniter()
10 FCPATH/index.php(56): CodeIgniter\Boot::bootWeb()
11 SYSTEMPATH/rewrite.php(44): require_once('/home/etudiant/co221148/TP/s5/s5.01_developpement_avance/SAE/S501-Saiyans-Coaching/public/index.php')
CRITICAL - 2024-12-03 09:58:01 --> TypeError: Cannot access offset of type string on string
[Method: GET, Route: produit/unique/1]
in APPPATH/Views/Produit/DetailsProduit.php on line 45.
 1 SYSTEMPATH/View/View.php(234): include()
 2 SYSTEMPATH/View/View.php(237): CodeIgniter\View\View->CodeIgniter\View\{closure}()
 3 SYSTEMPATH/Common.php(1169): CodeIgniter\View\View->render()
 4 APPPATH/Controllers/ProduitController.php(53): view()
 5 SYSTEMPATH/CodeIgniter.php(933): App\Controllers\ProduitController->indexProduct()
 6 SYSTEMPATH/CodeIgniter.php(509): CodeIgniter\CodeIgniter->runController()
 7 SYSTEMPATH/CodeIgniter.php(355): CodeIgniter\CodeIgniter->handleRequest()
 8 SYSTEMPATH/Boot.php(325): CodeIgniter\CodeIgniter->run()
 9 SYSTEMPATH/Boot.php(67): CodeIgniter\Boot::runCodeIgniter()
10 FCPATH/index.php(56): CodeIgniter\Boot::bootWeb()
11 SYSTEMPATH/rewrite.php(44): require_once('/home/etudiant/co221148/TP/s5/s5.01_developpement_avance/SAE/S501-Saiyans-Coaching/public/index.php')
CRITICAL - 2024-12-03 09:58:01 --> TypeError: Cannot access offset of type string on string
[Method: GET, Route: produit/unique/1]
in APPPATH/Views/Produit/DetailsProduit.php on line 45.
 1 SYSTEMPATH/View/View.php(234): include()
 2 SYSTEMPATH/View/View.php(237): CodeIgniter\View\View->CodeIgniter\View\{closure}()
 3 SYSTEMPATH/Common.php(1169): CodeIgniter\View\View->render()
 4 APPPATH/Controllers/ProduitController.php(53): view()
 5 SYSTEMPATH/CodeIgniter.php(933): App\Controllers\ProduitController->indexProduct()
 6 SYSTEMPATH/CodeIgniter.php(509): CodeIgniter\CodeIgniter->runController()
 7 SYSTEMPATH/CodeIgniter.php(355): CodeIgniter\CodeIgniter->handleRequest()
 8 SYSTEMPATH/Boot.php(325): CodeIgniter\CodeIgniter->run()
 9 SYSTEMPATH/Boot.php(67): CodeIgniter\Boot::runCodeIgniter()
10 FCPATH/index.php(56): CodeIgniter\Boot::bootWeb()
11 SYSTEMPATH/rewrite.php(44): require_once('/home/etudiant/co221148/TP/s5/s5.01_developpement_avance/SAE/S501-Saiyans-Coaching/public/index.php')
CRITICAL - 2024-12-03 09:58:01 --> TypeError: Cannot access offset of type string on string
[Method: GET, Route: produit/unique/1]
in APPPATH/Views/Produit/DetailsProduit.php on line 45.
 1 SYSTEMPATH/View/View.php(234): include()
 2 SYSTEMPATH/View/View.php(237): CodeIgniter\View\View->CodeIgniter\View\{closure}()
 3 SYSTEMPATH/Common.php(1169): CodeIgniter\View\View->render()
 4 APPPATH/Controllers/ProduitController.php(53): view()
 5 SYSTEMPATH/CodeIgniter.php(933): App\Controllers\ProduitController->indexProduct()
 6 SYSTEMPATH/CodeIgniter.php(509): CodeIgniter\CodeIgniter->runController()
 7 SYSTEMPATH/CodeIgniter.php(355): CodeIgniter\CodeIgniter->handleRequest()
 8 SYSTEMPATH/Boot.php(325): CodeIgniter\CodeIgniter->run()
 9 SYSTEMPATH/Boot.php(67): CodeIgniter\Boot::runCodeIgniter()
10 FCPATH/index.php(56): CodeIgniter\Boot::bootWeb()
11 SYSTEMPATH/rewrite.php(44): require_once('/home/etudiant/co221148/TP/s5/s5.01_developpement_avance/SAE/S501-Saiyans-Coaching/public/index.php')
CRITICAL - 2024-12-03 09:58:01 --> TypeError: Cannot access offset of type string on string
[Method: GET, Route: produit/unique/1]
in APPPATH/Views/Produit/DetailsProduit.php on line 45.
 1 SYSTEMPATH/View/View.php(234): include()
 2 SYSTEMPATH/View/View.php(237): CodeIgniter\View\View->CodeIgniter\View\{closure}()
 3 SYSTEMPATH/Common.php(1169): CodeIgniter\View\View->render()
 4 APPPATH/Controllers/ProduitController.php(53): view()
 5 SYSTEMPATH/CodeIgniter.php(933): App\Controllers\ProduitController->indexProduct()
 6 SYSTEMPATH/CodeIgniter.php(509): CodeIgniter\CodeIgniter->runController()
 7 SYSTEMPATH/CodeIgniter.php(355): CodeIgniter\CodeIgniter->handleRequest()
 8 SYSTEMPATH/Boot.php(325): CodeIgniter\CodeIgniter->run()
 9 SYSTEMPATH/Boot.php(67): CodeIgniter\Boot::runCodeIgniter()
10 FCPATH/index.php(56): CodeIgniter\Boot::bootWeb()
11 SYSTEMPATH/rewrite.php(44): require_once('/home/etudiant/co221148/TP/s5/s5.01_developpement_avance/SAE/S501-Saiyans-Coaching/public/index.php')
CRITICAL - 2024-12-03 09:58:10 --> TypeError: Cannot access offset of type string on string
[Method: GET, Route: produit/unique/1]
in APPPATH/Views/Produit/DetailsProduit.php on line 45.
 1 SYSTEMPATH/View/View.php(234): include()
 2 SYSTEMPATH/View/View.php(237): CodeIgniter\View\View->CodeIgniter\View\{closure}()
 3 SYSTEMPATH/Common.php(1169): CodeIgniter\View\View->render()
 4 APPPATH/Controllers/ProduitController.php(52): view()
 5 SYSTEMPATH/CodeIgniter.php(933): App\Controllers\ProduitController->indexProduct()
 6 SYSTEMPATH/CodeIgniter.php(509): CodeIgniter\CodeIgniter->runController()
 7 SYSTEMPATH/CodeIgniter.php(355): CodeIgniter\CodeIgniter->handleRequest()
 8 SYSTEMPATH/Boot.php(325): CodeIgniter\CodeIgniter->run()
 9 SYSTEMPATH/Boot.php(67): CodeIgniter\Boot::runCodeIgniter()
10 FCPATH/index.php(56): CodeIgniter\Boot::bootWeb()
11 SYSTEMPATH/rewrite.php(44): require_once('/home/etudiant/co221148/TP/s5/s5.01_developpement_avance/SAE/S501-Saiyans-Coaching/public/index.php')
CRITICAL - 2024-12-03 09:58:22 --> TypeError: Cannot access offset of type string on string
[Method: GET, Route: produit/unique/1]
in APPPATH/Views/Produit/DetailsProduit.php on line 45.
 1 SYSTEMPATH/View/View.php(234): include()
 2 SYSTEMPATH/View/View.php(237): CodeIgniter\View\View->CodeIgniter\View\{closure}()
 3 SYSTEMPATH/Common.php(1169): CodeIgniter\View\View->render()
 4 APPPATH/Controllers/ProduitController.php(52): view()
 5 SYSTEMPATH/CodeIgniter.php(933): App\Controllers\ProduitController->indexProduct()
 6 SYSTEMPATH/CodeIgniter.php(509): CodeIgniter\CodeIgniter->runController()
 7 SYSTEMPATH/CodeIgniter.php(355): CodeIgniter\CodeIgniter->handleRequest()
 8 SYSTEMPATH/Boot.php(325): CodeIgniter\CodeIgniter->run()
 9 SYSTEMPATH/Boot.php(67): CodeIgniter\Boot::runCodeIgniter()
10 FCPATH/index.php(56): CodeIgniter\Boot::bootWeb()
11 SYSTEMPATH/rewrite.php(44): require_once('/home/etudiant/co221148/TP/s5/s5.01_developpement_avance/SAE/S501-Saiyans-Coaching/public/index.php')
CRITICAL - 2024-12-03 09:58:22 --> TypeError: Cannot access offset of type string on string
[Method: GET, Route: produit/unique/1]
in APPPATH/Views/Produit/DetailsProduit.php on line 45.
 1 SYSTEMPATH/View/View.php(234): include()
 2 SYSTEMPATH/View/View.php(237): CodeIgniter\View\View->CodeIgniter\View\{closure}()
 3 SYSTEMPATH/Common.php(1169): CodeIgniter\View\View->render()
 4 APPPATH/Controllers/ProduitController.php(52): view()
 5 SYSTEMPATH/CodeIgniter.php(933): App\Controllers\ProduitController->indexProduct()
 6 SYSTEMPATH/CodeIgniter.php(509): CodeIgniter\CodeIgniter->runController()
 7 SYSTEMPATH/CodeIgniter.php(355): CodeIgniter\CodeIgniter->handleRequest()
 8 SYSTEMPATH/Boot.php(325): CodeIgniter\CodeIgniter->run()
 9 SYSTEMPATH/Boot.php(67): CodeIgniter\Boot::runCodeIgniter()
10 FCPATH/index.php(56): CodeIgniter\Boot::bootWeb()
11 SYSTEMPATH/rewrite.php(44): require_once('/home/etudiant/co221148/TP/s5/s5.01_developpement_avance/SAE/S501-Saiyans-Coaching/public/index.php')
CRITICAL - 2024-12-03 09:58:23 --> TypeError: Cannot access offset of type string on string
[Method: GET, Route: produit/unique/1]
in APPPATH/Views/Produit/DetailsProduit.php on line 45.
 1 SYSTEMPATH/View/View.php(234): include()
 2 SYSTEMPATH/View/View.php(237): CodeIgniter\View\View->CodeIgniter\View\{closure}()
 3 SYSTEMPATH/Common.php(1169): CodeIgniter\View\View->render()
 4 APPPATH/Controllers/ProduitController.php(52): view()
 5 SYSTEMPATH/CodeIgniter.php(933): App\Controllers\ProduitController->indexProduct()
 6 SYSTEMPATH/CodeIgniter.php(509): CodeIgniter\CodeIgniter->runController()
 7 SYSTEMPATH/CodeIgniter.php(355): CodeIgniter\CodeIgniter->handleRequest()
 8 SYSTEMPATH/Boot.php(325): CodeIgniter\CodeIgniter->run()
 9 SYSTEMPATH/Boot.php(67): CodeIgniter\Boot::runCodeIgniter()
10 FCPATH/index.php(56): CodeIgniter\Boot::bootWeb()
11 SYSTEMPATH/rewrite.php(44): require_once('/home/etudiant/co221148/TP/s5/s5.01_developpement_avance/SAE/S501-Saiyans-Coaching/public/index.php')
CRITICAL - 2024-12-03 09:58:23 --> TypeError: Cannot access offset of type string on string
[Method: GET, Route: produit/unique/1]
in APPPATH/Views/Produit/DetailsProduit.php on line 45.
 1 SYSTEMPATH/View/View.php(234): include()
 2 SYSTEMPATH/View/View.php(237): CodeIgniter\View\View->CodeIgniter\View\{closure}()
 3 SYSTEMPATH/Common.php(1169): CodeIgniter\View\View->render()
 4 APPPATH/Controllers/ProduitController.php(52): view()
 5 SYSTEMPATH/CodeIgniter.php(933): App\Controllers\ProduitController->indexProduct()
 6 SYSTEMPATH/CodeIgniter.php(509): CodeIgniter\CodeIgniter->runController()
 7 SYSTEMPATH/CodeIgniter.php(355): CodeIgniter\CodeIgniter->handleRequest()
 8 SYSTEMPATH/Boot.php(325): CodeIgniter\CodeIgniter->run()
 9 SYSTEMPATH/Boot.php(67): CodeIgniter\Boot::runCodeIgniter()
10 FCPATH/index.php(56): CodeIgniter\Boot::bootWeb()
11 SYSTEMPATH/rewrite.php(44): require_once('/home/etudiant/co221148/TP/s5/s5.01_developpement_avance/SAE/S501-Saiyans-Coaching/public/index.php')
CRITICAL - 2024-12-03 09:58:23 --> TypeError: Cannot access offset of type string on string
[Method: GET, Route: produit/unique/1]
in APPPATH/Views/Produit/DetailsProduit.php on line 45.
 1 SYSTEMPATH/View/View.php(234): include()
 2 SYSTEMPATH/View/View.php(237): CodeIgniter\View\View->CodeIgniter\View\{closure}()
 3 SYSTEMPATH/Common.php(1169): CodeIgniter\View\View->render()
 4 APPPATH/Controllers/ProduitController.php(52): view()
 5 SYSTEMPATH/CodeIgniter.php(933): App\Controllers\ProduitController->indexProduct()
 6 SYSTEMPATH/CodeIgniter.php(509): CodeIgniter\CodeIgniter->runController()
 7 SYSTEMPATH/CodeIgniter.php(355): CodeIgniter\CodeIgniter->handleRequest()
 8 SYSTEMPATH/Boot.php(325): CodeIgniter\CodeIgniter->run()
 9 SYSTEMPATH/Boot.php(67): CodeIgniter\Boot::runCodeIgniter()
10 FCPATH/index.php(56): CodeIgniter\Boot::bootWeb()
11 SYSTEMPATH/rewrite.php(44): require_once('/home/etudiant/co221148/TP/s5/s5.01_developpement_avance/SAE/S501-Saiyans-Coaching/public/index.php')
CRITICAL - 2024-12-03 09:59:40 --> TypeError: Cannot access offset of type string on string
[Method: GET, Route: produit/unique/1]
in APPPATH/Views/Produit/DetailsProduit.php on line 45.
 1 SYSTEMPATH/View/View.php(234): include()
 2 SYSTEMPATH/View/View.php(237): CodeIgniter\View\View->CodeIgniter\View\{closure}()
 3 SYSTEMPATH/Common.php(1169): CodeIgniter\View\View->render()
 4 APPPATH/Controllers/ProduitController.php(52): view()
 5 SYSTEMPATH/CodeIgniter.php(933): App\Controllers\ProduitController->indexProduct()
 6 SYSTEMPATH/CodeIgniter.php(509): CodeIgniter\CodeIgniter->runController()
 7 SYSTEMPATH/CodeIgniter.php(355): CodeIgniter\CodeIgniter->handleRequest()
 8 SYSTEMPATH/Boot.php(325): CodeIgniter\CodeIgniter->run()
 9 SYSTEMPATH/Boot.php(67): CodeIgniter\Boot::runCodeIgniter()
10 FCPATH/index.php(56): CodeIgniter\Boot::bootWeb()
11 SYSTEMPATH/rewrite.php(44): require_once('/home/etudiant/co221148/TP/s5/s5.01_developpement_avance/SAE/S501-Saiyans-Coaching/public/index.php')
CRITICAL - 2024-12-03 10:01:53 --> TypeError: Cannot access offset of type string on string
[Method: GET, Route: produit/unique/1]
in APPPATH/Views/Produit/DetailsProduit.php on line 45.
 1 SYSTEMPATH/View/View.php(234): include()
 2 SYSTEMPATH/View/View.php(237): CodeIgniter\View\View->CodeIgniter\View\{closure}()
 3 SYSTEMPATH/Common.php(1169): CodeIgniter\View\View->render()
 4 APPPATH/Controllers/ProduitController.php(52): view()
 5 SYSTEMPATH/CodeIgniter.php(933): App\Controllers\ProduitController->indexProduct()
 6 SYSTEMPATH/CodeIgniter.php(509): CodeIgniter\CodeIgniter->runController()
 7 SYSTEMPATH/CodeIgniter.php(355): CodeIgniter\CodeIgniter->handleRequest()
 8 SYSTEMPATH/Boot.php(325): CodeIgniter\CodeIgniter->run()
 9 SYSTEMPATH/Boot.php(67): CodeIgniter\Boot::runCodeIgniter()
10 FCPATH/index.php(56): CodeIgniter\Boot::bootWeb()
11 SYSTEMPATH/rewrite.php(44): require_once('/home/etudiant/co221148/TP/s5/s5.01_developpement_avance/SAE/S501-Saiyans-Coaching/public/index.php')
CRITICAL - 2024-12-03 10:02:25 --> TypeError: Cannot access offset of type string on string
[Method: GET, Route: produit/unique/1]
in APPPATH/Views/Produit/DetailsProduit.php on line 45.
 1 SYSTEMPATH/View/View.php(234): include()
 2 SYSTEMPATH/View/View.php(237): CodeIgniter\View\View->CodeIgniter\View\{closure}()
 3 SYSTEMPATH/Common.php(1169): CodeIgniter\View\View->render()
 4 APPPATH/Controllers/ProduitController.php(52): view()
 5 SYSTEMPATH/CodeIgniter.php(933): App\Controllers\ProduitController->indexProduct()
 6 SYSTEMPATH/CodeIgniter.php(509): CodeIgniter\CodeIgniter->runController()
 7 SYSTEMPATH/CodeIgniter.php(355): CodeIgniter\CodeIgniter->handleRequest()
 8 SYSTEMPATH/Boot.php(325): CodeIgniter\CodeIgniter->run()
 9 SYSTEMPATH/Boot.php(67): CodeIgniter\Boot::runCodeIgniter()
10 FCPATH/index.php(56): CodeIgniter\Boot::bootWeb()
11 SYSTEMPATH/rewrite.php(44): require_once('/home/etudiant/co221148/TP/s5/s5.01_developpement_avance/SAE/S501-Saiyans-Coaching/public/index.php')
CRITICAL - 2024-12-03 10:03:43 --> TypeError: Cannot access offset of type string on string
[Method: GET, Route: produit/unique/1]
in APPPATH/Views/Produit/DetailsProduit.php on line 45.
 1 SYSTEMPATH/View/View.php(234): include()
 2 SYSTEMPATH/View/View.php(237): CodeIgniter\View\View->CodeIgniter\View\{closure}()
 3 SYSTEMPATH/Common.php(1169): CodeIgniter\View\View->render()
 4 APPPATH/Controllers/ProduitController.php(52): view()
 5 SYSTEMPATH/CodeIgniter.php(933): App\Controllers\ProduitController->indexProduct()
 6 SYSTEMPATH/CodeIgniter.php(509): CodeIgniter\CodeIgniter->runController()
 7 SYSTEMPATH/CodeIgniter.php(355): CodeIgniter\CodeIgniter->handleRequest()
 8 SYSTEMPATH/Boot.php(325): CodeIgniter\CodeIgniter->run()
 9 SYSTEMPATH/Boot.php(67): CodeIgniter\Boot::runCodeIgniter()
10 FCPATH/index.php(56): CodeIgniter\Boot::bootWeb()
11 SYSTEMPATH/rewrite.php(44): require_once('/home/etudiant/co221148/TP/s5/s5.01_developpement_avance/SAE/S501-Saiyans-Coaching/public/index.php')
CRITICAL - 2024-12-03 10:07:51 --> ParseError: syntax error, unexpected token "->", expecting "function"
[Method: GET, Route: ProduitController]
in APPPATH/Models/ProduitModel.php on line 26.
 1 SYSTEMPATH/Autoloader/Autoloader.php(296): CodeIgniter\Autoloader\Autoloader->includeFile()
 2 SYSTEMPATH/Autoloader/Autoloader.php(272): CodeIgniter\Autoloader\Autoloader->loadInNamespace()
 3 APPPATH/Controllers/ProduitController.php(26): CodeIgniter\Autoloader\Autoloader->loadClass()
 4 SYSTEMPATH/CodeIgniter.php(933): App\Controllers\ProduitController->index()
 5 SYSTEMPATH/CodeIgniter.php(509): CodeIgniter\CodeIgniter->runController()
 6 SYSTEMPATH/CodeIgniter.php(355): CodeIgniter\CodeIgniter->handleRequest()
 7 SYSTEMPATH/Boot.php(325): CodeIgniter\CodeIgniter->run()
 8 SYSTEMPATH/Boot.php(67): CodeIgniter\Boot::runCodeIgniter()
 9 FCPATH/index.php(56): CodeIgniter\Boot::bootWeb()
10 SYSTEMPATH/rewrite.php(44): require_once('/home/etudiant/co221148/TP/s5/s5.01_developpement_avance/SAE/S501-Saiyans-Coaching/public/index.php')
CRITICAL - 2024-12-03 10:09:24 --> TypeError: Cannot access offset of type string on string
[Method: GET, Route: ProduitController]
in APPPATH/Views/Produit/ProduitView.php on line 33.
 1 SYSTEMPATH/View/View.php(234): include()
 2 SYSTEMPATH/View/View.php(237): CodeIgniter\View\View->CodeIgniter\View\{closure}()
 3 SYSTEMPATH/Common.php(1169): CodeIgniter\View\View->render()
 4 APPPATH/Controllers/ProduitController.php(34): view()
 5 SYSTEMPATH/CodeIgniter.php(933): App\Controllers\ProduitController->index()
 6 SYSTEMPATH/CodeIgniter.php(509): CodeIgniter\CodeIgniter->runController()
 7 SYSTEMPATH/CodeIgniter.php(355): CodeIgniter\CodeIgniter->handleRequest()
 8 SYSTEMPATH/Boot.php(325): CodeIgniter\CodeIgniter->run()
 9 SYSTEMPATH/Boot.php(67): CodeIgniter\Boot::runCodeIgniter()
10 FCPATH/index.php(56): CodeIgniter\Boot::bootWeb()
11 SYSTEMPATH/rewrite.php(44): require_once('/home/etudiant/co221148/TP/s5/s5.01_developpement_avance/SAE/S501-Saiyans-Coaching/public/index.php')
CRITICAL - 2024-12-03 10:09:42 --> TypeError: Cannot access offset of type string on string
[Method: GET, Route: ProduitController]
in APPPATH/Views/Produit/ProduitView.php on line 33.
 1 SYSTEMPATH/View/View.php(234): include()
 2 SYSTEMPATH/View/View.php(237): CodeIgniter\View\View->CodeIgniter\View\{closure}()
 3 SYSTEMPATH/Common.php(1169): CodeIgniter\View\View->render()
 4 APPPATH/Controllers/ProduitController.php(34): view()
 5 SYSTEMPATH/CodeIgniter.php(933): App\Controllers\ProduitController->index()
 6 SYSTEMPATH/CodeIgniter.php(509): CodeIgniter\CodeIgniter->runController()
 7 SYSTEMPATH/CodeIgniter.php(355): CodeIgniter\CodeIgniter->handleRequest()
 8 SYSTEMPATH/Boot.php(325): CodeIgniter\CodeIgniter->run()
 9 SYSTEMPATH/Boot.php(67): CodeIgniter\Boot::runCodeIgniter()
10 FCPATH/index.php(56): CodeIgniter\Boot::bootWeb()
11 SYSTEMPATH/rewrite.php(44): require_once('/home/etudiant/co221148/TP/s5/s5.01_developpement_avance/SAE/S501-Saiyans-Coaching/public/index.php')
CRITICAL - 2024-12-03 10:10:19 --> Error: Cannot use object of type CodeIgniter\Pager\Pager as array
[Method: GET, Route: ProduitController]
in APPPATH/Views/Produit/ProduitView.php on line 33.
 1 SYSTEMPATH/View/View.php(234): include()
 2 SYSTEMPATH/View/View.php(237): CodeIgniter\View\View->CodeIgniter\View\{closure}()
 3 SYSTEMPATH/Common.php(1169): CodeIgniter\View\View->render()
 4 APPPATH/Controllers/ProduitController.php(34): view()
 5 SYSTEMPATH/CodeIgniter.php(933): App\Controllers\ProduitController->index()
 6 SYSTEMPATH/CodeIgniter.php(509): CodeIgniter\CodeIgniter->runController()
 7 SYSTEMPATH/CodeIgniter.php(355): CodeIgniter\CodeIgniter->handleRequest()
 8 SYSTEMPATH/Boot.php(325): CodeIgniter\CodeIgniter->run()
 9 SYSTEMPATH/Boot.php(67): CodeIgniter\Boot::runCodeIgniter()
10 FCPATH/index.php(56): CodeIgniter\Boot::bootWeb()
11 SYSTEMPATH/rewrite.php(44): require_once('/home/etudiant/co221148/TP/s5/s5.01_developpement_avance/SAE/S501-Saiyans-Coaching/public/index.php')
CRITICAL - 2024-12-03 10:10:26 --> Error: Cannot use object of type CodeIgniter\Pager\Pager as array
[Method: GET, Route: ProduitController]
in APPPATH/Views/Produit/ProduitView.php on line 33.
 1 SYSTEMPATH/View/View.php(234): include()
 2 SYSTEMPATH/View/View.php(237): CodeIgniter\View\View->CodeIgniter\View\{closure}()
 3 SYSTEMPATH/Common.php(1169): CodeIgniter\View\View->render()
 4 APPPATH/Controllers/ProduitController.php(34): view()
 5 SYSTEMPATH/CodeIgniter.php(933): App\Controllers\ProduitController->index()
 6 SYSTEMPATH/CodeIgniter.php(509): CodeIgniter\CodeIgniter->runController()
 7 SYSTEMPATH/CodeIgniter.php(355): CodeIgniter\CodeIgniter->handleRequest()
 8 SYSTEMPATH/Boot.php(325): CodeIgniter\CodeIgniter->run()
 9 SYSTEMPATH/Boot.php(67): CodeIgniter\Boot::runCodeIgniter()
10 FCPATH/index.php(56): CodeIgniter\Boot::bootWeb()
11 SYSTEMPATH/rewrite.php(44): require_once('/home/etudiant/co221148/TP/s5/s5.01_developpement_avance/SAE/S501-Saiyans-Coaching/public/index.php')
CRITICAL - 2024-12-03 10:15:29 --> ErrorException: Trying to access array offset on null
[Method: GET, Route: ProduitController]
in APPPATH/Views/Produit/ProduitView.php on line 33.
 1 APPPATH/Views/Produit/ProduitView.php(33): CodeIgniter\Debug\Exceptions->errorHandler()
 2 SYSTEMPATH/View/View.php(234): include('/home/etudiant/co221148/TP/s5/s5.01_developpement_avance/SAE/S501-Saiyans-Coaching/app/Views/Produit/ProduitView.php')
 3 SYSTEMPATH/View/View.php(237): CodeIgniter\View\View->CodeIgniter\View\{closure}()
 4 SYSTEMPATH/Common.php(1169): CodeIgniter\View\View->render()
 5 APPPATH/Controllers/ProduitController.php(30): view()
 6 SYSTEMPATH/CodeIgniter.php(933): App\Controllers\ProduitController->index()
 7 SYSTEMPATH/CodeIgniter.php(509): CodeIgniter\CodeIgniter->runController()
 8 SYSTEMPATH/CodeIgniter.php(355): CodeIgniter\CodeIgniter->handleRequest()
 9 SYSTEMPATH/Boot.php(325): CodeIgniter\CodeIgniter->run()
10 SYSTEMPATH/Boot.php(67): CodeIgniter\Boot::runCodeIgniter()
11 FCPATH/index.php(56): CodeIgniter\Boot::bootWeb()
12 SYSTEMPATH/rewrite.php(44): require_once('/home/etudiant/co221148/TP/s5/s5.01_developpement_avance/SAE/S501-Saiyans-Coaching/public/index.php')
CRITICAL - 2024-12-03 10:15:30 --> ErrorException: Trying to access array offset on null
[Method: GET, Route: ProduitController]
in APPPATH/Views/Produit/ProduitView.php on line 33.
 1 APPPATH/Views/Produit/ProduitView.php(33): CodeIgniter\Debug\Exceptions->errorHandler()
 2 SYSTEMPATH/View/View.php(234): include('/home/etudiant/co221148/TP/s5/s5.01_developpement_avance/SAE/S501-Saiyans-Coaching/app/Views/Produit/ProduitView.php')
 3 SYSTEMPATH/View/View.php(237): CodeIgniter\View\View->CodeIgniter\View\{closure}()
 4 SYSTEMPATH/Common.php(1169): CodeIgniter\View\View->render()
 5 APPPATH/Controllers/ProduitController.php(30): view()
 6 SYSTEMPATH/CodeIgniter.php(933): App\Controllers\ProduitController->index()
 7 SYSTEMPATH/CodeIgniter.php(509): CodeIgniter\CodeIgniter->runController()
 8 SYSTEMPATH/CodeIgniter.php(355): CodeIgniter\CodeIgniter->handleRequest()
 9 SYSTEMPATH/Boot.php(325): CodeIgniter\CodeIgniter->run()
10 SYSTEMPATH/Boot.php(67): CodeIgniter\Boot::runCodeIgniter()
11 FCPATH/index.php(56): CodeIgniter\Boot::bootWeb()
12 SYSTEMPATH/rewrite.php(44): require_once('/home/etudiant/co221148/TP/s5/s5.01_developpement_avance/SAE/S501-Saiyans-Coaching/public/index.php')
CRITICAL - 2024-12-03 10:15:35 --> ErrorException: Trying to access array offset on null
[Method: GET, Route: ProduitController]
in APPPATH/Views/Produit/ProduitView.php on line 33.
 1 APPPATH/Views/Produit/ProduitView.php(33): CodeIgniter\Debug\Exceptions->errorHandler()
 2 SYSTEMPATH/View/View.php(234): include('/home/etudiant/co221148/TP/s5/s5.01_developpement_avance/SAE/S501-Saiyans-Coaching/app/Views/Produit/ProduitView.php')
 3 SYSTEMPATH/View/View.php(237): CodeIgniter\View\View->CodeIgniter\View\{closure}()
 4 SYSTEMPATH/Common.php(1169): CodeIgniter\View\View->render()
 5 APPPATH/Controllers/ProduitController.php(30): view()
 6 SYSTEMPATH/CodeIgniter.php(933): App\Controllers\ProduitController->index()
 7 SYSTEMPATH/CodeIgniter.php(509): CodeIgniter\CodeIgniter->runController()
 8 SYSTEMPATH/CodeIgniter.php(355): CodeIgniter\CodeIgniter->handleRequest()
 9 SYSTEMPATH/Boot.php(325): CodeIgniter\CodeIgniter->run()
10 SYSTEMPATH/Boot.php(67): CodeIgniter\Boot::runCodeIgniter()
11 FCPATH/index.php(56): CodeIgniter\Boot::bootWeb()
12 SYSTEMPATH/rewrite.php(44): require_once('/home/etudiant/co221148/TP/s5/s5.01_developpement_avance/SAE/S501-Saiyans-Coaching/public/index.php')
CRITICAL - 2024-12-03 10:15:50 --> ErrorException: Trying to access array offset on null
[Method: GET, Route: ProduitController]
in APPPATH/Views/Produit/ProduitView.php on line 33.
 1 APPPATH/Views/Produit/ProduitView.php(33): CodeIgniter\Debug\Exceptions->errorHandler()
 2 SYSTEMPATH/View/View.php(234): include('/home/etudiant/co221148/TP/s5/s5.01_developpement_avance/SAE/S501-Saiyans-Coaching/app/Views/Produit/ProduitView.php')
 3 SYSTEMPATH/View/View.php(237): CodeIgniter\View\View->CodeIgniter\View\{closure}()
 4 SYSTEMPATH/Common.php(1169): CodeIgniter\View\View->render()
 5 APPPATH/Controllers/ProduitController.php(30): view()
 6 SYSTEMPATH/CodeIgniter.php(933): App\Controllers\ProduitController->index()
 7 SYSTEMPATH/CodeIgniter.php(509): CodeIgniter\CodeIgniter->runController()
 8 SYSTEMPATH/CodeIgniter.php(355): CodeIgniter\CodeIgniter->handleRequest()
 9 SYSTEMPATH/Boot.php(325): CodeIgniter\CodeIgniter->run()
10 SYSTEMPATH/Boot.php(67): CodeIgniter\Boot::runCodeIgniter()
11 FCPATH/index.php(56): CodeIgniter\Boot::bootWeb()
12 SYSTEMPATH/rewrite.php(44): require_once('/home/etudiant/co221148/TP/s5/s5.01_developpement_avance/SAE/S501-Saiyans-Coaching/public/index.php')
CRITICAL - 2024-12-03 10:15:51 --> ErrorException: Trying to access array offset on null
[Method: GET, Route: ProduitController]
in APPPATH/Views/Produit/ProduitView.php on line 33.
 1 APPPATH/Views/Produit/ProduitView.php(33): CodeIgniter\Debug\Exceptions->errorHandler()
 2 SYSTEMPATH/View/View.php(234): include('/home/etudiant/co221148/TP/s5/s5.01_developpement_avance/SAE/S501-Saiyans-Coaching/app/Views/Produit/ProduitView.php')
 3 SYSTEMPATH/View/View.php(237): CodeIgniter\View\View->CodeIgniter\View\{closure}()
 4 SYSTEMPATH/Common.php(1169): CodeIgniter\View\View->render()
 5 APPPATH/Controllers/ProduitController.php(30): view()
 6 SYSTEMPATH/CodeIgniter.php(933): App\Controllers\ProduitController->index()
 7 SYSTEMPATH/CodeIgniter.php(509): CodeIgniter\CodeIgniter->runController()
 8 SYSTEMPATH/CodeIgniter.php(355): CodeIgniter\CodeIgniter->handleRequest()
 9 SYSTEMPATH/Boot.php(325): CodeIgniter\CodeIgniter->run()
10 SYSTEMPATH/Boot.php(67): CodeIgniter\Boot::runCodeIgniter()
11 FCPATH/index.php(56): CodeIgniter\Boot::bootWeb()
12 SYSTEMPATH/rewrite.php(44): require_once('/home/etudiant/co221148/TP/s5/s5.01_developpement_avance/SAE/S501-Saiyans-Coaching/public/index.php')
CRITICAL - 2024-12-03 10:16:41 --> ErrorException: Trying to access array offset on null
[Method: GET, Route: produit/unique/1]
in APPPATH/Views/Produit/DetailsProduit.php on line 45.
 1 APPPATH/Views/Produit/DetailsProduit.php(45): CodeIgniter\Debug\Exceptions->errorHandler()
 2 SYSTEMPATH/View/View.php(234): include('/home/etudiant/co221148/TP/s5/s5.01_developpement_avance/SAE/S501-Saiyans-Coaching/app/Views/Produit/DetailsProduit.php')
 3 SYSTEMPATH/View/View.php(237): CodeIgniter\View\View->CodeIgniter\View\{closure}()
 4 SYSTEMPATH/Common.php(1169): CodeIgniter\View\View->render()
 5 APPPATH/Controllers/ProduitController.php(47): view()
 6 SYSTEMPATH/CodeIgniter.php(933): App\Controllers\ProduitController->indexProduct()
 7 SYSTEMPATH/CodeIgniter.php(509): CodeIgniter\CodeIgniter->runController()
 8 SYSTEMPATH/CodeIgniter.php(355): CodeIgniter\CodeIgniter->handleRequest()
 9 SYSTEMPATH/Boot.php(325): CodeIgniter\CodeIgniter->run()
10 SYSTEMPATH/Boot.php(67): CodeIgniter\Boot::runCodeIgniter()
11 FCPATH/index.php(56): CodeIgniter\Boot::bootWeb()
12 SYSTEMPATH/rewrite.php(44): require_once('/home/etudiant/co221148/TP/s5/s5.01_developpement_avance/SAE/S501-Saiyans-Coaching/public/index.php')
CRITICAL - 2024-12-03 10:22:14 --> ErrorException: Undefined variable $tache
[Method: GET, Route: produit/unique/1]
in APPPATH/Views/Produit/DetailsProduit.php on line 54.
 1 APPPATH/Views/Produit/DetailsProduit.php(54): CodeIgniter\Debug\Exceptions->errorHandler()
 2 SYSTEMPATH/View/View.php(234): include('/home/etudiant/co221148/TP/s5/s5.01_developpement_avance/SAE/S501-Saiyans-Coaching/app/Views/Produit/DetailsProduit.php')
 3 SYSTEMPATH/View/View.php(237): CodeIgniter\View\View->CodeIgniter\View\{closure}()
 4 SYSTEMPATH/Common.php(1169): CodeIgniter\View\View->render()
 5 APPPATH/Controllers/ProduitController.php(47): view()
 6 SYSTEMPATH/CodeIgniter.php(933): App\Controllers\ProduitController->indexProduct()
 7 SYSTEMPATH/CodeIgniter.php(509): CodeIgniter\CodeIgniter->runController()
 8 SYSTEMPATH/CodeIgniter.php(355): CodeIgniter\CodeIgniter->handleRequest()
 9 SYSTEMPATH/Boot.php(325): CodeIgniter\CodeIgniter->run()
10 SYSTEMPATH/Boot.php(67): CodeIgniter\Boot::runCodeIgniter()
11 FCPATH/index.php(56): CodeIgniter\Boot::bootWeb()
12 SYSTEMPATH/rewrite.php(44): require_once('/home/etudiant/co221148/TP/s5/s5.01_developpement_avance/SAE/S501-Saiyans-Coaching/public/index.php')
CRITICAL - 2024-12-03 10:52:40 --> ErrorException: Undefined variable $tache
[Method: GET, Route: ProduitController]
in APPPATH/Views/Produit/ProduitView.php on line 39.
 1 APPPATH/Views/Produit/ProduitView.php(39): CodeIgniter\Debug\Exceptions->errorHandler()
 2 SYSTEMPATH/View/View.php(234): include('/home/etudiant/co221148/TP/s5/s5.01_developpement_avance/SAE/S501-Saiyans-Coaching/app/Views/Produit/ProduitView.php')
 3 SYSTEMPATH/View/View.php(237): CodeIgniter\View\View->CodeIgniter\View\{closure}()
 4 SYSTEMPATH/Common.php(1169): CodeIgniter\View\View->render()
 5 APPPATH/Controllers/ProduitController.php(30): view()
 6 SYSTEMPATH/CodeIgniter.php(933): App\Controllers\ProduitController->index()
 7 SYSTEMPATH/CodeIgniter.php(509): CodeIgniter\CodeIgniter->runController()
 8 SYSTEMPATH/CodeIgniter.php(355): CodeIgniter\CodeIgniter->handleRequest()
 9 SYSTEMPATH/Boot.php(325): CodeIgniter\CodeIgniter->run()
10 SYSTEMPATH/Boot.php(67): CodeIgniter\Boot::runCodeIgniter()
11 FCPATH/index.php(56): CodeIgniter\Boot::bootWeb()
12 SYSTEMPATH/rewrite.php(44): require_once('/home/etudiant/co221148/TP/s5/s5.01_developpement_avance/SAE/S501-Saiyans-Coaching/public/index.php')
CRITICAL - 2024-12-03 10:58:18 --> ErrorException: Undefined variable $tache
[Method: GET, Route: ProduitController]
in APPPATH/Views/Produit/ProduitView.php on line 39.
 1 APPPATH/Views/Produit/ProduitView.php(39): CodeIgniter\Debug\Exceptions->errorHandler()
 2 SYSTEMPATH/View/View.php(234): include('/home/etudiant/co221148/TP/s5/s5.01_developpement_avance/SAE/S501-Saiyans-Coaching/app/Views/Produit/ProduitView.php')
 3 SYSTEMPATH/View/View.php(237): CodeIgniter\View\View->CodeIgniter\View\{closure}()
 4 SYSTEMPATH/Common.php(1169): CodeIgniter\View\View->render()
 5 APPPATH/Controllers/ProduitController.php(30): view()
 6 SYSTEMPATH/CodeIgniter.php(933): App\Controllers\ProduitController->index()
 7 SYSTEMPATH/CodeIgniter.php(509): CodeIgniter\CodeIgniter->runController()
 8 SYSTEMPATH/CodeIgniter.php(355): CodeIgniter\CodeIgniter->handleRequest()
 9 SYSTEMPATH/Boot.php(325): CodeIgniter\CodeIgniter->run()
10 SYSTEMPATH/Boot.php(67): CodeIgniter\Boot::runCodeIgniter()
11 FCPATH/index.php(56): CodeIgniter\Boot::bootWeb()
12 SYSTEMPATH/rewrite.php(44): require_once('/home/etudiant/co221148/TP/s5/s5.01_developpement_avance/SAE/S501-Saiyans-Coaching/public/index.php')
CRITICAL - 2024-12-03 10:58:20 --> ErrorException: Undefined variable $tache
[Method: GET, Route: ProduitController]
in APPPATH/Views/Produit/ProduitView.php on line 39.
 1 APPPATH/Views/Produit/ProduitView.php(39): CodeIgniter\Debug\Exceptions->errorHandler()
 2 SYSTEMPATH/View/View.php(234): include('/home/etudiant/co221148/TP/s5/s5.01_developpement_avance/SAE/S501-Saiyans-Coaching/app/Views/Produit/ProduitView.php')
 3 SYSTEMPATH/View/View.php(237): CodeIgniter\View\View->CodeIgniter\View\{closure}()
 4 SYSTEMPATH/Common.php(1169): CodeIgniter\View\View->render()
 5 APPPATH/Controllers/ProduitController.php(30): view()
 6 SYSTEMPATH/CodeIgniter.php(933): App\Controllers\ProduitController->index()
 7 SYSTEMPATH/CodeIgniter.php(509): CodeIgniter\CodeIgniter->runController()
 8 SYSTEMPATH/CodeIgniter.php(355): CodeIgniter\CodeIgniter->handleRequest()
 9 SYSTEMPATH/Boot.php(325): CodeIgniter\CodeIgniter->run()
10 SYSTEMPATH/Boot.php(67): CodeIgniter\Boot::runCodeIgniter()
11 FCPATH/index.php(56): CodeIgniter\Boot::bootWeb()
12 SYSTEMPATH/rewrite.php(44): require_once('/home/etudiant/co221148/TP/s5/s5.01_developpement_avance/SAE/S501-Saiyans-Coaching/public/index.php')
CRITICAL - 2024-12-03 11:12:52 --> CodeIgniter\View\Exceptions\ViewException: Invalid file: "ajout_taches.php"
[Method: GET, Route: produit/ajout/]
in SYSTEMPATH/Exceptions/FrameworkException.php on line 41.
 1 SYSTEMPATH/View/View.php(222): CodeIgniter\Exceptions\FrameworkException::forInvalidFile()
 2 SYSTEMPATH/Common.php(1169): CodeIgniter\View\View->render()
 3 APPPATH/Controllers/ProduitController.php(65): view()
 4 SYSTEMPATH/CodeIgniter.php(933): App\Controllers\ProduitController->creer()
 5 SYSTEMPATH/CodeIgniter.php(509): CodeIgniter\CodeIgniter->runController()
 6 SYSTEMPATH/CodeIgniter.php(355): CodeIgniter\CodeIgniter->handleRequest()
 7 SYSTEMPATH/Boot.php(325): CodeIgniter\CodeIgniter->run()
 8 SYSTEMPATH/Boot.php(67): CodeIgniter\Boot::runCodeIgniter()
 9 FCPATH/index.php(56): CodeIgniter\Boot::bootWeb()
10 SYSTEMPATH/rewrite.php(44): require_once('/home/etudiant/co221148/TP/s5/s5.01_developpement_avance/SAE/S501-Saiyans-Coaching/public/index.php')
CRITICAL - 2024-12-03 11:38:33 --> CodeIgniter\View\Exceptions\ViewException: Invalid file: "upload_form.php"
[Method: GET, Route: produit/ajout/]
in SYSTEMPATH/Exceptions/FrameworkException.php on line 41.
 1 SYSTEMPATH/View/View.php(222): CodeIgniter\Exceptions\FrameworkException::forInvalidFile()
 2 SYSTEMPATH/Common.php(1169): CodeIgniter\View\View->render()
 3 APPPATH/Controllers/ProduitController.php(74): view()
 4 SYSTEMPATH/CodeIgniter.php(933): App\Controllers\ProduitController->creer()
 5 SYSTEMPATH/CodeIgniter.php(509): CodeIgniter\CodeIgniter->runController()
 6 SYSTEMPATH/CodeIgniter.php(355): CodeIgniter\CodeIgniter->handleRequest()
 7 SYSTEMPATH/Boot.php(325): CodeIgniter\CodeIgniter->run()
 8 SYSTEMPATH/Boot.php(67): CodeIgniter\Boot::runCodeIgniter()
 9 FCPATH/index.php(56): CodeIgniter\Boot::bootWeb()
10 SYSTEMPATH/rewrite.php(44): require_once('/home/etudiant/co221148/TP/s5/s5.01_developpement_avance/SAE/S501-Saiyans-Coaching/public/index.php')
CRITICAL - 2024-12-03 11:55:15 --> ParseError: syntax error, unexpected string content "Produit/DetailsProduit)"
[Method: GET, Route: Produit]
in APPPATH/Controllers/ProduitController.php on line 92.
 1 SYSTEMPATH/Autoloader/Autoloader.php(296): CodeIgniter\Autoloader\Autoloader->includeFile()
 2 SYSTEMPATH/Autoloader/Autoloader.php(272): CodeIgniter\Autoloader\Autoloader->loadInNamespace()
 3 [internal function]: CodeIgniter\Autoloader\Autoloader->loadClass()
 4 SYSTEMPATH/CodeIgniter.php(887): class_exists()
 5 SYSTEMPATH/CodeIgniter.php(496): CodeIgniter\CodeIgniter->startController()
 6 SYSTEMPATH/CodeIgniter.php(355): CodeIgniter\CodeIgniter->handleRequest()
 7 SYSTEMPATH/Boot.php(325): CodeIgniter\CodeIgniter->run()
 8 SYSTEMPATH/Boot.php(67): CodeIgniter\Boot::runCodeIgniter()
 9 FCPATH/index.php(56): CodeIgniter\Boot::bootWeb()
10 SYSTEMPATH/rewrite.php(44): require_once('/home/etudiant/co221148/TP/s5/s5.01_developpement_avance/SAE/S501-Saiyans-Coaching/public/index.php')
CRITICAL - 2024-12-03 11:55:41 --> ParseError: syntax error, unexpected token "}", expecting ";"
[Method: GET, Route: Produit]
in APPPATH/Controllers/ProduitController.php on line 93.
 1 SYSTEMPATH/Autoloader/Autoloader.php(296): CodeIgniter\Autoloader\Autoloader->includeFile()
 2 SYSTEMPATH/Autoloader/Autoloader.php(272): CodeIgniter\Autoloader\Autoloader->loadInNamespace()
 3 [internal function]: CodeIgniter\Autoloader\Autoloader->loadClass()
 4 SYSTEMPATH/CodeIgniter.php(887): class_exists()
 5 SYSTEMPATH/CodeIgniter.php(496): CodeIgniter\CodeIgniter->startController()
 6 SYSTEMPATH/CodeIgniter.php(355): CodeIgniter\CodeIgniter->handleRequest()
 7 SYSTEMPATH/Boot.php(325): CodeIgniter\CodeIgniter->run()
 8 SYSTEMPATH/Boot.php(67): CodeIgniter\Boot::runCodeIgniter()
 9 FCPATH/index.php(56): CodeIgniter\Boot::bootWeb()
10 SYSTEMPATH/rewrite.php(44): require_once('/home/etudiant/co221148/TP/s5/s5.01_developpement_avance/SAE/S501-Saiyans-Coaching/public/index.php')
CRITICAL - 2024-12-03 11:55:42 --> ParseError: syntax error, unexpected token "}", expecting ";"
[Method: GET, Route: Produit]
in APPPATH/Controllers/ProduitController.php on line 93.
 1 SYSTEMPATH/Autoloader/Autoloader.php(296): CodeIgniter\Autoloader\Autoloader->includeFile()
 2 SYSTEMPATH/Autoloader/Autoloader.php(272): CodeIgniter\Autoloader\Autoloader->loadInNamespace()
 3 [internal function]: CodeIgniter\Autoloader\Autoloader->loadClass()
 4 SYSTEMPATH/CodeIgniter.php(887): class_exists()
 5 SYSTEMPATH/CodeIgniter.php(496): CodeIgniter\CodeIgniter->startController()
 6 SYSTEMPATH/CodeIgniter.php(355): CodeIgniter\CodeIgniter->handleRequest()
 7 SYSTEMPATH/Boot.php(325): CodeIgniter\CodeIgniter->run()
 8 SYSTEMPATH/Boot.php(67): CodeIgniter\Boot::runCodeIgniter()
 9 FCPATH/index.php(56): CodeIgniter\Boot::bootWeb()
10 SYSTEMPATH/rewrite.php(44): require_once('/home/etudiant/co221148/TP/s5/s5.01_developpement_avance/SAE/S501-Saiyans-Coaching/public/index.php')
INFO - 2024-12-03 11:55:52 --> Session: Class initialized using 'CodeIgniter\Session\Handlers\FileHandler' driver.
INFO - 2024-12-03 11:56:02 --> Session: Class initialized using 'CodeIgniter\Session\Handlers\FileHandler' driver.
INFO - 2024-12-03 11:56:10 --> Session: Class initialized using 'CodeIgniter\Session\Handlers\FileHandler' driver.
INFO - 2024-12-03 11:56:31 --> Session: Class initialized using 'CodeIgniter\Session\Handlers\FileHandler' driver.
INFO - 2024-12-03 11:58:00 --> Session: Class initialized using 'CodeIgniter\Session\Handlers\FileHandler' driver.
INFO - 2024-12-03 11:58:00 --> Session: Class initialized using 'CodeIgniter\Session\Handlers\FileHandler' driver.
INFO - 2024-12-03 11:58:58 --> Session: Class initialized using 'CodeIgniter\Session\Handlers\FileHandler' driver.
INFO - 2024-12-03 12:06:10 --> Session: Class initialized using 'CodeIgniter\Session\Handlers\FileHandler' driver.
CRITICAL - 2024-12-03 12:11:43 --> Error: Undefined constant "App\Models\t"
[Method: GET, Route: Produit]
in APPPATH/Models/ProduitModel.php on line 28.
 1 APPPATH/Controllers/ProduitController.php(27): App\Models\ProduitModel->getProduitAffichage()
 2 SYSTEMPATH/CodeIgniter.php(933): App\Controllers\ProduitController->index()
 3 SYSTEMPATH/CodeIgniter.php(509): CodeIgniter\CodeIgniter->runController()
 4 SYSTEMPATH/CodeIgniter.php(355): CodeIgniter\CodeIgniter->handleRequest()
 5 SYSTEMPATH/Boot.php(325): CodeIgniter\CodeIgniter->run()
 6 SYSTEMPATH/Boot.php(67): CodeIgniter\Boot::runCodeIgniter()
 7 FCPATH/index.php(56): CodeIgniter\Boot::bootWeb()
 8 SYSTEMPATH/rewrite.php(44): require_once('/home/etudiant/co221148/TP/s5/s5.01_developpement_avance/SAE/S501-Saiyans-Coaching/public/index.php')
CRITICAL - 2024-12-03 12:11:44 --> Error: Undefined constant "App\Models\t"
[Method: GET, Route: Produit]
in APPPATH/Models/ProduitModel.php on line 28.
 1 APPPATH/Controllers/ProduitController.php(27): App\Models\ProduitModel->getProduitAffichage()
 2 SYSTEMPATH/CodeIgniter.php(933): App\Controllers\ProduitController->index()
 3 SYSTEMPATH/CodeIgniter.php(509): CodeIgniter\CodeIgniter->runController()
 4 SYSTEMPATH/CodeIgniter.php(355): CodeIgniter\CodeIgniter->handleRequest()
 5 SYSTEMPATH/Boot.php(325): CodeIgniter\CodeIgniter->run()
 6 SYSTEMPATH/Boot.php(67): CodeIgniter\Boot::runCodeIgniter()
 7 FCPATH/index.php(56): CodeIgniter\Boot::bootWeb()
 8 SYSTEMPATH/rewrite.php(44): require_once('/home/etudiant/co221148/TP/s5/s5.01_developpement_avance/SAE/S501-Saiyans-Coaching/public/index.php')
CRITICAL - 2024-12-03 12:13:37 --> ErrorException: Trying to access array offset on null
[Method: GET, Route: produit/unique/2]
in APPPATH/Views/Produit/DetailsProduit.php on line 37.
 1 APPPATH/Views/Produit/DetailsProduit.php(37): CodeIgniter\Debug\Exceptions->errorHandler()
 2 SYSTEMPATH/View/View.php(234): include('/home/etudiant/co221148/TP/s5/s5.01_developpement_avance/SAE/S501-Saiyans-Coaching/app/Views/Produit/DetailsProduit.php')
 3 SYSTEMPATH/View/View.php(237): CodeIgniter\View\View->CodeIgniter\View\{closure}()
 4 SYSTEMPATH/Common.php(1169): CodeIgniter\View\View->render()
 5 APPPATH/Controllers/ProduitController.php(47): view()
 6 SYSTEMPATH/CodeIgniter.php(933): App\Controllers\ProduitController->indexProduct()
 7 SYSTEMPATH/CodeIgniter.php(509): CodeIgniter\CodeIgniter->runController()
 8 SYSTEMPATH/CodeIgniter.php(355): CodeIgniter\CodeIgniter->handleRequest()
 9 SYSTEMPATH/Boot.php(325): CodeIgniter\CodeIgniter->run()
10 SYSTEMPATH/Boot.php(67): CodeIgniter\Boot::runCodeIgniter()
11 FCPATH/index.php(56): CodeIgniter\Boot::bootWeb()
12 SYSTEMPATH/rewrite.php(44): require_once('/home/etudiant/co221148/TP/s5/s5.01_developpement_avance/SAE/S501-Saiyans-Coaching/public/index.php')
INFO - 2024-12-03 12:15:52 --> Session: Class initialized using 'CodeIgniter\Session\Handlers\FileHandler' driver.
INFO - 2024-12-03 12:25:38 --> Session: Class initialized using 'CodeIgniter\Session\Handlers\FileHandler' driver.
INFO - 2024-12-03 12:28:48 --> Session: Class initialized using 'CodeIgniter\Session\Handlers\FileHandler' driver.
INFO - 2024-12-03 12:32:01 --> Session: Class initialized using 'CodeIgniter\Session\Handlers\FileHandler' driver.
INFO - 2024-12-03 12:33:08 --> Session: Class initialized using 'CodeIgniter\Session\Handlers\FileHandler' driver.
INFO - 2024-12-03 12:47:52 --> Session: Class initialized using 'CodeIgniter\Session\Handlers\FileHandler' driver.
INFO - 2024-12-03 12:48:19 --> Session: Class initialized using 'CodeIgniter\Session\Handlers\FileHandler' driver.
INFO - 2024-12-03 12:49:37 --> Session: Class initialized using 'CodeIgniter\Session\Handlers\FileHandler' driver.
INFO - 2024-12-03 12:52:15 --> Session: Class initialized using 'CodeIgniter\Session\Handlers\FileHandler' driver.
INFO - 2024-12-03 12:52:25 --> Session: Class initialized using 'CodeIgniter\Session\Handlers\FileHandler' driver.
INFO - 2024-12-03 12:52:31 --> Session: Class initialized using 'CodeIgniter\Session\Handlers\FileHandler' driver.
INFO - 2024-12-03 12:54:03 --> Session: Class initialized using 'CodeIgniter\Session\Handlers\FileHandler' driver.
CRITICAL - 2024-12-03 12:58:56 --> ArgumentCountError: Too few arguments to function CodeIgniter\Router\RouteCollection::get(), 1 passed in /home/etudiant/co221148/TP/s5/s5.01_developpement_avance/SAE/S501-Saiyans-Coaching/app/Config/Routes.php on line 29 and at least 2 expected
[Method: GET, Route: Produit]
in SYSTEMPATH/Router/RouteCollection.php on line 1051.
 1 APPPATH/Config/Routes.php(29): CodeIgniter\Router\RouteCollection->get()
 2 SYSTEMPATH/Router/RouteCollection.php(340): require('/home/etudiant/co221148/TP/s5/s5.01_developpement_avance/SAE/S501-Saiyans-Coaching/app/Config/Routes.php')
 3 SYSTEMPATH/CodeIgniter.php(823): CodeIgniter\Router\RouteCollection->loadRoutes()
 4 SYSTEMPATH/CodeIgniter.php(457): CodeIgniter\CodeIgniter->tryToRouteIt()
 5 SYSTEMPATH/CodeIgniter.php(355): CodeIgniter\CodeIgniter->handleRequest()
 6 SYSTEMPATH/Boot.php(325): CodeIgniter\CodeIgniter->run()
 7 SYSTEMPATH/Boot.php(67): CodeIgniter\Boot::runCodeIgniter()
 8 FCPATH/index.php(56): CodeIgniter\Boot::bootWeb()
 9 SYSTEMPATH/rewrite.php(44): require_once('/home/etudiant/co221148/TP/s5/s5.01_developpement_avance/SAE/S501-Saiyans-Coaching/public/index.php')
CRITICAL - 2024-12-03 13:31:59 --> ErrorException: Undefined variable $projetData
[Method: GET, Route: Produit]
in APPPATH/Views/Produit/ProduitView.php on line 60.
 1 APPPATH/Views/Produit/ProduitView.php(60): CodeIgniter\Debug\Exceptions->errorHandler()
 2 SYSTEMPATH/View/View.php(234): include('/home/etudiant/co221148/TP/s5/s5.01_developpement_avance/SAE/S501-Saiyans-Coaching/app/Views/Produit/ProduitView.php')
 3 SYSTEMPATH/View/View.php(237): CodeIgniter\View\View->CodeIgniter\View\{closure}()
 4 SYSTEMPATH/Common.php(1169): CodeIgniter\View\View->render()
 5 APPPATH/Controllers/ProduitController.php(30): view()
 6 SYSTEMPATH/CodeIgniter.php(933): App\Controllers\ProduitController->index()
 7 SYSTEMPATH/CodeIgniter.php(509): CodeIgniter\CodeIgniter->runController()
 8 SYSTEMPATH/CodeIgniter.php(355): CodeIgniter\CodeIgniter->handleRequest()
 9 SYSTEMPATH/Boot.php(325): CodeIgniter\CodeIgniter->run()
10 SYSTEMPATH/Boot.php(67): CodeIgniter\Boot::runCodeIgniter()
11 FCPATH/index.php(56): CodeIgniter\Boot::bootWeb()
12 SYSTEMPATH/rewrite.php(44): require_once('/home/etudiant/co221148/TP/s5/s5.01_developpement_avance/SAE/S501-Saiyans-Coaching/public/index.php')
CRITICAL - 2024-12-03 13:32:02 --> ErrorException: Undefined variable $projetData
[Method: GET, Route: Produit]
in APPPATH/Views/Produit/ProduitView.php on line 60.
 1 APPPATH/Views/Produit/ProduitView.php(60): CodeIgniter\Debug\Exceptions->errorHandler()
 2 SYSTEMPATH/View/View.php(234): include('/home/etudiant/co221148/TP/s5/s5.01_developpement_avance/SAE/S501-Saiyans-Coaching/app/Views/Produit/ProduitView.php')
 3 SYSTEMPATH/View/View.php(237): CodeIgniter\View\View->CodeIgniter\View\{closure}()
 4 SYSTEMPATH/Common.php(1169): CodeIgniter\View\View->render()
 5 APPPATH/Controllers/ProduitController.php(30): view()
 6 SYSTEMPATH/CodeIgniter.php(933): App\Controllers\ProduitController->index()
 7 SYSTEMPATH/CodeIgniter.php(509): CodeIgniter\CodeIgniter->runController()
 8 SYSTEMPATH/CodeIgniter.php(355): CodeIgniter\CodeIgniter->handleRequest()
 9 SYSTEMPATH/Boot.php(325): CodeIgniter\CodeIgniter->run()
10 SYSTEMPATH/Boot.php(67): CodeIgniter\Boot::runCodeIgniter()
11 FCPATH/index.php(56): CodeIgniter\Boot::bootWeb()
12 SYSTEMPATH/rewrite.php(44): require_once('/home/etudiant/co221148/TP/s5/s5.01_developpement_avance/SAE/S501-Saiyans-Coaching/public/index.php')
INFO - 2024-12-03 13:44:48 --> Session: Class initialized using 'CodeIgniter\Session\Handlers\FileHandler' driver.
INFO - 2024-12-03 13:45:39 --> Session: Class initialized using 'CodeIgniter\Session\Handlers\FileHandler' driver.
INFO - 2024-12-03 13:48:08 --> Session: Class initialized using 'CodeIgniter\Session\Handlers\FileHandler' driver.
INFO - 2024-12-03 13:51:19 --> Session: Class initialized using 'CodeIgniter\Session\Handlers\FileHandler' driver.
INFO - 2024-12-03 13:51:46 --> Session: Class initialized using 'CodeIgniter\Session\Handlers\FileHandler' driver.
INFO - 2024-12-03 13:53:20 --> Session: Class initialized using 'CodeIgniter\Session\Handlers\FileHandler' driver.
INFO - 2024-12-03 14:00:10 --> Session: Class initialized using 'CodeIgniter\Session\Handlers\FileHandler' driver.
INFO - 2024-12-03 14:00:16 --> Session: Class initialized using 'CodeIgniter\Session\Handlers\FileHandler' driver.
INFO - 2024-12-03 14:03:09 --> Session: Class initialized using 'CodeIgniter\Session\Handlers\FileHandler' driver.
INFO - 2024-12-03 14:05:29 --> Session: Class initialized using 'CodeIgniter\Session\Handlers\FileHandler' driver.
INFO - 2024-12-03 14:06:27 --> Session: Class initialized using 'CodeIgniter\Session\Handlers\FileHandler' driver.
INFO - 2024-12-03 14:07:34 --> Session: Class initialized using 'CodeIgniter\Session\Handlers\FileHandler' driver.
INFO - 2024-12-03 14:13:54 --> Session: Class initialized using 'CodeIgniter\Session\Handlers\FileHandler' driver.
INFO - 2024-12-03 14:14:21 --> Session: Class initialized using 'CodeIgniter\Session\Handlers\FileHandler' driver.
INFO - 2024-12-03 14:14:25 --> Session: Class initialized using 'CodeIgniter\Session\Handlers\FileHandler' driver.
INFO - 2024-12-03 14:17:37 --> Session: Class initialized using 'CodeIgniter\Session\Handlers\FileHandler' driver.
INFO - 2024-12-03 14:17:40 --> Session: Class initialized using 'CodeIgniter\Session\Handlers\FileHandler' driver.
INFO - 2024-12-03 14:18:36 --> Session: Class initialized using 'CodeIgniter\Session\Handlers\FileHandler' driver.
INFO - 2024-12-03 14:18:36 --> Session: Class initialized using 'CodeIgniter\Session\Handlers\FileHandler' driver.
INFO - 2024-12-03 14:18:39 --> Session: Class initialized using 'CodeIgniter\Session\Handlers\FileHandler' driver.
INFO - 2024-12-03 14:18:52 --> Session: Class initialized using 'CodeIgniter\Session\Handlers\FileHandler' driver.
INFO - 2024-12-03 14:20:19 --> Session: Class initialized using 'CodeIgniter\Session\Handlers\FileHandler' driver.
INFO - 2024-12-03 14:20:50 --> Session: Class initialized using 'CodeIgniter\Session\Handlers\FileHandler' driver.
INFO - 2024-12-03 14:21:58 --> Session: Class initialized using 'CodeIgniter\Session\Handlers\FileHandler' driver.
INFO - 2024-12-03 14:22:35 --> Session: Class initialized using 'CodeIgniter\Session\Handlers\FileHandler' driver.
INFO - 2024-12-03 14:29:11 --> Session: Class initialized using 'CodeIgniter\Session\Handlers\FileHandler' driver.
INFO - 2024-12-03 14:30:51 --> Session: Class initialized using 'CodeIgniter\Session\Handlers\FileHandler' driver.
INFO - 2024-12-03 14:31:13 --> Session: Class initialized using 'CodeIgniter\Session\Handlers\FileHandler' driver.
INFO - 2024-12-03 14:31:17 --> Session: Class initialized using 'CodeIgniter\Session\Handlers\FileHandler' driver.
INFO - 2024-12-03 14:32:25 --> Session: Class initialized using 'CodeIgniter\Session\Handlers\FileHandler' driver.
INFO - 2024-12-03 14:32:45 --> Session: Class initialized using 'CodeIgniter\Session\Handlers\FileHandler' driver.
INFO - 2024-12-03 14:32:56 --> Session: Class initialized using 'CodeIgniter\Session\Handlers\FileHandler' driver.
INFO - 2024-12-03 14:33:02 --> Session: Class initialized using 'CodeIgniter\Session\Handlers\FileHandler' driver.
INFO - 2024-12-03 14:33:04 --> Session: Class initialized using 'CodeIgniter\Session\Handlers\FileHandler' driver.
INFO - 2024-12-03 14:33:15 --> Session: Class initialized using 'CodeIgniter\Session\Handlers\FileHandler' driver.
INFO - 2024-12-03 14:37:15 --> Session: Class initialized using 'CodeIgniter\Session\Handlers\FileHandler' driver.
INFO - 2024-12-03 14:37:40 --> Session: Class initialized using 'CodeIgniter\Session\Handlers\FileHandler' driver.
INFO - 2024-12-03 14:37:55 --> Session: Class initialized using 'CodeIgniter\Session\Handlers\FileHandler' driver.
CRITICAL - 2024-12-03 14:40:32 --> ParseError: syntax error, unexpected double-quoted string "", expecting "," or ";"
[Method: GET, Route: Produit]
in APPPATH/Views/Produit/ProduitView.php on line 49.
 1 SYSTEMPATH/View/View.php(237): CodeIgniter\View\View->CodeIgniter\View\{closure}()
 2 SYSTEMPATH/Common.php(1169): CodeIgniter\View\View->render()
 3 APPPATH/Controllers/ProduitController.php(30): view()
 4 SYSTEMPATH/CodeIgniter.php(933): App\Controllers\ProduitController->index()
 5 SYSTEMPATH/CodeIgniter.php(509): CodeIgniter\CodeIgniter->runController()
 6 SYSTEMPATH/CodeIgniter.php(355): CodeIgniter\CodeIgniter->handleRequest()
 7 SYSTEMPATH/Boot.php(325): CodeIgniter\CodeIgniter->run()
 8 SYSTEMPATH/Boot.php(67): CodeIgniter\Boot::runCodeIgniter()
 9 FCPATH/index.php(56): CodeIgniter\Boot::bootWeb()
10 SYSTEMPATH/rewrite.php(44): require_once('/home/etudiant/co221148/TP/s5/s5.01_developpement_avance/SAE/S501-Saiyans-Coaching/public/index.php')
INFO - 2024-12-03 14:41:57 --> Session: Class initialized using 'CodeIgniter\Session\Handlers\FileHandler' driver.
INFO - 2024-12-03 14:42:25 --> Session: Class initialized using 'CodeIgniter\Session\Handlers\FileHandler' driver.
INFO - 2024-12-03 14:42:28 --> Session: Class initialized using 'CodeIgniter\Session\Handlers\FileHandler' driver.
INFO - 2024-12-03 14:42:42 --> Session: Class initialized using 'CodeIgniter\Session\Handlers\FileHandler' driver.
INFO - 2024-12-03 14:42:46 --> Session: Class initialized using 'CodeIgniter\Session\Handlers\FileHandler' driver.
INFO - 2024-12-03 14:42:55 --> Session: Class initialized using 'CodeIgniter\Session\Handlers\FileHandler' driver.
INFO - 2024-12-03 14:43:58 --> Session: Class initialized using 'CodeIgniter\Session\Handlers\FileHandler' driver.
INFO - 2024-12-03 14:44:28 --> Session: Class initialized using 'CodeIgniter\Session\Handlers\FileHandler' driver.
INFO - 2024-12-03 14:45:28 --> Session: Class initialized using 'CodeIgniter\Session\Handlers\FileHandler' driver.
INFO - 2024-12-03 14:45:37 --> Session: Class initialized using 'CodeIgniter\Session\Handlers\FileHandler' driver.
INFO - 2024-12-03 14:45:56 --> Session: Class initialized using 'CodeIgniter\Session\Handlers\FileHandler' driver.
INFO - 2024-12-03 14:46:09 --> Session: Class initialized using 'CodeIgniter\Session\Handlers\FileHandler' driver.
CRITICAL - 2024-12-03 15:00:48 --> BadMethodCallException: Call to undefined method App\Models\ProduitModel::majProjet
[Method: POST, Route: produit/modification/]
in SYSTEMPATH/Model.php on line 932.
 1 APPPATH/Controllers/ProduitController.php(128): CodeIgniter\Model->__call()
 2 SYSTEMPATH/CodeIgniter.php(933): App\Controllers\ProduitController->modifier()
 3 SYSTEMPATH/CodeIgniter.php(509): CodeIgniter\CodeIgniter->runController()
 4 SYSTEMPATH/CodeIgniter.php(355): CodeIgniter\CodeIgniter->handleRequest()
 5 SYSTEMPATH/Boot.php(325): CodeIgniter\CodeIgniter->run()
 6 SYSTEMPATH/Boot.php(67): CodeIgniter\Boot::runCodeIgniter()
 7 FCPATH/index.php(56): CodeIgniter\Boot::bootWeb()
 8 SYSTEMPATH/rewrite.php(44): require_once('/home/etudiant/co221148/TP/s5/s5.01_developpement_avance/SAE/S501-Saiyans-Coaching/public/index.php')
INFO - 2024-12-03 15:02:03 --> Session: Class initialized using 'CodeIgniter\Session\Handlers\FileHandler' driver.
INFO - 2024-12-03 15:02:03 --> Session: Class initialized using 'CodeIgniter\Session\Handlers\FileHandler' driver.
INFO - 2024-12-03 15:02:28 --> Session: Class initialized using 'CodeIgniter\Session\Handlers\FileHandler' driver.
INFO - 2024-12-03 15:02:28 --> Session: Class initialized using 'CodeIgniter\Session\Handlers\FileHandler' driver.
INFO - 2024-12-03 15:03:33 --> Session: Class initialized using 'CodeIgniter\Session\Handlers\FileHandler' driver.
INFO - 2024-12-03 15:03:40 --> Session: Class initialized using 'CodeIgniter\Session\Handlers\FileHandler' driver.
INFO - 2024-12-03 15:03:45 --> Session: Class initialized using 'CodeIgniter\Session\Handlers\FileHandler' driver.
INFO - 2024-12-03 15:03:56 --> Session: Class initialized using 'CodeIgniter\Session\Handlers\FileHandler' driver.
INFO - 2024-12-03 15:04:00 --> Session: Class initialized using 'CodeIgniter\Session\Handlers\FileHandler' driver.
INFO - 2024-12-03 15:04:10 --> Session: Class initialized using 'CodeIgniter\Session\Handlers\FileHandler' driver.
INFO - 2024-12-03 15:06:42 --> Session: Class initialized using 'CodeIgniter\Session\Handlers\FileHandler' driver.
INFO - 2024-12-03 15:06:43 --> Session: Class initialized using 'CodeIgniter\Session\Handlers\FileHandler' driver.
INFO - 2024-12-03 15:07:05 --> Session: Class initialized using 'CodeIgniter\Session\Handlers\FileHandler' driver.
INFO - 2024-12-03 15:07:05 --> Session: Class initialized using 'CodeIgniter\Session\Handlers\FileHandler' driver.
INFO - 2024-12-03 15:07:30 --> Session: Class initialized using 'CodeIgniter\Session\Handlers\FileHandler' driver.
INFO - 2024-12-03 15:07:30 --> Session: Class initialized using 'CodeIgniter\Session\Handlers\FileHandler' driver.
