ERROR - 2024-12-11 08:27:42 --> Error connecting to the database: ErrorException: pg_connect(): Unable to connect to PostgreSQL server: could not translate host name &quot;woody.iut.univ-lehavre.fr&quot; to address: Name or service not known in /mnt/c/Users/utilisateur/Documents/GitHub/S501-Saiyans-Coaching/system/Database/Postgre/Connection.php:77
Stack trace:
#0 [internal function]: CodeIgniter\Debug\Exceptions->errorHandler()
#1 /mnt/c/Users/utilisateur/Documents/GitHub/S501-Saiyans-Coaching/system/Database/Postgre/Connection.php(77): pg_connect()
#2 /mnt/c/Users/utilisateur/Documents/GitHub/S501-Saiyans-Coaching/system/Database/BaseConnection.php(421): CodeIgniter\Database\Postgre\Connection->connect()
#3 /mnt/c/Users/utilisateur/Documents/GitHub/S501-Saiyans-Coaching/system/Database/BaseConnection.php(616): CodeIgniter\Database\BaseConnection->initialize()
#4 /mnt/c/Users/utilisateur/Documents/GitHub/S501-Saiyans-Coaching/system/Database/BaseBuilder.php(1644): CodeIgniter\Database\BaseConnection->query()
#5 /mnt/c/Users/utilisateur/Documents/GitHub/S501-Saiyans-Coaching/system/Model.php(286): CodeIgniter\Database\BaseBuilder->get()
#6 /mnt/c/Users/utilisateur/Documents/GitHub/S501-Saiyans-Coaching/system/BaseModel.php(676): CodeIgniter\Model->doFindAll()
#7 /mnt/c/Users/utilisateur/Documents/GitHub/S501-Saiyans-Coaching/app/Models/ProduitModel.php(34): CodeIgniter\BaseModel->findAll()
#8 /mnt/c/Users/utilisateur/Documents/GitHub/S501-Saiyans-Coaching/app/Controllers/AccueilController.php(10): App\Models\ProduitModel->getProduitAffichageAcceuil()
#9 /mnt/c/Users/utilisateur/Documents/GitHub/S501-Saiyans-Coaching/system/CodeIgniter.php(933): App\Controllers\AccueilController->index()
#10 /mnt/c/Users/utilisateur/Documents/GitHub/S501-Saiyans-Coaching/system/CodeIgniter.php(509): CodeIgniter\CodeIgniter->runController()
#11 /mnt/c/Users/utilisateur/Documents/GitHub/S501-Saiyans-Coaching/system/CodeIgniter.php(355): CodeIgniter\CodeIgniter->handleRequest()
#12 /mnt/c/Users/utilisateur/Documents/GitHub/S501-Saiyans-Coaching/system/Boot.php(325): CodeIgniter\CodeIgniter->run()
#13 /mnt/c/Users/utilisateur/Documents/GitHub/S501-Saiyans-Coaching/system/Boot.php(67): CodeIgniter\Boot::runCodeIgniter()
#14 /mnt/c/Users/utilisateur/Documents/GitHub/S501-Saiyans-Coaching/public/index.php(56): CodeIgniter\Boot::bootWeb()
#15 /mnt/c/Users/utilisateur/Documents/GitHub/S501-Saiyans-Coaching/system/rewrite.php(44): require_once('...')
#16 {main}
CRITICAL - 2024-12-11 08:27:43 --> CodeIgniter\Database\Exceptions\DatabaseException: Unable to connect to the database.
Main connection [Postgre]: pg_connect(): Unable to connect to PostgreSQL server: could not translate host name &quot;woody.iut.univ-lehavre.fr&quot; to address: Name or service not known
[Method: GET, Route: /]
in SYSTEMPATH/Database/BaseConnection.php on line 467.
 1 SYSTEMPATH/Database/BaseConnection.php(616): CodeIgniter\Database\BaseConnection->initialize()
 2 SYSTEMPATH/Database/BaseBuilder.php(1644): CodeIgniter\Database\BaseConnection->query()
 3 SYSTEMPATH/Model.php(286): CodeIgniter\Database\BaseBuilder->get()
 4 SYSTEMPATH/BaseModel.php(676): CodeIgniter\Model->doFindAll()
 5 APPPATH/Models/ProduitModel.php(34): CodeIgniter\BaseModel->findAll()
 6 APPPATH/Controllers/AccueilController.php(10): App\Models\ProduitModel->getProduitAffichageAcceuil()
 7 SYSTEMPATH/CodeIgniter.php(933): App\Controllers\AccueilController->index()
 8 SYSTEMPATH/CodeIgniter.php(509): CodeIgniter\CodeIgniter->runController()
 9 SYSTEMPATH/CodeIgniter.php(355): CodeIgniter\CodeIgniter->handleRequest()
10 SYSTEMPATH/Boot.php(325): CodeIgniter\CodeIgniter->run()
11 SYSTEMPATH/Boot.php(67): CodeIgniter\Boot::runCodeIgniter()
12 FCPATH/index.php(56): CodeIgniter\Boot::bootWeb()
13 SYSTEMPATH/rewrite.php(44): require_once('/mnt/c/Users/utilisateur/Documents/GitHub/S501-Saiyans-Coaching/public/index.php')
