CRITICAL - 2024-12-09 08:41:38 --> BadMethodCallException: Call to undefined method App\Models\ProduitModel::getAll
[Method: GET, Route: admin/produit/dashboard]
in SYSTEMPATH\Model.php on line 932.
 1 APPPATH\Controllers\ProduitController.php(48): CodeIgniter\Model->__call()
 2 SYSTEMPATH\CodeIgniter.php(933): App\Controllers\ProduitController->indexDashboard()
 3 SYSTEMPATH\CodeIgniter.php(509): CodeIgniter\CodeIgniter->runController()
 4 SYSTEMPATH\CodeIgniter.php(355): CodeIgniter\CodeIgniter->handleRequest()
 5 SYSTEMPATH\Boot.php(325): CodeIgniter\CodeIgniter->run()
 6 SYSTEMPATH\Boot.php(67): CodeIgniter\Boot::runCodeIgniter()
 7 FCPATH\index.php(56): CodeIgniter\Boot::bootWeb()
 8 SYSTEMPATH\rewrite.php(44): require_once('C:\\Users\\oscar\\OneDrive\\Bureau\\All\\sayanCoaching\\test\\S501-Saiyans-Coaching\\public\\index.php')
CRITICAL - 2024-12-09 08:43:56 --> ParseError: syntax error, unexpected end of file, expecting "elseif" or "else" or "endif"
[Method: GET, Route: Produit]
in APPPATH\Views\Produit\ProduitView.php on line 77.
 1 SYSTEMPATH\View\View.php(237): CodeIgniter\View\View->CodeIgniter\View\{closure}()
 2 SYSTEMPATH\Common.php(1169): CodeIgniter\View\View->render()
 3 APPPATH\Controllers\ProduitController.php(33): view()
 4 SYSTEMPATH\CodeIgniter.php(933): App\Controllers\ProduitController->index()
 5 SYSTEMPATH\CodeIgniter.php(509): CodeIgniter\CodeIgniter->runController()
 6 SYSTEMPATH\CodeIgniter.php(355): CodeIgniter\CodeIgniter->handleRequest()
 7 SYSTEMPATH\Boot.php(325): CodeIgniter\CodeIgniter->run()
 8 SYSTEMPATH\Boot.php(67): CodeIgniter\Boot::runCodeIgniter()
 9 FCPATH\index.php(56): CodeIgniter\Boot::bootWeb()
10 SYSTEMPATH\rewrite.php(44): require_once('C:\\Users\\oscar\\OneDrive\\Bureau\\All\\sayanCoaching\\test\\S501-Saiyans-Coaching\\public\\index.php')
CRITICAL - 2024-12-09 09:44:15 --> Error: Call to undefined method CodeIgniter\Pager\Pager::link()
[Method: GET, Route: produit/unique/1]
in APPPATH\Views\Produit\DetailsProduit.php on line 45.
 1 SYSTEMPATH\View\View.php(234): include()
 2 SYSTEMPATH\View\View.php(237): CodeIgniter\View\View->CodeIgniter\View\{closure}()
 3 SYSTEMPATH\Common.php(1169): CodeIgniter\View\View->render()
 4 APPPATH\Controllers\ProduitController.php(78): view()
 5 SYSTEMPATH\CodeIgniter.php(933): App\Controllers\ProduitController->indexProduct()
 6 SYSTEMPATH\CodeIgniter.php(509): CodeIgniter\CodeIgniter->runController()
 7 SYSTEMPATH\CodeIgniter.php(355): CodeIgniter\CodeIgniter->handleRequest()
 8 SYSTEMPATH\Boot.php(325): CodeIgniter\CodeIgniter->run()
 9 SYSTEMPATH\Boot.php(67): CodeIgniter\Boot::runCodeIgniter()
10 FCPATH\index.php(56): CodeIgniter\Boot::bootWeb()
11 SYSTEMPATH\rewrite.php(44): require_once('C:\\Users\\oscar\\OneDrive\\Bureau\\All\\sayanCoaching\\test\\S501-Saiyans-Coaching\\public\\index.php')
CRITICAL - 2024-12-09 09:44:20 --> Error: Call to undefined method CodeIgniter\Pager\Pager::link()
[Method: GET, Route: produit/unique/1]
in APPPATH\Views\Produit\DetailsProduit.php on line 45.
 1 SYSTEMPATH\View\View.php(234): include()
 2 SYSTEMPATH\View\View.php(237): CodeIgniter\View\View->CodeIgniter\View\{closure}()
 3 SYSTEMPATH\Common.php(1169): CodeIgniter\View\View->render()
 4 APPPATH\Controllers\ProduitController.php(78): view()
 5 SYSTEMPATH\CodeIgniter.php(933): App\Controllers\ProduitController->indexProduct()
 6 SYSTEMPATH\CodeIgniter.php(509): CodeIgniter\CodeIgniter->runController()
 7 SYSTEMPATH\CodeIgniter.php(355): CodeIgniter\CodeIgniter->handleRequest()
 8 SYSTEMPATH\Boot.php(325): CodeIgniter\CodeIgniter->run()
 9 SYSTEMPATH\Boot.php(67): CodeIgniter\Boot::runCodeIgniter()
10 FCPATH\index.php(56): CodeIgniter\Boot::bootWeb()
11 SYSTEMPATH\rewrite.php(44): require_once('C:\\Users\\oscar\\OneDrive\\Bureau\\All\\sayanCoaching\\test\\S501-Saiyans-Coaching\\public\\index.php')
CRITICAL - 2024-12-09 09:44:41 --> Error: Call to undefined method CodeIgniter\Pager\Pager::link()
[Method: GET, Route: produit/unique/1]
in APPPATH\Views\Produit\DetailsProduit.php on line 47.
 1 SYSTEMPATH\View\View.php(234): include()
 2 SYSTEMPATH\View\View.php(237): CodeIgniter\View\View->CodeIgniter\View\{closure}()
 3 SYSTEMPATH\Common.php(1169): CodeIgniter\View\View->render()
 4 APPPATH\Controllers\ProduitController.php(78): view()
 5 SYSTEMPATH\CodeIgniter.php(933): App\Controllers\ProduitController->indexProduct()
 6 SYSTEMPATH\CodeIgniter.php(509): CodeIgniter\CodeIgniter->runController()
 7 SYSTEMPATH\CodeIgniter.php(355): CodeIgniter\CodeIgniter->handleRequest()
 8 SYSTEMPATH\Boot.php(325): CodeIgniter\CodeIgniter->run()
 9 SYSTEMPATH\Boot.php(67): CodeIgniter\Boot::runCodeIgniter()
10 FCPATH\index.php(56): CodeIgniter\Boot::bootWeb()
11 SYSTEMPATH\rewrite.php(44): require_once('C:\\Users\\oscar\\OneDrive\\Bureau\\All\\sayanCoaching\\test\\S501-Saiyans-Coaching\\public\\index.php')
CRITICAL - 2024-12-09 09:45:26 --> Error: Call to undefined method Config\Pager::link()
[Method: GET, Route: produit/unique/1]
in APPPATH\Views\Produit\DetailsProduit.php on line 48.
 1 SYSTEMPATH\View\View.php(234): include()
 2 SYSTEMPATH\View\View.php(237): CodeIgniter\View\View->CodeIgniter\View\{closure}()
 3 SYSTEMPATH\Common.php(1169): CodeIgniter\View\View->render()
 4 APPPATH\Controllers\ProduitController.php(78): view()
 5 SYSTEMPATH\CodeIgniter.php(933): App\Controllers\ProduitController->indexProduct()
 6 SYSTEMPATH\CodeIgniter.php(509): CodeIgniter\CodeIgniter->runController()
 7 SYSTEMPATH\CodeIgniter.php(355): CodeIgniter\CodeIgniter->handleRequest()
 8 SYSTEMPATH\Boot.php(325): CodeIgniter\CodeIgniter->run()
 9 SYSTEMPATH\Boot.php(67): CodeIgniter\Boot::runCodeIgniter()
10 FCPATH\index.php(56): CodeIgniter\Boot::bootWeb()
11 SYSTEMPATH\rewrite.php(44): require_once('C:\\Users\\oscar\\OneDrive\\Bureau\\All\\sayanCoaching\\test\\S501-Saiyans-Coaching\\public\\index.php')
CRITICAL - 2024-12-09 09:45:38 --> Error: Call to undefined method CodeIgniter\Pager\Pager::link()
[Method: GET, Route: produit/unique/1]
in APPPATH\Views\Produit\DetailsProduit.php on line 47.
 1 SYSTEMPATH\View\View.php(234): include()
 2 SYSTEMPATH\View\View.php(237): CodeIgniter\View\View->CodeIgniter\View\{closure}()
 3 SYSTEMPATH\Common.php(1169): CodeIgniter\View\View->render()
 4 APPPATH\Controllers\ProduitController.php(78): view()
 5 SYSTEMPATH\CodeIgniter.php(933): App\Controllers\ProduitController->indexProduct()
 6 SYSTEMPATH\CodeIgniter.php(509): CodeIgniter\CodeIgniter->runController()
 7 SYSTEMPATH\CodeIgniter.php(355): CodeIgniter\CodeIgniter->handleRequest()
 8 SYSTEMPATH\Boot.php(325): CodeIgniter\CodeIgniter->run()
 9 SYSTEMPATH\Boot.php(67): CodeIgniter\Boot::runCodeIgniter()
10 FCPATH\index.php(56): CodeIgniter\Boot::bootWeb()
11 SYSTEMPATH\rewrite.php(44): require_once('C:\\Users\\oscar\\OneDrive\\Bureau\\All\\sayanCoaching\\test\\S501-Saiyans-Coaching\\public\\index.php')
CRITICAL - 2024-12-09 09:46:02 --> CodeIgniter\Pager\Exceptions\PagerException: "defalut_full" is not a valid Pager template.
[Method: GET, Route: produit/unique/1]
in SYSTEMPATH\Pager\Pager.php on line 124.
 1 SYSTEMPATH\Pager\Pager.php(124): CodeIgniter\Pager\Exceptions\PagerException::forInvalidTemplate()
 2 SYSTEMPATH\Pager\Pager.php(87): CodeIgniter\Pager\Pager->displayLinks()
 3 APPPATH\Views\Produit\DetailsProduit.php(47): CodeIgniter\Pager\Pager->links()
 4 SYSTEMPATH\View\View.php(234): include('C:\\Users\\oscar\\OneDrive\\Bureau\\All\\sayanCoaching\\test\\S501-Saiyans-Coaching\\app\\Views\\Produit\\DetailsProduit.php')
 5 SYSTEMPATH\View\View.php(237): CodeIgniter\View\View->CodeIgniter\View\{closure}()
 6 SYSTEMPATH\Common.php(1169): CodeIgniter\View\View->render()
 7 APPPATH\Controllers\ProduitController.php(78): view()
 8 SYSTEMPATH\CodeIgniter.php(933): App\Controllers\ProduitController->indexProduct()
 9 SYSTEMPATH\CodeIgniter.php(509): CodeIgniter\CodeIgniter->runController()
10 SYSTEMPATH\CodeIgniter.php(355): CodeIgniter\CodeIgniter->handleRequest()
11 SYSTEMPATH\Boot.php(325): CodeIgniter\CodeIgniter->run()
12 SYSTEMPATH\Boot.php(67): CodeIgniter\Boot::runCodeIgniter()
13 FCPATH\index.php(56): CodeIgniter\Boot::bootWeb()
14 SYSTEMPATH\rewrite.php(44): require_once('C:\\Users\\oscar\\OneDrive\\Bureau\\All\\sayanCoaching\\test\\S501-Saiyans-Coaching\\public\\index.php')
CRITICAL - 2024-12-09 09:56:01 --> CodeIgniter\View\Exceptions\ViewException: Invalid file: "App\views\templates\custom_pagination.php"
[Method: GET, Route: produit/unique/1]
in SYSTEMPATH\Exceptions\FrameworkException.php on line 41.
 1 SYSTEMPATH\View\View.php(222): CodeIgniter\Exceptions\FrameworkException::forInvalidFile()
 2 SYSTEMPATH\Pager\Pager.php(130): CodeIgniter\View\View->render()
 3 SYSTEMPATH\Pager\Pager.php(87): CodeIgniter\Pager\Pager->displayLinks()
 4 APPPATH\Views\Produit\DetailsProduit.php(55): CodeIgniter\Pager\Pager->links()
 5 SYSTEMPATH\View\View.php(234): include('C:\\Users\\oscar\\OneDrive\\Bureau\\All\\sayanCoaching\\test\\S501-Saiyans-Coaching\\app\\Views\\Produit\\DetailsProduit.php')
 6 SYSTEMPATH\View\View.php(237): CodeIgniter\View\View->CodeIgniter\View\{closure}()
 7 SYSTEMPATH\Common.php(1169): CodeIgniter\View\View->render()
 8 APPPATH\Controllers\ProduitController.php(78): view()
 9 SYSTEMPATH\CodeIgniter.php(933): App\Controllers\ProduitController->indexProduct()
10 SYSTEMPATH\CodeIgniter.php(509): CodeIgniter\CodeIgniter->runController()
11 SYSTEMPATH\CodeIgniter.php(355): CodeIgniter\CodeIgniter->handleRequest()
12 SYSTEMPATH\Boot.php(325): CodeIgniter\CodeIgniter->run()
13 SYSTEMPATH\Boot.php(67): CodeIgniter\Boot::runCodeIgniter()
14 FCPATH\index.php(56): CodeIgniter\Boot::bootWeb()
15 SYSTEMPATH\rewrite.php(44): require_once('C:\\Users\\oscar\\OneDrive\\Bureau\\All\\sayanCoaching\\test\\S501-Saiyans-Coaching\\public\\index.php')
CRITICAL - 2024-12-09 09:56:37 --> CodeIgniter\View\Exceptions\ViewException: Invalid file: "App\views\templates\custom_pagination.php"
[Method: GET, Route: produit/unique/1]
in SYSTEMPATH\Exceptions\FrameworkException.php on line 41.
 1 SYSTEMPATH\View\View.php(222): CodeIgniter\Exceptions\FrameworkException::forInvalidFile()
 2 SYSTEMPATH\Pager\Pager.php(130): CodeIgniter\View\View->render()
 3 SYSTEMPATH\Pager\Pager.php(87): CodeIgniter\Pager\Pager->displayLinks()
 4 APPPATH\Views\Produit\DetailsProduit.php(55): CodeIgniter\Pager\Pager->links()
 5 SYSTEMPATH\View\View.php(234): include('C:\\Users\\oscar\\OneDrive\\Bureau\\All\\sayanCoaching\\test\\S501-Saiyans-Coaching\\app\\Views\\Produit\\DetailsProduit.php')
 6 SYSTEMPATH\View\View.php(237): CodeIgniter\View\View->CodeIgniter\View\{closure}()
 7 SYSTEMPATH\Common.php(1169): CodeIgniter\View\View->render()
 8 APPPATH\Controllers\ProduitController.php(78): view()
 9 SYSTEMPATH\CodeIgniter.php(933): App\Controllers\ProduitController->indexProduct()
10 SYSTEMPATH\CodeIgniter.php(509): CodeIgniter\CodeIgniter->runController()
11 SYSTEMPATH\CodeIgniter.php(355): CodeIgniter\CodeIgniter->handleRequest()
12 SYSTEMPATH\Boot.php(325): CodeIgniter\CodeIgniter->run()
13 SYSTEMPATH\Boot.php(67): CodeIgniter\Boot::runCodeIgniter()
14 FCPATH\index.php(56): CodeIgniter\Boot::bootWeb()
15 SYSTEMPATH\rewrite.php(44): require_once('C:\\Users\\oscar\\OneDrive\\Bureau\\All\\sayanCoaching\\test\\S501-Saiyans-Coaching\\public\\index.php')
CRITICAL - 2024-12-09 09:56:52 --> CodeIgniter\View\Exceptions\ViewException: Invalid file: "App\V\templates\custom_pagination.php"
[Method: GET, Route: produit/unique/1]
in SYSTEMPATH\Exceptions\FrameworkException.php on line 41.
 1 SYSTEMPATH\View\View.php(222): CodeIgniter\Exceptions\FrameworkException::forInvalidFile()
 2 SYSTEMPATH\Pager\Pager.php(130): CodeIgniter\View\View->render()
 3 SYSTEMPATH\Pager\Pager.php(87): CodeIgniter\Pager\Pager->displayLinks()
 4 APPPATH\Views\Produit\DetailsProduit.php(55): CodeIgniter\Pager\Pager->links()
 5 SYSTEMPATH\View\View.php(234): include('C:\\Users\\oscar\\OneDrive\\Bureau\\All\\sayanCoaching\\test\\S501-Saiyans-Coaching\\app\\Views\\Produit\\DetailsProduit.php')
 6 SYSTEMPATH\View\View.php(237): CodeIgniter\View\View->CodeIgniter\View\{closure}()
 7 SYSTEMPATH\Common.php(1169): CodeIgniter\View\View->render()
 8 APPPATH\Controllers\ProduitController.php(78): view()
 9 SYSTEMPATH\CodeIgniter.php(933): App\Controllers\ProduitController->indexProduct()
10 SYSTEMPATH\CodeIgniter.php(509): CodeIgniter\CodeIgniter->runController()
11 SYSTEMPATH\CodeIgniter.php(355): CodeIgniter\CodeIgniter->handleRequest()
12 SYSTEMPATH\Boot.php(325): CodeIgniter\CodeIgniter->run()
13 SYSTEMPATH\Boot.php(67): CodeIgniter\Boot::runCodeIgniter()
14 FCPATH\index.php(56): CodeIgniter\Boot::bootWeb()
15 SYSTEMPATH\rewrite.php(44): require_once('C:\\Users\\oscar\\OneDrive\\Bureau\\All\\sayanCoaching\\test\\S501-Saiyans-Coaching\\public\\index.php')
