ERROR - 2024-12-07 16:08:29 --> Error connecting to the database: Error: Call to undefined function CodeIgniter\Database\Postgre\pg_connect() in C:\Users\oscar\OneDrive\Bureau\All\sayanCoaching\test\S501-Saiyans-Coaching\system\Database\Postgre\Connection.php:77
Stack trace:
#0 C:\Users\oscar\OneDrive\Bureau\All\sayanCoaching\test\S501-Saiyans-Coaching\system\Database\BaseConnection.php(421): CodeIgniter\Database\Postgre\Connection->connect()
#1 C:\Users\oscar\OneDrive\Bureau\All\sayanCoaching\test\S501-Saiyans-Coaching\system\Database\BaseConnection.php(616): CodeIgniter\Database\BaseConnection->initialize()
#2 C:\Users\oscar\OneDrive\Bureau\All\sayanCoaching\test\S501-Saiyans-Coaching\system\Database\BaseBuilder.php(1644): CodeIgniter\Database\BaseConnection->query()
#3 C:\Users\oscar\OneDrive\Bureau\All\sayanCoaching\test\S501-Saiyans-Coaching\system\Model.php(286): CodeIgniter\Database\BaseBuilder->get()
#4 C:\Users\oscar\OneDrive\Bureau\All\sayanCoaching\test\S501-Saiyans-Coaching\system\BaseModel.php(676): CodeIgniter\Model->doFindAll()
#5 C:\Users\oscar\OneDrive\Bureau\All\sayanCoaching\test\S501-Saiyans-Coaching\app\Models\ProduitModel.php(34): CodeIgniter\BaseModel->findAll()
#6 C:\Users\oscar\OneDrive\Bureau\All\sayanCoaching\test\S501-Saiyans-Coaching\app\Controllers\AccueilController.php(10): App\Models\ProduitModel->getProduitAffichageAcceuil()
#7 C:\Users\oscar\OneDrive\Bureau\All\sayanCoaching\test\S501-Saiyans-Coaching\system\CodeIgniter.php(933): App\Controllers\AccueilController->index()
#8 C:\Users\oscar\OneDrive\Bureau\All\sayanCoaching\test\S501-Saiyans-Coaching\system\CodeIgniter.php(509): CodeIgniter\CodeIgniter->runController()
#9 C:\Users\oscar\OneDrive\Bureau\All\sayanCoaching\test\S501-Saiyans-Coaching\system\CodeIgniter.php(355): CodeIgniter\CodeIgniter->handleRequest()
#10 C:\Users\oscar\OneDrive\Bureau\All\sayanCoaching\test\S501-Saiyans-Coaching\system\Boot.php(325): CodeIgniter\CodeIgniter->run()
#11 C:\Users\oscar\OneDrive\Bureau\All\sayanCoaching\test\S501-Saiyans-Coaching\system\Boot.php(67): CodeIgniter\Boot::runCodeIgniter()
#12 C:\Users\oscar\OneDrive\Bureau\All\sayanCoaching\test\S501-Saiyans-Coaching\public\index.php(56): CodeIgniter\Boot::bootWeb()
#13 C:\Users\oscar\OneDrive\Bureau\All\sayanCoaching\test\S501-Saiyans-Coaching\system\rewrite.php(44): require_once('...')
#14 {main}
CRITICAL - 2024-12-07 16:08:29 --> CodeIgniter\Database\Exceptions\DatabaseException: Unable to connect to the database.
Main connection [Postgre]: Call to undefined function CodeIgniter\Database\Postgre\pg_connect()
[Method: GET, Route: /]
in SYSTEMPATH\Database\BaseConnection.php on line 467.
 1 SYSTEMPATH\Database\BaseConnection.php(616): CodeIgniter\Database\BaseConnection->initialize()
 2 SYSTEMPATH\Database\BaseBuilder.php(1644): CodeIgniter\Database\BaseConnection->query()
 3 SYSTEMPATH\Model.php(286): CodeIgniter\Database\BaseBuilder->get()
 4 SYSTEMPATH\BaseModel.php(676): CodeIgniter\Model->doFindAll()
 5 APPPATH\Models\ProduitModel.php(34): CodeIgniter\BaseModel->findAll()
 6 APPPATH\Controllers\AccueilController.php(10): App\Models\ProduitModel->getProduitAffichageAcceuil()
 7 SYSTEMPATH\CodeIgniter.php(933): App\Controllers\AccueilController->index()
 8 SYSTEMPATH\CodeIgniter.php(509): CodeIgniter\CodeIgniter->runController()
 9 SYSTEMPATH\CodeIgniter.php(355): CodeIgniter\CodeIgniter->handleRequest()
10 SYSTEMPATH\Boot.php(325): CodeIgniter\CodeIgniter->run()
11 SYSTEMPATH\Boot.php(67): CodeIgniter\Boot::runCodeIgniter()
12 FCPATH\index.php(56): CodeIgniter\Boot::bootWeb()
13 SYSTEMPATH\rewrite.php(44): require_once('C:\\Users\\oscar\\OneDrive\\Bureau\\All\\sayanCoaching\\test\\S501-Saiyans-Coaching\\public\\index.php')
ERROR - 2024-12-07 16:14:02 --> Error connecting to the database: Error: Call to undefined function CodeIgniter\Database\Postgre\pg_connect() in C:\Users\oscar\OneDrive\Bureau\All\sayanCoaching\test\S501-Saiyans-Coaching\system\Database\Postgre\Connection.php:77
Stack trace:
#0 C:\Users\oscar\OneDrive\Bureau\All\sayanCoaching\test\S501-Saiyans-Coaching\system\Database\BaseConnection.php(421): CodeIgniter\Database\Postgre\Connection->connect()
#1 C:\Users\oscar\OneDrive\Bureau\All\sayanCoaching\test\S501-Saiyans-Coaching\system\Database\BaseConnection.php(616): CodeIgniter\Database\BaseConnection->initialize()
#2 C:\Users\oscar\OneDrive\Bureau\All\sayanCoaching\test\S501-Saiyans-Coaching\system\Database\BaseBuilder.php(1644): CodeIgniter\Database\BaseConnection->query()
#3 C:\Users\oscar\OneDrive\Bureau\All\sayanCoaching\test\S501-Saiyans-Coaching\system\Model.php(286): CodeIgniter\Database\BaseBuilder->get()
#4 C:\Users\oscar\OneDrive\Bureau\All\sayanCoaching\test\S501-Saiyans-Coaching\system\BaseModel.php(676): CodeIgniter\Model->doFindAll()
#5 C:\Users\oscar\OneDrive\Bureau\All\sayanCoaching\test\S501-Saiyans-Coaching\app\Models\ProduitModel.php(34): CodeIgniter\BaseModel->findAll()
#6 C:\Users\oscar\OneDrive\Bureau\All\sayanCoaching\test\S501-Saiyans-Coaching\app\Controllers\AccueilController.php(10): App\Models\ProduitModel->getProduitAffichageAcceuil()
#7 C:\Users\oscar\OneDrive\Bureau\All\sayanCoaching\test\S501-Saiyans-Coaching\system\CodeIgniter.php(933): App\Controllers\AccueilController->index()
#8 C:\Users\oscar\OneDrive\Bureau\All\sayanCoaching\test\S501-Saiyans-Coaching\system\CodeIgniter.php(509): CodeIgniter\CodeIgniter->runController()
#9 C:\Users\oscar\OneDrive\Bureau\All\sayanCoaching\test\S501-Saiyans-Coaching\system\CodeIgniter.php(355): CodeIgniter\CodeIgniter->handleRequest()
#10 C:\Users\oscar\OneDrive\Bureau\All\sayanCoaching\test\S501-Saiyans-Coaching\system\Boot.php(325): CodeIgniter\CodeIgniter->run()
#11 C:\Users\oscar\OneDrive\Bureau\All\sayanCoaching\test\S501-Saiyans-Coaching\system\Boot.php(67): CodeIgniter\Boot::runCodeIgniter()
#12 C:\Users\oscar\OneDrive\Bureau\All\sayanCoaching\test\S501-Saiyans-Coaching\public\index.php(56): CodeIgniter\Boot::bootWeb()
#13 C:\Users\oscar\OneDrive\Bureau\All\sayanCoaching\test\S501-Saiyans-Coaching\system\rewrite.php(44): require_once('...')
#14 {main}
CRITICAL - 2024-12-07 16:14:02 --> CodeIgniter\Database\Exceptions\DatabaseException: Unable to connect to the database.
Main connection [Postgre]: Call to undefined function CodeIgniter\Database\Postgre\pg_connect()
[Method: GET, Route: /]
in SYSTEMPATH\Database\BaseConnection.php on line 467.
 1 SYSTEMPATH\Database\BaseConnection.php(616): CodeIgniter\Database\BaseConnection->initialize()
 2 SYSTEMPATH\Database\BaseBuilder.php(1644): CodeIgniter\Database\BaseConnection->query()
 3 SYSTEMPATH\Model.php(286): CodeIgniter\Database\BaseBuilder->get()
 4 SYSTEMPATH\BaseModel.php(676): CodeIgniter\Model->doFindAll()
 5 APPPATH\Models\ProduitModel.php(34): CodeIgniter\BaseModel->findAll()
 6 APPPATH\Controllers\AccueilController.php(10): App\Models\ProduitModel->getProduitAffichageAcceuil()
 7 SYSTEMPATH\CodeIgniter.php(933): App\Controllers\AccueilController->index()
 8 SYSTEMPATH\CodeIgniter.php(509): CodeIgniter\CodeIgniter->runController()
 9 SYSTEMPATH\CodeIgniter.php(355): CodeIgniter\CodeIgniter->handleRequest()
10 SYSTEMPATH\Boot.php(325): CodeIgniter\CodeIgniter->run()
11 SYSTEMPATH\Boot.php(67): CodeIgniter\Boot::runCodeIgniter()
12 FCPATH\index.php(56): CodeIgniter\Boot::bootWeb()
13 SYSTEMPATH\rewrite.php(44): require_once('C:\\Users\\oscar\\OneDrive\\Bureau\\All\\sayanCoaching\\test\\S501-Saiyans-Coaching\\public\\index.php')
ERROR - 2024-12-07 16:26:35 --> Error connecting to the database: Error: Call to undefined function CodeIgniter\Database\Postgre\pg_connect() in C:\Users\oscar\OneDrive\Bureau\All\sayanCoaching\test\S501-Saiyans-Coaching\system\Database\Postgre\Connection.php:77
Stack trace:
#0 C:\Users\oscar\OneDrive\Bureau\All\sayanCoaching\test\S501-Saiyans-Coaching\system\Database\BaseConnection.php(421): CodeIgniter\Database\Postgre\Connection->connect()
#1 C:\Users\oscar\OneDrive\Bureau\All\sayanCoaching\test\S501-Saiyans-Coaching\system\Database\BaseConnection.php(616): CodeIgniter\Database\BaseConnection->initialize()
#2 C:\Users\oscar\OneDrive\Bureau\All\sayanCoaching\test\S501-Saiyans-Coaching\system\Database\BaseBuilder.php(1644): CodeIgniter\Database\BaseConnection->query()
#3 C:\Users\oscar\OneDrive\Bureau\All\sayanCoaching\test\S501-Saiyans-Coaching\system\Model.php(286): CodeIgniter\Database\BaseBuilder->get()
#4 C:\Users\oscar\OneDrive\Bureau\All\sayanCoaching\test\S501-Saiyans-Coaching\system\BaseModel.php(676): CodeIgniter\Model->doFindAll()
#5 C:\Users\oscar\OneDrive\Bureau\All\sayanCoaching\test\S501-Saiyans-Coaching\app\Models\ProduitModel.php(34): CodeIgniter\BaseModel->findAll()
#6 C:\Users\oscar\OneDrive\Bureau\All\sayanCoaching\test\S501-Saiyans-Coaching\app\Controllers\AccueilController.php(10): App\Models\ProduitModel->getProduitAffichageAcceuil()
#7 C:\Users\oscar\OneDrive\Bureau\All\sayanCoaching\test\S501-Saiyans-Coaching\system\CodeIgniter.php(933): App\Controllers\AccueilController->index()
#8 C:\Users\oscar\OneDrive\Bureau\All\sayanCoaching\test\S501-Saiyans-Coaching\system\CodeIgniter.php(509): CodeIgniter\CodeIgniter->runController()
#9 C:\Users\oscar\OneDrive\Bureau\All\sayanCoaching\test\S501-Saiyans-Coaching\system\CodeIgniter.php(355): CodeIgniter\CodeIgniter->handleRequest()
#10 C:\Users\oscar\OneDrive\Bureau\All\sayanCoaching\test\S501-Saiyans-Coaching\system\Boot.php(325): CodeIgniter\CodeIgniter->run()
#11 C:\Users\oscar\OneDrive\Bureau\All\sayanCoaching\test\S501-Saiyans-Coaching\system\Boot.php(67): CodeIgniter\Boot::runCodeIgniter()
#12 C:\Users\oscar\OneDrive\Bureau\All\sayanCoaching\test\S501-Saiyans-Coaching\public\index.php(56): CodeIgniter\Boot::bootWeb()
#13 C:\Users\oscar\OneDrive\Bureau\All\sayanCoaching\test\S501-Saiyans-Coaching\system\rewrite.php(44): require_once('...')
#14 {main}
CRITICAL - 2024-12-07 16:26:35 --> CodeIgniter\Database\Exceptions\DatabaseException: Unable to connect to the database.
Main connection [Postgre]: Call to undefined function CodeIgniter\Database\Postgre\pg_connect()
[Method: GET, Route: /]
in SYSTEMPATH\Database\BaseConnection.php on line 467.
 1 SYSTEMPATH\Database\BaseConnection.php(616): CodeIgniter\Database\BaseConnection->initialize()
 2 SYSTEMPATH\Database\BaseBuilder.php(1644): CodeIgniter\Database\BaseConnection->query()
 3 SYSTEMPATH\Model.php(286): CodeIgniter\Database\BaseBuilder->get()
 4 SYSTEMPATH\BaseModel.php(676): CodeIgniter\Model->doFindAll()
 5 APPPATH\Models\ProduitModel.php(34): CodeIgniter\BaseModel->findAll()
 6 APPPATH\Controllers\AccueilController.php(10): App\Models\ProduitModel->getProduitAffichageAcceuil()
 7 SYSTEMPATH\CodeIgniter.php(933): App\Controllers\AccueilController->index()
 8 SYSTEMPATH\CodeIgniter.php(509): CodeIgniter\CodeIgniter->runController()
 9 SYSTEMPATH\CodeIgniter.php(355): CodeIgniter\CodeIgniter->handleRequest()
10 SYSTEMPATH\Boot.php(325): CodeIgniter\CodeIgniter->run()
11 SYSTEMPATH\Boot.php(67): CodeIgniter\Boot::runCodeIgniter()
12 FCPATH\index.php(56): CodeIgniter\Boot::bootWeb()
13 SYSTEMPATH\rewrite.php(44): require_once('C:\\Users\\oscar\\OneDrive\\Bureau\\All\\sayanCoaching\\test\\S501-Saiyans-Coaching\\public\\index.php')
ERROR - 2024-12-07 16:41:19 --> Error connecting to the database: Error: Call to undefined function CodeIgniter\Database\Postgre\pg_connect() in C:\Users\oscar\OneDrive\Bureau\All\sayanCoaching\test\S501-Saiyans-Coaching\system\Database\Postgre\Connection.php:77
Stack trace:
#0 C:\Users\oscar\OneDrive\Bureau\All\sayanCoaching\test\S501-Saiyans-Coaching\system\Database\BaseConnection.php(421): CodeIgniter\Database\Postgre\Connection->connect()
#1 C:\Users\oscar\OneDrive\Bureau\All\sayanCoaching\test\S501-Saiyans-Coaching\system\Database\BaseConnection.php(616): CodeIgniter\Database\BaseConnection->initialize()
#2 C:\Users\oscar\OneDrive\Bureau\All\sayanCoaching\test\S501-Saiyans-Coaching\system\Database\BaseBuilder.php(1644): CodeIgniter\Database\BaseConnection->query()
#3 C:\Users\oscar\OneDrive\Bureau\All\sayanCoaching\test\S501-Saiyans-Coaching\system\Model.php(286): CodeIgniter\Database\BaseBuilder->get()
#4 C:\Users\oscar\OneDrive\Bureau\All\sayanCoaching\test\S501-Saiyans-Coaching\system\BaseModel.php(676): CodeIgniter\Model->doFindAll()
#5 C:\Users\oscar\OneDrive\Bureau\All\sayanCoaching\test\S501-Saiyans-Coaching\app\Models\ProduitModel.php(34): CodeIgniter\BaseModel->findAll()
#6 C:\Users\oscar\OneDrive\Bureau\All\sayanCoaching\test\S501-Saiyans-Coaching\app\Controllers\AccueilController.php(10): App\Models\ProduitModel->getProduitAffichageAcceuil()
#7 C:\Users\oscar\OneDrive\Bureau\All\sayanCoaching\test\S501-Saiyans-Coaching\system\CodeIgniter.php(933): App\Controllers\AccueilController->index()
#8 C:\Users\oscar\OneDrive\Bureau\All\sayanCoaching\test\S501-Saiyans-Coaching\system\CodeIgniter.php(509): CodeIgniter\CodeIgniter->runController()
#9 C:\Users\oscar\OneDrive\Bureau\All\sayanCoaching\test\S501-Saiyans-Coaching\system\CodeIgniter.php(355): CodeIgniter\CodeIgniter->handleRequest()
#10 C:\Users\oscar\OneDrive\Bureau\All\sayanCoaching\test\S501-Saiyans-Coaching\system\Boot.php(325): CodeIgniter\CodeIgniter->run()
#11 C:\Users\oscar\OneDrive\Bureau\All\sayanCoaching\test\S501-Saiyans-Coaching\system\Boot.php(67): CodeIgniter\Boot::runCodeIgniter()
#12 C:\Users\oscar\OneDrive\Bureau\All\sayanCoaching\test\S501-Saiyans-Coaching\public\index.php(56): CodeIgniter\Boot::bootWeb()
#13 C:\Users\oscar\OneDrive\Bureau\All\sayanCoaching\test\S501-Saiyans-Coaching\system\rewrite.php(44): require_once('...')
#14 {main}
CRITICAL - 2024-12-07 16:41:19 --> CodeIgniter\Database\Exceptions\DatabaseException: Unable to connect to the database.
Main connection [Postgre]: Call to undefined function CodeIgniter\Database\Postgre\pg_connect()
[Method: GET, Route: /]
in SYSTEMPATH\Database\BaseConnection.php on line 467.
 1 SYSTEMPATH\Database\BaseConnection.php(616): CodeIgniter\Database\BaseConnection->initialize()
 2 SYSTEMPATH\Database\BaseBuilder.php(1644): CodeIgniter\Database\BaseConnection->query()
 3 SYSTEMPATH\Model.php(286): CodeIgniter\Database\BaseBuilder->get()
 4 SYSTEMPATH\BaseModel.php(676): CodeIgniter\Model->doFindAll()
 5 APPPATH\Models\ProduitModel.php(34): CodeIgniter\BaseModel->findAll()
 6 APPPATH\Controllers\AccueilController.php(10): App\Models\ProduitModel->getProduitAffichageAcceuil()
 7 SYSTEMPATH\CodeIgniter.php(933): App\Controllers\AccueilController->index()
 8 SYSTEMPATH\CodeIgniter.php(509): CodeIgniter\CodeIgniter->runController()
 9 SYSTEMPATH\CodeIgniter.php(355): CodeIgniter\CodeIgniter->handleRequest()
10 SYSTEMPATH\Boot.php(325): CodeIgniter\CodeIgniter->run()
11 SYSTEMPATH\Boot.php(67): CodeIgniter\Boot::runCodeIgniter()
12 FCPATH\index.php(56): CodeIgniter\Boot::bootWeb()
13 SYSTEMPATH\rewrite.php(44): require_once('C:\\Users\\oscar\\OneDrive\\Bureau\\All\\sayanCoaching\\test\\S501-Saiyans-Coaching\\public\\index.php')
ERROR - 2024-12-07 16:41:20 --> Error connecting to the database: Error: Call to undefined function CodeIgniter\Database\Postgre\pg_connect() in C:\Users\oscar\OneDrive\Bureau\All\sayanCoaching\test\S501-Saiyans-Coaching\system\Database\Postgre\Connection.php:77
Stack trace:
#0 C:\Users\oscar\OneDrive\Bureau\All\sayanCoaching\test\S501-Saiyans-Coaching\system\Database\BaseConnection.php(421): CodeIgniter\Database\Postgre\Connection->connect()
#1 C:\Users\oscar\OneDrive\Bureau\All\sayanCoaching\test\S501-Saiyans-Coaching\system\Database\BaseConnection.php(616): CodeIgniter\Database\BaseConnection->initialize()
#2 C:\Users\oscar\OneDrive\Bureau\All\sayanCoaching\test\S501-Saiyans-Coaching\system\Database\BaseBuilder.php(1644): CodeIgniter\Database\BaseConnection->query()
#3 C:\Users\oscar\OneDrive\Bureau\All\sayanCoaching\test\S501-Saiyans-Coaching\system\Model.php(286): CodeIgniter\Database\BaseBuilder->get()
#4 C:\Users\oscar\OneDrive\Bureau\All\sayanCoaching\test\S501-Saiyans-Coaching\system\BaseModel.php(676): CodeIgniter\Model->doFindAll()
#5 C:\Users\oscar\OneDrive\Bureau\All\sayanCoaching\test\S501-Saiyans-Coaching\app\Models\ProduitModel.php(34): CodeIgniter\BaseModel->findAll()
#6 C:\Users\oscar\OneDrive\Bureau\All\sayanCoaching\test\S501-Saiyans-Coaching\app\Controllers\AccueilController.php(10): App\Models\ProduitModel->getProduitAffichageAcceuil()
#7 C:\Users\oscar\OneDrive\Bureau\All\sayanCoaching\test\S501-Saiyans-Coaching\system\CodeIgniter.php(933): App\Controllers\AccueilController->index()
#8 C:\Users\oscar\OneDrive\Bureau\All\sayanCoaching\test\S501-Saiyans-Coaching\system\CodeIgniter.php(509): CodeIgniter\CodeIgniter->runController()
#9 C:\Users\oscar\OneDrive\Bureau\All\sayanCoaching\test\S501-Saiyans-Coaching\system\CodeIgniter.php(355): CodeIgniter\CodeIgniter->handleRequest()
#10 C:\Users\oscar\OneDrive\Bureau\All\sayanCoaching\test\S501-Saiyans-Coaching\system\Boot.php(325): CodeIgniter\CodeIgniter->run()
#11 C:\Users\oscar\OneDrive\Bureau\All\sayanCoaching\test\S501-Saiyans-Coaching\system\Boot.php(67): CodeIgniter\Boot::runCodeIgniter()
#12 C:\Users\oscar\OneDrive\Bureau\All\sayanCoaching\test\S501-Saiyans-Coaching\public\index.php(56): CodeIgniter\Boot::bootWeb()
#13 C:\Users\oscar\OneDrive\Bureau\All\sayanCoaching\test\S501-Saiyans-Coaching\system\rewrite.php(44): require_once('...')
#14 {main}
CRITICAL - 2024-12-07 16:41:20 --> CodeIgniter\Database\Exceptions\DatabaseException: Unable to connect to the database.
Main connection [Postgre]: Call to undefined function CodeIgniter\Database\Postgre\pg_connect()
[Method: GET, Route: /]
in SYSTEMPATH\Database\BaseConnection.php on line 467.
 1 SYSTEMPATH\Database\BaseConnection.php(616): CodeIgniter\Database\BaseConnection->initialize()
 2 SYSTEMPATH\Database\BaseBuilder.php(1644): CodeIgniter\Database\BaseConnection->query()
 3 SYSTEMPATH\Model.php(286): CodeIgniter\Database\BaseBuilder->get()
 4 SYSTEMPATH\BaseModel.php(676): CodeIgniter\Model->doFindAll()
 5 APPPATH\Models\ProduitModel.php(34): CodeIgniter\BaseModel->findAll()
 6 APPPATH\Controllers\AccueilController.php(10): App\Models\ProduitModel->getProduitAffichageAcceuil()
 7 SYSTEMPATH\CodeIgniter.php(933): App\Controllers\AccueilController->index()
 8 SYSTEMPATH\CodeIgniter.php(509): CodeIgniter\CodeIgniter->runController()
 9 SYSTEMPATH\CodeIgniter.php(355): CodeIgniter\CodeIgniter->handleRequest()
10 SYSTEMPATH\Boot.php(325): CodeIgniter\CodeIgniter->run()
11 SYSTEMPATH\Boot.php(67): CodeIgniter\Boot::runCodeIgniter()
12 FCPATH\index.php(56): CodeIgniter\Boot::bootWeb()
13 SYSTEMPATH\rewrite.php(44): require_once('C:\\Users\\oscar\\OneDrive\\Bureau\\All\\sayanCoaching\\test\\S501-Saiyans-Coaching\\public\\index.php')
ERROR - 2024-12-07 16:41:29 --> Error connecting to the database: Error: Call to undefined function CodeIgniter\Database\Postgre\pg_connect() in C:\Users\oscar\OneDrive\Bureau\All\sayanCoaching\test\S501-Saiyans-Coaching\system\Database\Postgre\Connection.php:77
Stack trace:
#0 C:\Users\oscar\OneDrive\Bureau\All\sayanCoaching\test\S501-Saiyans-Coaching\system\Database\BaseConnection.php(421): CodeIgniter\Database\Postgre\Connection->connect()
#1 C:\Users\oscar\OneDrive\Bureau\All\sayanCoaching\test\S501-Saiyans-Coaching\system\Database\BaseConnection.php(616): CodeIgniter\Database\BaseConnection->initialize()
#2 C:\Users\oscar\OneDrive\Bureau\All\sayanCoaching\test\S501-Saiyans-Coaching\system\Database\BaseBuilder.php(1644): CodeIgniter\Database\BaseConnection->query()
#3 C:\Users\oscar\OneDrive\Bureau\All\sayanCoaching\test\S501-Saiyans-Coaching\system\Model.php(286): CodeIgniter\Database\BaseBuilder->get()
#4 C:\Users\oscar\OneDrive\Bureau\All\sayanCoaching\test\S501-Saiyans-Coaching\system\BaseModel.php(676): CodeIgniter\Model->doFindAll()
#5 C:\Users\oscar\OneDrive\Bureau\All\sayanCoaching\test\S501-Saiyans-Coaching\app\Models\ProduitModel.php(34): CodeIgniter\BaseModel->findAll()
#6 C:\Users\oscar\OneDrive\Bureau\All\sayanCoaching\test\S501-Saiyans-Coaching\app\Controllers\AccueilController.php(10): App\Models\ProduitModel->getProduitAffichageAcceuil()
#7 C:\Users\oscar\OneDrive\Bureau\All\sayanCoaching\test\S501-Saiyans-Coaching\system\CodeIgniter.php(933): App\Controllers\AccueilController->index()
#8 C:\Users\oscar\OneDrive\Bureau\All\sayanCoaching\test\S501-Saiyans-Coaching\system\CodeIgniter.php(509): CodeIgniter\CodeIgniter->runController()
#9 C:\Users\oscar\OneDrive\Bureau\All\sayanCoaching\test\S501-Saiyans-Coaching\system\CodeIgniter.php(355): CodeIgniter\CodeIgniter->handleRequest()
#10 C:\Users\oscar\OneDrive\Bureau\All\sayanCoaching\test\S501-Saiyans-Coaching\system\Boot.php(325): CodeIgniter\CodeIgniter->run()
#11 C:\Users\oscar\OneDrive\Bureau\All\sayanCoaching\test\S501-Saiyans-Coaching\system\Boot.php(67): CodeIgniter\Boot::runCodeIgniter()
#12 C:\Users\oscar\OneDrive\Bureau\All\sayanCoaching\test\S501-Saiyans-Coaching\public\index.php(56): CodeIgniter\Boot::bootWeb()
#13 C:\Users\oscar\OneDrive\Bureau\All\sayanCoaching\test\S501-Saiyans-Coaching\system\rewrite.php(44): require_once('...')
#14 {main}
CRITICAL - 2024-12-07 16:41:29 --> CodeIgniter\Database\Exceptions\DatabaseException: Unable to connect to the database.
Main connection [Postgre]: Call to undefined function CodeIgniter\Database\Postgre\pg_connect()
[Method: GET, Route: /]
in SYSTEMPATH\Database\BaseConnection.php on line 467.
 1 SYSTEMPATH\Database\BaseConnection.php(616): CodeIgniter\Database\BaseConnection->initialize()
 2 SYSTEMPATH\Database\BaseBuilder.php(1644): CodeIgniter\Database\BaseConnection->query()
 3 SYSTEMPATH\Model.php(286): CodeIgniter\Database\BaseBuilder->get()
 4 SYSTEMPATH\BaseModel.php(676): CodeIgniter\Model->doFindAll()
 5 APPPATH\Models\ProduitModel.php(34): CodeIgniter\BaseModel->findAll()
 6 APPPATH\Controllers\AccueilController.php(10): App\Models\ProduitModel->getProduitAffichageAcceuil()
 7 SYSTEMPATH\CodeIgniter.php(933): App\Controllers\AccueilController->index()
 8 SYSTEMPATH\CodeIgniter.php(509): CodeIgniter\CodeIgniter->runController()
 9 SYSTEMPATH\CodeIgniter.php(355): CodeIgniter\CodeIgniter->handleRequest()
10 SYSTEMPATH\Boot.php(325): CodeIgniter\CodeIgniter->run()
11 SYSTEMPATH\Boot.php(67): CodeIgniter\Boot::runCodeIgniter()
12 FCPATH\index.php(56): CodeIgniter\Boot::bootWeb()
13 SYSTEMPATH\rewrite.php(44): require_once('C:\\Users\\oscar\\OneDrive\\Bureau\\All\\sayanCoaching\\test\\S501-Saiyans-Coaching\\public\\index.php')
ERROR - 2024-12-07 20:11:25 --> Error connecting to the database: Error: Call to undefined function CodeIgniter\Database\Postgre\pg_connect() in C:\Users\oscar\OneDrive\Bureau\All\sayanCoaching\test\S501-Saiyans-Coaching\system\Database\Postgre\Connection.php:77
Stack trace:
#0 C:\Users\oscar\OneDrive\Bureau\All\sayanCoaching\test\S501-Saiyans-Coaching\system\Database\BaseConnection.php(421): CodeIgniter\Database\Postgre\Connection->connect()
#1 C:\Users\oscar\OneDrive\Bureau\All\sayanCoaching\test\S501-Saiyans-Coaching\system\Database\BaseConnection.php(616): CodeIgniter\Database\BaseConnection->initialize()
#2 C:\Users\oscar\OneDrive\Bureau\All\sayanCoaching\test\S501-Saiyans-Coaching\system\Database\BaseBuilder.php(1644): CodeIgniter\Database\BaseConnection->query()
#3 C:\Users\oscar\OneDrive\Bureau\All\sayanCoaching\test\S501-Saiyans-Coaching\system\Model.php(286): CodeIgniter\Database\BaseBuilder->get()
#4 C:\Users\oscar\OneDrive\Bureau\All\sayanCoaching\test\S501-Saiyans-Coaching\system\BaseModel.php(676): CodeIgniter\Model->doFindAll()
#5 C:\Users\oscar\OneDrive\Bureau\All\sayanCoaching\test\S501-Saiyans-Coaching\app\Models\ProduitModel.php(34): CodeIgniter\BaseModel->findAll()
#6 C:\Users\oscar\OneDrive\Bureau\All\sayanCoaching\test\S501-Saiyans-Coaching\app\Controllers\AccueilController.php(10): App\Models\ProduitModel->getProduitAffichageAcceuil()
#7 C:\Users\oscar\OneDrive\Bureau\All\sayanCoaching\test\S501-Saiyans-Coaching\system\CodeIgniter.php(933): App\Controllers\AccueilController->index()
#8 C:\Users\oscar\OneDrive\Bureau\All\sayanCoaching\test\S501-Saiyans-Coaching\system\CodeIgniter.php(509): CodeIgniter\CodeIgniter->runController()
#9 C:\Users\oscar\OneDrive\Bureau\All\sayanCoaching\test\S501-Saiyans-Coaching\system\CodeIgniter.php(355): CodeIgniter\CodeIgniter->handleRequest()
#10 C:\Users\oscar\OneDrive\Bureau\All\sayanCoaching\test\S501-Saiyans-Coaching\system\Boot.php(325): CodeIgniter\CodeIgniter->run()
#11 C:\Users\oscar\OneDrive\Bureau\All\sayanCoaching\test\S501-Saiyans-Coaching\system\Boot.php(67): CodeIgniter\Boot::runCodeIgniter()
#12 C:\Users\oscar\OneDrive\Bureau\All\sayanCoaching\test\S501-Saiyans-Coaching\public\index.php(56): CodeIgniter\Boot::bootWeb()
#13 C:\Users\oscar\OneDrive\Bureau\All\sayanCoaching\test\S501-Saiyans-Coaching\system\rewrite.php(44): require_once('...')
#14 {main}
CRITICAL - 2024-12-07 20:11:25 --> CodeIgniter\Database\Exceptions\DatabaseException: Unable to connect to the database.
Main connection [Postgre]: Call to undefined function CodeIgniter\Database\Postgre\pg_connect()
[Method: GET, Route: /]
in SYSTEMPATH\Database\BaseConnection.php on line 467.
 1 SYSTEMPATH\Database\BaseConnection.php(616): CodeIgniter\Database\BaseConnection->initialize()
 2 SYSTEMPATH\Database\BaseBuilder.php(1644): CodeIgniter\Database\BaseConnection->query()
 3 SYSTEMPATH\Model.php(286): CodeIgniter\Database\BaseBuilder->get()
 4 SYSTEMPATH\BaseModel.php(676): CodeIgniter\Model->doFindAll()
 5 APPPATH\Models\ProduitModel.php(34): CodeIgniter\BaseModel->findAll()
 6 APPPATH\Controllers\AccueilController.php(10): App\Models\ProduitModel->getProduitAffichageAcceuil()
 7 SYSTEMPATH\CodeIgniter.php(933): App\Controllers\AccueilController->index()
 8 SYSTEMPATH\CodeIgniter.php(509): CodeIgniter\CodeIgniter->runController()
 9 SYSTEMPATH\CodeIgniter.php(355): CodeIgniter\CodeIgniter->handleRequest()
10 SYSTEMPATH\Boot.php(325): CodeIgniter\CodeIgniter->run()
11 SYSTEMPATH\Boot.php(67): CodeIgniter\Boot::runCodeIgniter()
12 FCPATH\index.php(56): CodeIgniter\Boot::bootWeb()
13 SYSTEMPATH\rewrite.php(44): require_once('C:\\Users\\oscar\\OneDrive\\Bureau\\All\\sayanCoaching\\test\\S501-Saiyans-Coaching\\public\\index.php')
ERROR - 2024-12-07 20:11:29 --> Error connecting to the database: Error: Call to undefined function CodeIgniter\Database\Postgre\pg_connect() in C:\Users\oscar\OneDrive\Bureau\All\sayanCoaching\test\S501-Saiyans-Coaching\system\Database\Postgre\Connection.php:77
Stack trace:
#0 C:\Users\oscar\OneDrive\Bureau\All\sayanCoaching\test\S501-Saiyans-Coaching\system\Database\BaseConnection.php(421): CodeIgniter\Database\Postgre\Connection->connect()
#1 C:\Users\oscar\OneDrive\Bureau\All\sayanCoaching\test\S501-Saiyans-Coaching\system\Database\BaseConnection.php(616): CodeIgniter\Database\BaseConnection->initialize()
#2 C:\Users\oscar\OneDrive\Bureau\All\sayanCoaching\test\S501-Saiyans-Coaching\system\Database\BaseBuilder.php(1644): CodeIgniter\Database\BaseConnection->query()
#3 C:\Users\oscar\OneDrive\Bureau\All\sayanCoaching\test\S501-Saiyans-Coaching\system\Model.php(286): CodeIgniter\Database\BaseBuilder->get()
#4 C:\Users\oscar\OneDrive\Bureau\All\sayanCoaching\test\S501-Saiyans-Coaching\system\BaseModel.php(676): CodeIgniter\Model->doFindAll()
#5 C:\Users\oscar\OneDrive\Bureau\All\sayanCoaching\test\S501-Saiyans-Coaching\app\Models\ProduitModel.php(34): CodeIgniter\BaseModel->findAll()
#6 C:\Users\oscar\OneDrive\Bureau\All\sayanCoaching\test\S501-Saiyans-Coaching\app\Controllers\AccueilController.php(10): App\Models\ProduitModel->getProduitAffichageAcceuil()
#7 C:\Users\oscar\OneDrive\Bureau\All\sayanCoaching\test\S501-Saiyans-Coaching\system\CodeIgniter.php(933): App\Controllers\AccueilController->index()
#8 C:\Users\oscar\OneDrive\Bureau\All\sayanCoaching\test\S501-Saiyans-Coaching\system\CodeIgniter.php(509): CodeIgniter\CodeIgniter->runController()
#9 C:\Users\oscar\OneDrive\Bureau\All\sayanCoaching\test\S501-Saiyans-Coaching\system\CodeIgniter.php(355): CodeIgniter\CodeIgniter->handleRequest()
#10 C:\Users\oscar\OneDrive\Bureau\All\sayanCoaching\test\S501-Saiyans-Coaching\system\Boot.php(325): CodeIgniter\CodeIgniter->run()
#11 C:\Users\oscar\OneDrive\Bureau\All\sayanCoaching\test\S501-Saiyans-Coaching\system\Boot.php(67): CodeIgniter\Boot::runCodeIgniter()
#12 C:\Users\oscar\OneDrive\Bureau\All\sayanCoaching\test\S501-Saiyans-Coaching\public\index.php(56): CodeIgniter\Boot::bootWeb()
#13 C:\Users\oscar\OneDrive\Bureau\All\sayanCoaching\test\S501-Saiyans-Coaching\system\rewrite.php(44): require_once('...')
#14 {main}
CRITICAL - 2024-12-07 20:11:29 --> CodeIgniter\Database\Exceptions\DatabaseException: Unable to connect to the database.
Main connection [Postgre]: Call to undefined function CodeIgniter\Database\Postgre\pg_connect()
[Method: GET, Route: /]
in SYSTEMPATH\Database\BaseConnection.php on line 467.
 1 SYSTEMPATH\Database\BaseConnection.php(616): CodeIgniter\Database\BaseConnection->initialize()
 2 SYSTEMPATH\Database\BaseBuilder.php(1644): CodeIgniter\Database\BaseConnection->query()
 3 SYSTEMPATH\Model.php(286): CodeIgniter\Database\BaseBuilder->get()
 4 SYSTEMPATH\BaseModel.php(676): CodeIgniter\Model->doFindAll()
 5 APPPATH\Models\ProduitModel.php(34): CodeIgniter\BaseModel->findAll()
 6 APPPATH\Controllers\AccueilController.php(10): App\Models\ProduitModel->getProduitAffichageAcceuil()
 7 SYSTEMPATH\CodeIgniter.php(933): App\Controllers\AccueilController->index()
 8 SYSTEMPATH\CodeIgniter.php(509): CodeIgniter\CodeIgniter->runController()
 9 SYSTEMPATH\CodeIgniter.php(355): CodeIgniter\CodeIgniter->handleRequest()
10 SYSTEMPATH\Boot.php(325): CodeIgniter\CodeIgniter->run()
11 SYSTEMPATH\Boot.php(67): CodeIgniter\Boot::runCodeIgniter()
12 FCPATH\index.php(56): CodeIgniter\Boot::bootWeb()
13 SYSTEMPATH\rewrite.php(44): require_once('C:\\Users\\oscar\\OneDrive\\Bureau\\All\\sayanCoaching\\test\\S501-Saiyans-Coaching\\public\\index.php')
ERROR - 2024-12-07 20:13:57 --> Error connecting to the database: Error: Call to undefined function CodeIgniter\Database\Postgre\pg_connect() in C:\Users\oscar\OneDrive\Bureau\All\sayanCoaching\test\S501-Saiyans-Coaching\system\Database\Postgre\Connection.php:77
Stack trace:
#0 C:\Users\oscar\OneDrive\Bureau\All\sayanCoaching\test\S501-Saiyans-Coaching\system\Database\BaseConnection.php(421): CodeIgniter\Database\Postgre\Connection->connect()
#1 C:\Users\oscar\OneDrive\Bureau\All\sayanCoaching\test\S501-Saiyans-Coaching\system\Database\BaseConnection.php(616): CodeIgniter\Database\BaseConnection->initialize()
#2 C:\Users\oscar\OneDrive\Bureau\All\sayanCoaching\test\S501-Saiyans-Coaching\system\Database\BaseBuilder.php(1644): CodeIgniter\Database\BaseConnection->query()
#3 C:\Users\oscar\OneDrive\Bureau\All\sayanCoaching\test\S501-Saiyans-Coaching\system\Model.php(286): CodeIgniter\Database\BaseBuilder->get()
#4 C:\Users\oscar\OneDrive\Bureau\All\sayanCoaching\test\S501-Saiyans-Coaching\system\BaseModel.php(676): CodeIgniter\Model->doFindAll()
#5 C:\Users\oscar\OneDrive\Bureau\All\sayanCoaching\test\S501-Saiyans-Coaching\app\Models\ProduitModel.php(34): CodeIgniter\BaseModel->findAll()
#6 C:\Users\oscar\OneDrive\Bureau\All\sayanCoaching\test\S501-Saiyans-Coaching\app\Controllers\AccueilController.php(10): App\Models\ProduitModel->getProduitAffichageAcceuil()
#7 C:\Users\oscar\OneDrive\Bureau\All\sayanCoaching\test\S501-Saiyans-Coaching\system\CodeIgniter.php(933): App\Controllers\AccueilController->index()
#8 C:\Users\oscar\OneDrive\Bureau\All\sayanCoaching\test\S501-Saiyans-Coaching\system\CodeIgniter.php(509): CodeIgniter\CodeIgniter->runController()
#9 C:\Users\oscar\OneDrive\Bureau\All\sayanCoaching\test\S501-Saiyans-Coaching\system\CodeIgniter.php(355): CodeIgniter\CodeIgniter->handleRequest()
#10 C:\Users\oscar\OneDrive\Bureau\All\sayanCoaching\test\S501-Saiyans-Coaching\system\Boot.php(325): CodeIgniter\CodeIgniter->run()
#11 C:\Users\oscar\OneDrive\Bureau\All\sayanCoaching\test\S501-Saiyans-Coaching\system\Boot.php(67): CodeIgniter\Boot::runCodeIgniter()
#12 C:\Users\oscar\OneDrive\Bureau\All\sayanCoaching\test\S501-Saiyans-Coaching\public\index.php(56): CodeIgniter\Boot::bootWeb()
#13 C:\Users\oscar\OneDrive\Bureau\All\sayanCoaching\test\S501-Saiyans-Coaching\system\rewrite.php(44): require_once('...')
#14 {main}
CRITICAL - 2024-12-07 20:13:57 --> CodeIgniter\Database\Exceptions\DatabaseException: Unable to connect to the database.
Main connection [Postgre]: Call to undefined function CodeIgniter\Database\Postgre\pg_connect()
[Method: GET, Route: /]
in SYSTEMPATH\Database\BaseConnection.php on line 467.
 1 SYSTEMPATH\Database\BaseConnection.php(616): CodeIgniter\Database\BaseConnection->initialize()
 2 SYSTEMPATH\Database\BaseBuilder.php(1644): CodeIgniter\Database\BaseConnection->query()
 3 SYSTEMPATH\Model.php(286): CodeIgniter\Database\BaseBuilder->get()
 4 SYSTEMPATH\BaseModel.php(676): CodeIgniter\Model->doFindAll()
 5 APPPATH\Models\ProduitModel.php(34): CodeIgniter\BaseModel->findAll()
 6 APPPATH\Controllers\AccueilController.php(10): App\Models\ProduitModel->getProduitAffichageAcceuil()
 7 SYSTEMPATH\CodeIgniter.php(933): App\Controllers\AccueilController->index()
 8 SYSTEMPATH\CodeIgniter.php(509): CodeIgniter\CodeIgniter->runController()
 9 SYSTEMPATH\CodeIgniter.php(355): CodeIgniter\CodeIgniter->handleRequest()
10 SYSTEMPATH\Boot.php(325): CodeIgniter\CodeIgniter->run()
11 SYSTEMPATH\Boot.php(67): CodeIgniter\Boot::runCodeIgniter()
12 FCPATH\index.php(56): CodeIgniter\Boot::bootWeb()
13 SYSTEMPATH\rewrite.php(44): require_once('C:\\Users\\oscar\\OneDrive\\Bureau\\All\\sayanCoaching\\test\\S501-Saiyans-Coaching\\public\\index.php')
ERROR - 2024-12-07 20:13:59 --> Error connecting to the database: Error: Call to undefined function CodeIgniter\Database\Postgre\pg_connect() in C:\Users\oscar\OneDrive\Bureau\All\sayanCoaching\test\S501-Saiyans-Coaching\system\Database\Postgre\Connection.php:77
Stack trace:
#0 C:\Users\oscar\OneDrive\Bureau\All\sayanCoaching\test\S501-Saiyans-Coaching\system\Database\BaseConnection.php(421): CodeIgniter\Database\Postgre\Connection->connect()
#1 C:\Users\oscar\OneDrive\Bureau\All\sayanCoaching\test\S501-Saiyans-Coaching\system\Database\BaseConnection.php(616): CodeIgniter\Database\BaseConnection->initialize()
#2 C:\Users\oscar\OneDrive\Bureau\All\sayanCoaching\test\S501-Saiyans-Coaching\system\Database\BaseBuilder.php(1644): CodeIgniter\Database\BaseConnection->query()
#3 C:\Users\oscar\OneDrive\Bureau\All\sayanCoaching\test\S501-Saiyans-Coaching\system\Model.php(286): CodeIgniter\Database\BaseBuilder->get()
#4 C:\Users\oscar\OneDrive\Bureau\All\sayanCoaching\test\S501-Saiyans-Coaching\system\BaseModel.php(676): CodeIgniter\Model->doFindAll()
#5 C:\Users\oscar\OneDrive\Bureau\All\sayanCoaching\test\S501-Saiyans-Coaching\app\Models\ProduitModel.php(34): CodeIgniter\BaseModel->findAll()
#6 C:\Users\oscar\OneDrive\Bureau\All\sayanCoaching\test\S501-Saiyans-Coaching\app\Controllers\AccueilController.php(10): App\Models\ProduitModel->getProduitAffichageAcceuil()
#7 C:\Users\oscar\OneDrive\Bureau\All\sayanCoaching\test\S501-Saiyans-Coaching\system\CodeIgniter.php(933): App\Controllers\AccueilController->index()
#8 C:\Users\oscar\OneDrive\Bureau\All\sayanCoaching\test\S501-Saiyans-Coaching\system\CodeIgniter.php(509): CodeIgniter\CodeIgniter->runController()
#9 C:\Users\oscar\OneDrive\Bureau\All\sayanCoaching\test\S501-Saiyans-Coaching\system\CodeIgniter.php(355): CodeIgniter\CodeIgniter->handleRequest()
#10 C:\Users\oscar\OneDrive\Bureau\All\sayanCoaching\test\S501-Saiyans-Coaching\system\Boot.php(325): CodeIgniter\CodeIgniter->run()
#11 C:\Users\oscar\OneDrive\Bureau\All\sayanCoaching\test\S501-Saiyans-Coaching\system\Boot.php(67): CodeIgniter\Boot::runCodeIgniter()
#12 C:\Users\oscar\OneDrive\Bureau\All\sayanCoaching\test\S501-Saiyans-Coaching\public\index.php(56): CodeIgniter\Boot::bootWeb()
#13 C:\Users\oscar\OneDrive\Bureau\All\sayanCoaching\test\S501-Saiyans-Coaching\system\rewrite.php(44): require_once('...')
#14 {main}
CRITICAL - 2024-12-07 20:13:59 --> CodeIgniter\Database\Exceptions\DatabaseException: Unable to connect to the database.
Main connection [Postgre]: Call to undefined function CodeIgniter\Database\Postgre\pg_connect()
[Method: GET, Route: /]
in SYSTEMPATH\Database\BaseConnection.php on line 467.
 1 SYSTEMPATH\Database\BaseConnection.php(616): CodeIgniter\Database\BaseConnection->initialize()
 2 SYSTEMPATH\Database\BaseBuilder.php(1644): CodeIgniter\Database\BaseConnection->query()
 3 SYSTEMPATH\Model.php(286): CodeIgniter\Database\BaseBuilder->get()
 4 SYSTEMPATH\BaseModel.php(676): CodeIgniter\Model->doFindAll()
 5 APPPATH\Models\ProduitModel.php(34): CodeIgniter\BaseModel->findAll()
 6 APPPATH\Controllers\AccueilController.php(10): App\Models\ProduitModel->getProduitAffichageAcceuil()
 7 SYSTEMPATH\CodeIgniter.php(933): App\Controllers\AccueilController->index()
 8 SYSTEMPATH\CodeIgniter.php(509): CodeIgniter\CodeIgniter->runController()
 9 SYSTEMPATH\CodeIgniter.php(355): CodeIgniter\CodeIgniter->handleRequest()
10 SYSTEMPATH\Boot.php(325): CodeIgniter\CodeIgniter->run()
11 SYSTEMPATH\Boot.php(67): CodeIgniter\Boot::runCodeIgniter()
12 FCPATH\index.php(56): CodeIgniter\Boot::bootWeb()
13 SYSTEMPATH\rewrite.php(44): require_once('C:\\Users\\oscar\\OneDrive\\Bureau\\All\\sayanCoaching\\test\\S501-Saiyans-Coaching\\public\\index.php')
CRITICAL - 2024-12-07 20:45:18 --> ErrorException: Undefined array key "ageDistribution"
[Method: GET, Route: admin/board]
in APPPATH\Views\Admin\BoardView.php on line 155.
 1 APPPATH\Views\Admin\BoardView.php(155): CodeIgniter\Debug\Exceptions->errorHandler()
 2 SYSTEMPATH\View\View.php(234): include('C:\\Users\\oscar\\OneDrive\\Bureau\\All\\sayanCoaching\\test\\S501-Saiyans-Coaching\\app\\Views\\Admin\\BoardView.php')
 3 SYSTEMPATH\View\View.php(237): CodeIgniter\View\View->CodeIgniter\View\{closure}()
 4 SYSTEMPATH\Common.php(1169): CodeIgniter\View\View->render()
 5 APPPATH\Controllers\BoardController.php(73): view()
 6 SYSTEMPATH\CodeIgniter.php(933): App\Controllers\BoardController->board()
 7 SYSTEMPATH\CodeIgniter.php(509): CodeIgniter\CodeIgniter->runController()
 8 SYSTEMPATH\CodeIgniter.php(355): CodeIgniter\CodeIgniter->handleRequest()
 9 SYSTEMPATH\Boot.php(325): CodeIgniter\CodeIgniter->run()
10 SYSTEMPATH\Boot.php(67): CodeIgniter\Boot::runCodeIgniter()
11 FCPATH\index.php(56): CodeIgniter\Boot::bootWeb()
12 SYSTEMPATH\rewrite.php(44): require_once('C:\\Users\\oscar\\OneDrive\\Bureau\\All\\sayanCoaching\\test\\S501-Saiyans-Coaching\\public\\index.php')
CRITICAL - 2024-12-07 20:45:20 --> ErrorException: Undefined array key "ageDistribution"
[Method: GET, Route: admin/board]
in APPPATH\Views\Admin\BoardView.php on line 155.
 1 APPPATH\Views\Admin\BoardView.php(155): CodeIgniter\Debug\Exceptions->errorHandler()
 2 SYSTEMPATH\View\View.php(234): include('C:\\Users\\oscar\\OneDrive\\Bureau\\All\\sayanCoaching\\test\\S501-Saiyans-Coaching\\app\\Views\\Admin\\BoardView.php')
 3 SYSTEMPATH\View\View.php(237): CodeIgniter\View\View->CodeIgniter\View\{closure}()
 4 SYSTEMPATH\Common.php(1169): CodeIgniter\View\View->render()
 5 APPPATH\Controllers\BoardController.php(73): view()
 6 SYSTEMPATH\CodeIgniter.php(933): App\Controllers\BoardController->board()
 7 SYSTEMPATH\CodeIgniter.php(509): CodeIgniter\CodeIgniter->runController()
 8 SYSTEMPATH\CodeIgniter.php(355): CodeIgniter\CodeIgniter->handleRequest()
 9 SYSTEMPATH\Boot.php(325): CodeIgniter\CodeIgniter->run()
10 SYSTEMPATH\Boot.php(67): CodeIgniter\Boot::runCodeIgniter()
11 FCPATH\index.php(56): CodeIgniter\Boot::bootWeb()
12 SYSTEMPATH\rewrite.php(44): require_once('C:\\Users\\oscar\\OneDrive\\Bureau\\All\\sayanCoaching\\test\\S501-Saiyans-Coaching\\public\\index.php')
CRITICAL - 2024-12-07 20:45:31 --> ErrorException: Undefined array key "ageDistribution"
[Method: GET, Route: admin/board]
in APPPATH\Views\Admin\BoardView.php on line 155.
 1 APPPATH\Views\Admin\BoardView.php(155): CodeIgniter\Debug\Exceptions->errorHandler()
 2 SYSTEMPATH\View\View.php(234): include('C:\\Users\\oscar\\OneDrive\\Bureau\\All\\sayanCoaching\\test\\S501-Saiyans-Coaching\\app\\Views\\Admin\\BoardView.php')
 3 SYSTEMPATH\View\View.php(237): CodeIgniter\View\View->CodeIgniter\View\{closure}()
 4 SYSTEMPATH\Common.php(1169): CodeIgniter\View\View->render()
 5 APPPATH\Controllers\BoardController.php(73): view()
 6 SYSTEMPATH\CodeIgniter.php(933): App\Controllers\BoardController->board()
 7 SYSTEMPATH\CodeIgniter.php(509): CodeIgniter\CodeIgniter->runController()
 8 SYSTEMPATH\CodeIgniter.php(355): CodeIgniter\CodeIgniter->handleRequest()
 9 SYSTEMPATH\Boot.php(325): CodeIgniter\CodeIgniter->run()
10 SYSTEMPATH\Boot.php(67): CodeIgniter\Boot::runCodeIgniter()
11 FCPATH\index.php(56): CodeIgniter\Boot::bootWeb()
12 SYSTEMPATH\rewrite.php(44): require_once('C:\\Users\\oscar\\OneDrive\\Bureau\\All\\sayanCoaching\\test\\S501-Saiyans-Coaching\\public\\index.php')
CRITICAL - 2024-12-07 21:01:29 --> ErrorException: Undefined array key "age"
[Method: GET, Route: admin/board]
in APPPATH\Views\Admin\BoardView.php on line 111.
 1 APPPATH\Views\Admin\BoardView.php(111): CodeIgniter\Debug\Exceptions->errorHandler()
 2 SYSTEMPATH\View\View.php(234): include('C:\\Users\\oscar\\OneDrive\\Bureau\\All\\sayanCoaching\\test\\S501-Saiyans-Coaching\\app\\Views\\Admin\\BoardView.php')
 3 SYSTEMPATH\View\View.php(237): CodeIgniter\View\View->CodeIgniter\View\{closure}()
 4 SYSTEMPATH\Common.php(1169): CodeIgniter\View\View->render()
 5 APPPATH\Controllers\BoardController.php(73): view()
 6 SYSTEMPATH\CodeIgniter.php(933): App\Controllers\BoardController->board()
 7 SYSTEMPATH\CodeIgniter.php(509): CodeIgniter\CodeIgniter->runController()
 8 SYSTEMPATH\CodeIgniter.php(355): CodeIgniter\CodeIgniter->handleRequest()
 9 SYSTEMPATH\Boot.php(325): CodeIgniter\CodeIgniter->run()
10 SYSTEMPATH\Boot.php(67): CodeIgniter\Boot::runCodeIgniter()
11 FCPATH\index.php(56): CodeIgniter\Boot::bootWeb()
12 SYSTEMPATH\rewrite.php(44): require_once('C:\\Users\\oscar\\OneDrive\\Bureau\\All\\sayanCoaching\\test\\S501-Saiyans-Coaching\\public\\index.php')
CRITICAL - 2024-12-07 21:03:26 --> ParseError: syntax error, unexpected token "endforeach", expecting "elseif" or "else" or "endif"
[Method: GET, Route: admin/board]
in APPPATH\Views\Admin\BoardView.php on line 122.
 1 SYSTEMPATH\View\View.php(237): CodeIgniter\View\View->CodeIgniter\View\{closure}()
 2 SYSTEMPATH\Common.php(1169): CodeIgniter\View\View->render()
 3 APPPATH\Controllers\BoardController.php(73): view()
 4 SYSTEMPATH\CodeIgniter.php(933): App\Controllers\BoardController->board()
 5 SYSTEMPATH\CodeIgniter.php(509): CodeIgniter\CodeIgniter->runController()
 6 SYSTEMPATH\CodeIgniter.php(355): CodeIgniter\CodeIgniter->handleRequest()
 7 SYSTEMPATH\Boot.php(325): CodeIgniter\CodeIgniter->run()
 8 SYSTEMPATH\Boot.php(67): CodeIgniter\Boot::runCodeIgniter()
 9 FCPATH\index.php(56): CodeIgniter\Boot::bootWeb()
10 SYSTEMPATH\rewrite.php(44): require_once('C:\\Users\\oscar\\OneDrive\\Bureau\\All\\sayanCoaching\\test\\S501-Saiyans-Coaching\\public\\index.php')
CRITICAL - 2024-12-07 21:03:50 --> ErrorException: Undefined variable $connexion
[Method: GET, Route: admin/board]
in APPPATH\Views\Admin\BoardView.php on line 106.
 1 APPPATH\Views\Admin\BoardView.php(106): CodeIgniter\Debug\Exceptions->errorHandler()
 2 SYSTEMPATH\View\View.php(234): include('C:\\Users\\oscar\\OneDrive\\Bureau\\All\\sayanCoaching\\test\\S501-Saiyans-Coaching\\app\\Views\\Admin\\BoardView.php')
 3 SYSTEMPATH\View\View.php(237): CodeIgniter\View\View->CodeIgniter\View\{closure}()
 4 SYSTEMPATH\Common.php(1169): CodeIgniter\View\View->render()
 5 APPPATH\Controllers\BoardController.php(73): view()
 6 SYSTEMPATH\CodeIgniter.php(933): App\Controllers\BoardController->board()
 7 SYSTEMPATH\CodeIgniter.php(509): CodeIgniter\CodeIgniter->runController()
 8 SYSTEMPATH\CodeIgniter.php(355): CodeIgniter\CodeIgniter->handleRequest()
 9 SYSTEMPATH\Boot.php(325): CodeIgniter\CodeIgniter->run()
10 SYSTEMPATH\Boot.php(67): CodeIgniter\Boot::runCodeIgniter()
11 FCPATH\index.php(56): CodeIgniter\Boot::bootWeb()
12 SYSTEMPATH\rewrite.php(44): require_once('C:\\Users\\oscar\\OneDrive\\Bureau\\All\\sayanCoaching\\test\\S501-Saiyans-Coaching\\public\\index.php')
