ERROR - 2024-12-10 15:43:30 --> Error connecting to the database: ErrorException: pg_connect(): Unable to connect to PostgreSQL server: could not connect to server: Connection refused (0x0000274D/10061)
	Is the server running on host &quot;localhost&quot; (::1) and accepting
	TCP/IP connections on port 3306?
could not connect to server: Connection refused (0x0000274D/10061)
	Is the server running on host &quot;localhost&quot; (127.0.0.1) and accepting
	TCP/IP connections on port 3306? in C:\IUT\TP\s5\SAE\repGit\S501-Saiyans-Coaching\system\Database\Postgre\Connection.php:77
Stack trace:
#0 [internal function]: CodeIgniter\Debug\Exceptions->errorHandler(2, 'pg_connect(): U...', 'C:\\IUT\\TP\\s5\\SA...', 77)
#1 C:\IUT\TP\s5\SAE\repGit\S501-Saiyans-Coaching\system\Database\Postgre\Connection.php(77): pg_connect('host=localhost ...')
#2 C:\IUT\TP\s5\SAE\repGit\S501-Saiyans-Coaching\system\Database\BaseConnection.php(421): CodeIgniter\Database\Postgre\Connection->connect(false)
#3 C:\IUT\TP\s5\SAE\repGit\S501-Saiyans-Coaching\system\Database\BaseConnection.php(616): CodeIgniter\Database\BaseConnection->initialize()
#4 C:\IUT\TP\s5\SAE\repGit\S501-Saiyans-Coaching\system\Database\BaseBuilder.php(1644): CodeIgniter\Database\BaseConnection->query('SELECT *\nFROM "...', Array, false)
#5 C:\IUT\TP\s5\SAE\repGit\S501-Saiyans-Coaching\system\Model.php(286): CodeIgniter\Database\BaseBuilder->get()
#6 C:\IUT\TP\s5\SAE\repGit\S501-Saiyans-Coaching\system\BaseModel.php(676): CodeIgniter\Model->doFindAll(0, 0)
#7 C:\IUT\TP\s5\SAE\repGit\S501-Saiyans-Coaching\app\Models\ProduitModel.php(34): CodeIgniter\BaseModel->findAll()
#8 C:\IUT\TP\s5\SAE\repGit\S501-Saiyans-Coaching\app\Controllers\AccueilController.php(10): App\Models\ProduitModel->getProduitAffichageAcceuil()
#9 C:\IUT\TP\s5\SAE\repGit\S501-Saiyans-Coaching\system\CodeIgniter.php(933): App\Controllers\AccueilController->index()
#10 C:\IUT\TP\s5\SAE\repGit\S501-Saiyans-Coaching\system\CodeIgniter.php(509): CodeIgniter\CodeIgniter->runController(Object(App\Controllers\AccueilController))
#11 C:\IUT\TP\s5\SAE\repGit\S501-Saiyans-Coaching\system\CodeIgniter.php(355): CodeIgniter\CodeIgniter->handleRequest(NULL, Object(Config\Cache), false)
#12 C:\IUT\TP\s5\SAE\repGit\S501-Saiyans-Coaching\system\Boot.php(325): CodeIgniter\CodeIgniter->run()
#13 C:\IUT\TP\s5\SAE\repGit\S501-Saiyans-Coaching\system\Boot.php(67): CodeIgniter\Boot::runCodeIgniter(Object(CodeIgniter\CodeIgniter))
#14 C:\IUT\TP\s5\SAE\repGit\S501-Saiyans-Coaching\public\index.php(56): CodeIgniter\Boot::bootWeb(Object(Config\Paths))
#15 C:\IUT\TP\s5\SAE\repGit\S501-Saiyans-Coaching\system\rewrite.php(44): require_once('C:\\IUT\\TP\\s5\\SA...')
#16 {main}
CRITICAL - 2024-12-10 15:43:30 --> CodeIgniter\Database\Exceptions\DatabaseException: Unable to connect to the database.
Main connection [Postgre]: pg_connect(): Unable to connect to PostgreSQL server: could not connect to server: Connection refused (0x0000274D/10061)
	Is the server running on host &quot;localhost&quot; (::1) and accepting
	TCP/IP connections on port 3306?
could not connect to server: Connection refused (0x0000274D/10061)
	Is the server running on host &quot;localhost&quot; (127.0.0.1) and accepting
	TCP/IP connections on port 3306?
[Method: GET, Route: /]
in SYSTEMPATH\Database\BaseConnection.php on line 467.
 1 SYSTEMPATH\Database\BaseConnection.php(616): CodeIgniter\Database\BaseConnection->initialize()
 2 SYSTEMPATH\Database\BaseBuilder.php(1644): CodeIgniter\Database\BaseConnection->query('SELECT *
FROM "produit"
WHERE "affichageaccueil" = :affichageaccueil:', [...], false)
 3 SYSTEMPATH\Model.php(286): CodeIgniter\Database\BaseBuilder->get()
 4 SYSTEMPATH\BaseModel.php(676): CodeIgniter\Model->doFindAll(0, 0)
 5 APPPATH\Models\ProduitModel.php(34): CodeIgniter\BaseModel->findAll()
 6 APPPATH\Controllers\AccueilController.php(10): App\Models\ProduitModel->getProduitAffichageAcceuil()
 7 SYSTEMPATH\CodeIgniter.php(933): App\Controllers\AccueilController->index()
 8 SYSTEMPATH\CodeIgniter.php(509): CodeIgniter\CodeIgniter->runController(Object(App\Controllers\AccueilController))
 9 SYSTEMPATH\CodeIgniter.php(355): CodeIgniter\CodeIgniter->handleRequest(null, Object(Config\Cache), false)
10 SYSTEMPATH\Boot.php(325): CodeIgniter\CodeIgniter->run()
11 SYSTEMPATH\Boot.php(67): CodeIgniter\Boot::runCodeIgniter(Object(CodeIgniter\CodeIgniter))
12 FCPATH\index.php(56): CodeIgniter\Boot::bootWeb(Object(Config\Paths))
13 SYSTEMPATH\rewrite.php(44): require_once('C:\\IUT\\TP\\s5\\SAE\\repGit\\S501-Saiyans-Coaching\\public\\index.php')
ERROR - 2024-12-10 15:44:15 --> Error connecting to the database: ErrorException: pg_connect(): Unable to connect to PostgreSQL server: could not connect to server: Connection refused (0x0000274D/10061)
	Is the server running on host &quot;localhost&quot; (::1) and accepting
	TCP/IP connections on port 3306?
could not connect to server: Connection refused (0x0000274D/10061)
	Is the server running on host &quot;localhost&quot; (127.0.0.1) and accepting
	TCP/IP connections on port 3306? in C:\IUT\TP\s5\SAE\repGit\S501-Saiyans-Coaching\system\Database\Postgre\Connection.php:77
Stack trace:
#0 [internal function]: CodeIgniter\Debug\Exceptions->errorHandler(2, 'pg_connect(): U...', 'C:\\IUT\\TP\\s5\\SA...', 77)
#1 C:\IUT\TP\s5\SAE\repGit\S501-Saiyans-Coaching\system\Database\Postgre\Connection.php(77): pg_connect('host=localhost ...')
#2 C:\IUT\TP\s5\SAE\repGit\S501-Saiyans-Coaching\system\Database\BaseConnection.php(421): CodeIgniter\Database\Postgre\Connection->connect(false)
#3 C:\IUT\TP\s5\SAE\repGit\S501-Saiyans-Coaching\system\Database\BaseConnection.php(616): CodeIgniter\Database\BaseConnection->initialize()
#4 C:\IUT\TP\s5\SAE\repGit\S501-Saiyans-Coaching\system\Database\BaseBuilder.php(1644): CodeIgniter\Database\BaseConnection->query('SELECT *\nFROM "...', Array, false)
#5 C:\IUT\TP\s5\SAE\repGit\S501-Saiyans-Coaching\system\Model.php(286): CodeIgniter\Database\BaseBuilder->get()
#6 C:\IUT\TP\s5\SAE\repGit\S501-Saiyans-Coaching\system\BaseModel.php(676): CodeIgniter\Model->doFindAll(0, 0)
#7 C:\IUT\TP\s5\SAE\repGit\S501-Saiyans-Coaching\app\Models\ProduitModel.php(34): CodeIgniter\BaseModel->findAll()
#8 C:\IUT\TP\s5\SAE\repGit\S501-Saiyans-Coaching\app\Controllers\AccueilController.php(10): App\Models\ProduitModel->getProduitAffichageAcceuil()
#9 C:\IUT\TP\s5\SAE\repGit\S501-Saiyans-Coaching\system\CodeIgniter.php(933): App\Controllers\AccueilController->index()
#10 C:\IUT\TP\s5\SAE\repGit\S501-Saiyans-Coaching\system\CodeIgniter.php(509): CodeIgniter\CodeIgniter->runController(Object(App\Controllers\AccueilController))
#11 C:\IUT\TP\s5\SAE\repGit\S501-Saiyans-Coaching\system\CodeIgniter.php(355): CodeIgniter\CodeIgniter->handleRequest(NULL, Object(Config\Cache), false)
#12 C:\IUT\TP\s5\SAE\repGit\S501-Saiyans-Coaching\system\Boot.php(325): CodeIgniter\CodeIgniter->run()
#13 C:\IUT\TP\s5\SAE\repGit\S501-Saiyans-Coaching\system\Boot.php(67): CodeIgniter\Boot::runCodeIgniter(Object(CodeIgniter\CodeIgniter))
#14 C:\IUT\TP\s5\SAE\repGit\S501-Saiyans-Coaching\public\index.php(56): CodeIgniter\Boot::bootWeb(Object(Config\Paths))
#15 C:\IUT\TP\s5\SAE\repGit\S501-Saiyans-Coaching\system\rewrite.php(44): require_once('C:\\IUT\\TP\\s5\\SA...')
#16 {main}
CRITICAL - 2024-12-10 15:44:15 --> CodeIgniter\Database\Exceptions\DatabaseException: Unable to connect to the database.
Main connection [Postgre]: pg_connect(): Unable to connect to PostgreSQL server: could not connect to server: Connection refused (0x0000274D/10061)
	Is the server running on host &quot;localhost&quot; (::1) and accepting
	TCP/IP connections on port 3306?
could not connect to server: Connection refused (0x0000274D/10061)
	Is the server running on host &quot;localhost&quot; (127.0.0.1) and accepting
	TCP/IP connections on port 3306?
[Method: GET, Route: /]
in SYSTEMPATH\Database\BaseConnection.php on line 467.
 1 SYSTEMPATH\Database\BaseConnection.php(616): CodeIgniter\Database\BaseConnection->initialize()
 2 SYSTEMPATH\Database\BaseBuilder.php(1644): CodeIgniter\Database\BaseConnection->query('SELECT *
FROM "produit"
WHERE "affichageaccueil" = :affichageaccueil:', [...], false)
 3 SYSTEMPATH\Model.php(286): CodeIgniter\Database\BaseBuilder->get()
 4 SYSTEMPATH\BaseModel.php(676): CodeIgniter\Model->doFindAll(0, 0)
 5 APPPATH\Models\ProduitModel.php(34): CodeIgniter\BaseModel->findAll()
 6 APPPATH\Controllers\AccueilController.php(10): App\Models\ProduitModel->getProduitAffichageAcceuil()
 7 SYSTEMPATH\CodeIgniter.php(933): App\Controllers\AccueilController->index()
 8 SYSTEMPATH\CodeIgniter.php(509): CodeIgniter\CodeIgniter->runController(Object(App\Controllers\AccueilController))
 9 SYSTEMPATH\CodeIgniter.php(355): CodeIgniter\CodeIgniter->handleRequest(null, Object(Config\Cache), false)
10 SYSTEMPATH\Boot.php(325): CodeIgniter\CodeIgniter->run()
11 SYSTEMPATH\Boot.php(67): CodeIgniter\Boot::runCodeIgniter(Object(CodeIgniter\CodeIgniter))
12 FCPATH\index.php(56): CodeIgniter\Boot::bootWeb(Object(Config\Paths))
13 SYSTEMPATH\rewrite.php(44): require_once('C:\\IUT\\TP\\s5\\SAE\\repGit\\S501-Saiyans-Coaching\\public\\index.php')
ERROR - 2024-12-10 15:45:03 --> ErrorException: pg_query(): Query failed: ERREUR:  la relation « produit » n'existe pas
LINE 2: FROM &quot;produit&quot;
             ^ in C:\IUT\TP\s5\SAE\repGit\S501-Saiyans-Coaching\system\Database\Postgre\Connection.php:204
Stack trace:
#0 [internal function]: CodeIgniter\Debug\Exceptions->errorHandler(2, 'pg_query(): Que...', 'C:\\IUT\\TP\\s5\\SA...', 204)
#1 C:\IUT\TP\s5\SAE\repGit\S501-Saiyans-Coaching\system\Database\Postgre\Connection.php(204): pg_query(Object(PgSql\Connection), 'SELECT *\nFROM "...')
#2 C:\IUT\TP\s5\SAE\repGit\S501-Saiyans-Coaching\system\Database\BaseConnection.php(734): CodeIgniter\Database\Postgre\Connection->execute('SELECT *\nFROM "...')
#3 C:\IUT\TP\s5\SAE\repGit\S501-Saiyans-Coaching\system\Database\BaseConnection.php(648): CodeIgniter\Database\BaseConnection->simpleQuery('SELECT *\nFROM "...')
#4 C:\IUT\TP\s5\SAE\repGit\S501-Saiyans-Coaching\system\Database\BaseBuilder.php(1644): CodeIgniter\Database\BaseConnection->query('SELECT *\nFROM "...', Array, false)
#5 C:\IUT\TP\s5\SAE\repGit\S501-Saiyans-Coaching\system\Model.php(286): CodeIgniter\Database\BaseBuilder->get()
#6 C:\IUT\TP\s5\SAE\repGit\S501-Saiyans-Coaching\system\BaseModel.php(676): CodeIgniter\Model->doFindAll(0, 0)
#7 C:\IUT\TP\s5\SAE\repGit\S501-Saiyans-Coaching\app\Models\ProduitModel.php(34): CodeIgniter\BaseModel->findAll()
#8 C:\IUT\TP\s5\SAE\repGit\S501-Saiyans-Coaching\app\Controllers\AccueilController.php(10): App\Models\ProduitModel->getProduitAffichageAcceuil()
#9 C:\IUT\TP\s5\SAE\repGit\S501-Saiyans-Coaching\system\CodeIgniter.php(933): App\Controllers\AccueilController->index()
#10 C:\IUT\TP\s5\SAE\repGit\S501-Saiyans-Coaching\system\CodeIgniter.php(509): CodeIgniter\CodeIgniter->runController(Object(App\Controllers\AccueilController))
#11 C:\IUT\TP\s5\SAE\repGit\S501-Saiyans-Coaching\system\CodeIgniter.php(355): CodeIgniter\CodeIgniter->handleRequest(NULL, Object(Config\Cache), false)
#12 C:\IUT\TP\s5\SAE\repGit\S501-Saiyans-Coaching\system\Boot.php(325): CodeIgniter\CodeIgniter->run()
#13 C:\IUT\TP\s5\SAE\repGit\S501-Saiyans-Coaching\system\Boot.php(67): CodeIgniter\Boot::runCodeIgniter(Object(CodeIgniter\CodeIgniter))
#14 C:\IUT\TP\s5\SAE\repGit\S501-Saiyans-Coaching\public\index.php(56): CodeIgniter\Boot::bootWeb(Object(Config\Paths))
#15 C:\IUT\TP\s5\SAE\repGit\S501-Saiyans-Coaching\system\rewrite.php(44): require_once('C:\\IUT\\TP\\s5\\SA...')
#16 {main}
CRITICAL - 2024-12-10 15:45:03 --> CodeIgniter\Database\Exceptions\DatabaseException: pg_query(): Query failed: ERREUR:  la relation « produit » n'existe pas
LINE 2: FROM &quot;produit&quot;
             ^
[Method: GET, Route: /]
in SYSTEMPATH\Database\BaseConnection.php on line 688.
 1 SYSTEMPATH\Database\BaseBuilder.php(1644): CodeIgniter\Database\BaseConnection->query('SELECT *
FROM "produit"
WHERE "affichageaccueil" = :affichageaccueil:', [...], false)
 2 SYSTEMPATH\Model.php(286): CodeIgniter\Database\BaseBuilder->get()
 3 SYSTEMPATH\BaseModel.php(676): CodeIgniter\Model->doFindAll(0, 0)
 4 APPPATH\Models\ProduitModel.php(34): CodeIgniter\BaseModel->findAll()
 5 APPPATH\Controllers\AccueilController.php(10): App\Models\ProduitModel->getProduitAffichageAcceuil()
 6 SYSTEMPATH\CodeIgniter.php(933): App\Controllers\AccueilController->index()
 7 SYSTEMPATH\CodeIgniter.php(509): CodeIgniter\CodeIgniter->runController(Object(App\Controllers\AccueilController))
 8 SYSTEMPATH\CodeIgniter.php(355): CodeIgniter\CodeIgniter->handleRequest(null, Object(Config\Cache), false)
 9 SYSTEMPATH\Boot.php(325): CodeIgniter\CodeIgniter->run()
10 SYSTEMPATH\Boot.php(67): CodeIgniter\Boot::runCodeIgniter(Object(CodeIgniter\CodeIgniter))
11 FCPATH\index.php(56): CodeIgniter\Boot::bootWeb(Object(Config\Paths))
12 SYSTEMPATH\rewrite.php(44): require_once('C:\\IUT\\TP\\s5\\SAE\\repGit\\S501-Saiyans-Coaching\\public\\index.php')
CRITICAL - 2024-12-10 15:45:03 --> [Caused by] CodeIgniter\Database\Exceptions\DatabaseException: pg_query(): Query failed: ERREUR:  la relation « produit » n'existe pas
LINE 2: FROM &quot;produit&quot;
             ^
in SYSTEMPATH\Database\Postgre\Connection.php on line 209.
 1 SYSTEMPATH\Database\BaseConnection.php(734): CodeIgniter\Database\Postgre\Connection->execute('SELECT *
FROM "produit"
WHERE "affichageaccueil" = \'t\'')
 2 SYSTEMPATH\Database\BaseConnection.php(648): CodeIgniter\Database\BaseConnection->simpleQuery('SELECT *
FROM "produit"
WHERE "affichageaccueil" = \'t\'')
 3 SYSTEMPATH\Database\BaseBuilder.php(1644): CodeIgniter\Database\BaseConnection->query('SELECT *
FROM "produit"
WHERE "affichageaccueil" = :affichageaccueil:', [...], false)
 4 SYSTEMPATH\Model.php(286): CodeIgniter\Database\BaseBuilder->get()
 5 SYSTEMPATH\BaseModel.php(676): CodeIgniter\Model->doFindAll(0, 0)
 6 APPPATH\Models\ProduitModel.php(34): CodeIgniter\BaseModel->findAll()
 7 APPPATH\Controllers\AccueilController.php(10): App\Models\ProduitModel->getProduitAffichageAcceuil()
 8 SYSTEMPATH\CodeIgniter.php(933): App\Controllers\AccueilController->index()
 9 SYSTEMPATH\CodeIgniter.php(509): CodeIgniter\CodeIgniter->runController(Object(App\Controllers\AccueilController))
10 SYSTEMPATH\CodeIgniter.php(355): CodeIgniter\CodeIgniter->handleRequest(null, Object(Config\Cache), false)
11 SYSTEMPATH\Boot.php(325): CodeIgniter\CodeIgniter->run()
12 SYSTEMPATH\Boot.php(67): CodeIgniter\Boot::runCodeIgniter(Object(CodeIgniter\CodeIgniter))
13 FCPATH\index.php(56): CodeIgniter\Boot::bootWeb(Object(Config\Paths))
14 SYSTEMPATH\rewrite.php(44): require_once('C:\\IUT\\TP\\s5\\SAE\\repGit\\S501-Saiyans-Coaching\\public\\index.php')
CRITICAL - 2024-12-10 15:45:03 --> [Caused by] ErrorException: pg_query(): Query failed: ERREUR:  la relation « produit » n'existe pas
LINE 2: FROM &quot;produit&quot;
             ^
in SYSTEMPATH\Database\Postgre\Connection.php on line 204.
 1 [internal function]: CodeIgniter\Debug\Exceptions->errorHandler(2, 'pg_query(): Query failed: ERREUR:  la relation « produit » n\'existe pas
LINE 2: FROM &quot;produit&quot;
             ^', 'C:\\IUT\\TP\\s5\\SAE\\repGit\\S501-Saiyans-Coaching\\system\\Database\\Postgre\\Connection.php', 204)
 2 SYSTEMPATH\Database\Postgre\Connection.php(204): pg_query(Object(PgSql\Connection), 'SELECT *
FROM "produit"
WHERE "affichageaccueil" = \'t\'')
 3 SYSTEMPATH\Database\BaseConnection.php(734): CodeIgniter\Database\Postgre\Connection->execute('SELECT *
FROM "produit"
WHERE "affichageaccueil" = \'t\'')
 4 SYSTEMPATH\Database\BaseConnection.php(648): CodeIgniter\Database\BaseConnection->simpleQuery('SELECT *
FROM "produit"
WHERE "affichageaccueil" = \'t\'')
 5 SYSTEMPATH\Database\BaseBuilder.php(1644): CodeIgniter\Database\BaseConnection->query('SELECT *
FROM "produit"
WHERE "affichageaccueil" = :affichageaccueil:', [...], false)
 6 SYSTEMPATH\Model.php(286): CodeIgniter\Database\BaseBuilder->get()
 7 SYSTEMPATH\BaseModel.php(676): CodeIgniter\Model->doFindAll(0, 0)
 8 APPPATH\Models\ProduitModel.php(34): CodeIgniter\BaseModel->findAll()
 9 APPPATH\Controllers\AccueilController.php(10): App\Models\ProduitModel->getProduitAffichageAcceuil()
10 SYSTEMPATH\CodeIgniter.php(933): App\Controllers\AccueilController->index()
11 SYSTEMPATH\CodeIgniter.php(509): CodeIgniter\CodeIgniter->runController(Object(App\Controllers\AccueilController))
12 SYSTEMPATH\CodeIgniter.php(355): CodeIgniter\CodeIgniter->handleRequest(null, Object(Config\Cache), false)
13 SYSTEMPATH\Boot.php(325): CodeIgniter\CodeIgniter->run()
14 SYSTEMPATH\Boot.php(67): CodeIgniter\Boot::runCodeIgniter(Object(CodeIgniter\CodeIgniter))
15 FCPATH\index.php(56): CodeIgniter\Boot::bootWeb(Object(Config\Paths))
16 SYSTEMPATH\rewrite.php(44): require_once('C:\\IUT\\TP\\s5\\SAE\\repGit\\S501-Saiyans-Coaching\\public\\index.php')
